<?xml version="1.0" ?>
<!DOCTYPE coverage SYSTEM "http://cobertura.sourceforge.net/xml/coverage-04.dtd">
<coverage lines-valid="1001"  lines-covered="683"  line-rate="0.6823"  branches-valid="305"  branches-covered="144"  branch-rate="0.4721"  timestamp="1384857572730" complexity="0" version="0.1">
<sources>
	<source>/Users/den/Projects/listboard.it</source>
</sources>
<packages>
	<package name="listboard.it"  line-rate="0.8889"  branch-rate="0.4" >
	<classes>
		<class name="config.js"  filename="config.js"  line-rate="1"  branch-rate="0.5" >
		<methods>
			<method name="(anonymous_1)"  hits="4"  signature="()V" >
				<lines><line number="73"  hits="4" /></lines>
			</method>
		</methods>
		<lines>
			<line number="1"  hits="1"  branch="true"  condition-coverage="50% (1/2)" />
			<line number="3"  hits="1"  branch="false" />
			<line number="6"  hits="1"  branch="false" />
			<line number="39"  hits="1"  branch="false" />
			<line number="73"  hits="1"  branch="false" />
			<line number="74"  hits="4"  branch="false" />
			<line number="76"  hits="4"  branch="false" />
			<line number="82"  hits="4"  branch="false" />
			<line number="85"  hits="1"  branch="false" />
		</lines>
		</class>
		<class name="logger.js"  filename="logger.js"  line-rate="0.7778"  branch-rate="0.3333" >
		<methods>
		</methods>
		<lines>
			<line number="1"  hits="1"  branch="false" />
			<line number="2"  hits="1"  branch="false" />
			<line number="4"  hits="1"  branch="false" />
			<line number="25"  hits="1"  branch="true"  condition-coverage="33.33333333333333% (1/3)" />
			<line number="28"  hits="1"  branch="false" />
			<line number="30"  hits="1"  branch="false" />
			<line number="32"  hits="0"  branch="false" />
			<line number="34"  hits="0"  branch="false" />
			<line number="40"  hits="1"  branch="false" />
		</lines>
		</class>
	</classes>
	</package>
	<package name="listboard.it.api"  line-rate="0.8484999999999999"  branch-rate="0.7975" >
	<classes>
		<class name="error.js"  filename="api/error.js"  line-rate="0.8261"  branch-rate="0.5" >
		<methods>
			<method name="(anonymous_1)"  hits="5"  signature="()V" >
				<lines><line number="30"  hits="5" /></lines>
			</method>
			<method name="(anonymous_2)"  hits="4"  signature="()V" >
				<lines><line number="31"  hits="4" /></lines>
			</method>
			<method name="(anonymous_3)"  hits="1"  signature="()V" >
				<lines><line number="45"  hits="1" /></lines>
			</method>
			<method name="(anonymous_4)"  hits="3"  signature="()V" >
				<lines><line number="52"  hits="3" /></lines>
			</method>
			<method name="(anonymous_5)"  hits="0"  signature="()V" >
				<lines><line number="58"  hits="0" /></lines>
			</method>
			<method name="(anonymous_6)"  hits="0"  signature="()V" >
				<lines><line number="60"  hits="0" /></lines>
			</method>
		</methods>
		<lines>
			<line number="1"  hits="1"  branch="false" />
			<line number="2"  hits="1"  branch="false" />
			<line number="3"  hits="1"  branch="false" />
			<line number="5"  hits="1"  branch="false" />
			<line number="28"  hits="1"  branch="false" />
			<line number="30"  hits="1"  branch="false" />
			<line number="31"  hits="5"  branch="false" />
			<line number="32"  hits="4"  branch="true"  condition-coverage="100% (2/2)" />
			<line number="33"  hits="4"  branch="false" />
			<line number="36"  hits="5"  branch="false" />
			<line number="38"  hits="5"  branch="false" />
			<line number="40"  hits="5"  branch="false" />
			<line number="43"  hits="1"  branch="false" />
			<line number="45"  hits="1"  branch="false" />
			<line number="46"  hits="1"  branch="false" />
			<line number="52"  hits="1"  branch="false" />
			<line number="53"  hits="3"  branch="false" />
			<line number="56"  hits="1"  branch="false" />
			<line number="58"  hits="1"  branch="false" />
			<line number="59"  hits="0"  branch="true"  condition-coverage="0% (0/2)" />
			<line number="60"  hits="0"  branch="false" />
			<line number="61"  hits="0"  branch="false" />
			<line number="62"  hits="0"  branch="false" />
		</lines>
		</class>
		<class name="express.js"  filename="api/express.js"  line-rate="1"  branch-rate="1" >
		<methods>
			<method name="(anonymous_1)"  hits="61"  signature="()V" >
				<lines><line number="16"  hits="61" /></lines>
			</method>
		</methods>
		<lines>
			<line number="1"  hits="1"  branch="false" />
			<line number="2"  hits="1"  branch="false" />
			<line number="4"  hits="1"  branch="false" />
			<line number="6"  hits="1"  branch="false" />
			<line number="8"  hits="1"  branch="false" />
			<line number="9"  hits="1"  branch="false" />
			<line number="10"  hits="1"  branch="false" />
			<line number="12"  hits="1"  branch="false" />
			<line number="15"  hits="1"  branch="false" />
			<line number="17"  hits="61"  branch="false" />
			<line number="21"  hits="1"  branch="false" />
		</lines>
		</class>
		<class name="oauth2.js"  filename="api/oauth2.js"  line-rate="0.825"  branch-rate="0.8169" >
		<methods>
			<method name="(anonymous_1)"  hits="32"  signature="()V" >
				<lines><line number="26"  hits="32" /></lines>
			</method>
			<method name="(anonymous_2)"  hits="10"  signature="()V" >
				<lines><line number="33"  hits="10" /></lines>
			</method>
			<method name="(anonymous_3)"  hits="10"  signature="()V" >
				<lines><line number="37"  hits="10" /></lines>
			</method>
			<method name="(anonymous_4)"  hits="76"  signature="()V" >
				<lines><line number="48"  hits="76" /></lines>
			</method>
			<method name="(anonymous_5)"  hits="15"  signature="()V" >
				<lines><line number="52"  hits="15" /></lines>
			</method>
			<method name="(anonymous_6)"  hits="4"  signature="()V" >
				<lines><line number="57"  hits="4" /></lines>
			</method>
			<method name="(anonymous_7)"  hits="63"  signature="()V" >
				<lines><line number="58"  hits="63" /></lines>
			</method>
			<method name="(anonymous_8)"  hits="14"  signature="()V" >
				<lines><line number="67"  hits="14" /></lines>
			</method>
			<method name="(anonymous_9)"  hits="4"  signature="()V" >
				<lines><line number="78"  hits="4" /></lines>
			</method>
			<method name="(anonymous_10)"  hits="1"  signature="()V" >
				<lines><line number="82"  hits="1" /></lines>
			</method>
			<method name="(anonymous_11)"  hits="1"  signature="()V" >
				<lines><line number="84"  hits="1" /></lines>
			</method>
			<method name="(anonymous_12)"  hits="19"  signature="()V" >
				<lines><line number="85"  hits="19" /></lines>
			</method>
			<method name="(anonymous_13)"  hits="63"  signature="()V" >
				<lines><line number="86"  hits="63" /></lines>
			</method>
			<method name="(anonymous_14)"  hits="14"  signature="()V" >
				<lines><line number="96"  hits="14" /></lines>
			</method>
			<method name="(anonymous_15)"  hits="0"  signature="()V" >
				<lines><line number="113"  hits="0" /></lines>
			</method>
			<method name="(anonymous_16)"  hits="11"  signature="()V" >
				<lines><line number="121"  hits="11" /></lines>
			</method>
			<method name="(anonymous_17)"  hits="9"  signature="()V" >
				<lines><line number="133"  hits="9" /></lines>
			</method>
			<method name="(anonymous_18)"  hits="7"  signature="()V" >
				<lines><line number="136"  hits="7" /></lines>
			</method>
			<method name="(anonymous_19)"  hits="7"  signature="()V" >
				<lines><line number="139"  hits="7" /></lines>
			</method>
			<method name="(anonymous_20)"  hits="0"  signature="()V" >
				<lines><line number="146"  hits="0" /></lines>
			</method>
			<method name="(anonymous_21)"  hits="6"  signature="()V" >
				<lines><line number="155"  hits="6" /></lines>
			</method>
			<method name="(anonymous_22)"  hits="6"  signature="()V" >
				<lines><line number="157"  hits="6" /></lines>
			</method>
			<method name="(anonymous_23)"  hits="0"  signature="()V" >
				<lines><line number="167"  hits="0" /></lines>
			</method>
			<method name="(anonymous_24)"  hits="4"  signature="()V" >
				<lines><line number="172"  hits="4" /></lines>
			</method>
			<method name="(anonymous_25)"  hits="3"  signature="()V" >
				<lines><line number="178"  hits="3" /></lines>
			</method>
			<method name="(anonymous_26)"  hits="3"  signature="()V" >
				<lines><line number="180"  hits="3" /></lines>
			</method>
			<method name="(anonymous_27)"  hits="1"  signature="()V" >
				<lines><line number="193"  hits="1" /></lines>
			</method>
			<method name="(anonymous_28)"  hits="1"  signature="()V" >
				<lines><line number="195"  hits="1" /></lines>
			</method>
			<method name="(anonymous_29)"  hits="0"  signature="()V" >
				<lines><line number="205"  hits="0" /></lines>
			</method>
			<method name="(anonymous_30)"  hits="0"  signature="()V" >
				<lines><line number="208"  hits="0" /></lines>
			</method>
			<method name="(anonymous_31)"  hits="0"  signature="()V" >
				<lines><line number="213"  hits="0" /></lines>
			</method>
			<method name="(anonymous_32)"  hits="0"  signature="()V" >
				<lines><line number="216"  hits="0" /></lines>
			</method>
			<method name="(anonymous_33)"  hits="1"  signature="()V" >
				<lines><line number="230"  hits="1" /></lines>
			</method>
			<method name="(anonymous_34)"  hits="1"  signature="()V" >
				<lines><line number="237"  hits="1" /></lines>
			</method>
			<method name="(anonymous_35)"  hits="1"  signature="()V" >
				<lines><line number="239"  hits="1" /></lines>
			</method>
			<method name="(anonymous_36)"  hits="1"  signature="()V" >
				<lines><line number="241"  hits="1" /></lines>
			</method>
			<method name="(anonymous_37)"  hits="0"  signature="()V" >
				<lines><line number="245"  hits="0" /></lines>
			</method>
			<method name="(anonymous_38)"  hits="0"  signature="()V" >
				<lines><line number="248"  hits="0" /></lines>
			</method>
			<method name="(anonymous_39)"  hits="4"  signature="()V" >
				<lines><line number="253"  hits="4" /></lines>
			</method>
			<method name="(anonymous_40)"  hits="3"  signature="()V" >
				<lines><line number="266"  hits="3" /></lines>
			</method>
			<method name="(anonymous_41)"  hits="1"  signature="()V" >
				<lines><line number="271"  hits="1" /></lines>
			</method>
			<method name="(anonymous_42)"  hits="1"  signature="()V" >
				<lines><line number="276"  hits="1" /></lines>
			</method>
			<method name="(anonymous_43)"  hits="0"  signature="()V" >
				<lines><line number="286"  hits="0" /></lines>
			</method>
			<method name="(anonymous_44)"  hits="0"  signature="()V" >
				<lines><line number="294"  hits="0" /></lines>
			</method>
			<method name="(anonymous_45)"  hits="0"  signature="()V" >
				<lines><line number="300"  hits="0" /></lines>
			</method>
			<method name="(anonymous_46)"  hits="0"  signature="()V" >
				<lines><line number="310"  hits="0" /></lines>
			</method>
		</methods>
		<lines>
			<line number="1"  hits="1"  branch="false" />
			<line number="5"  hits="1"  branch="false" />
			<line number="9"  hits="1"  branch="false" />
			<line number="14"  hits="1"  branch="false" />
			<line number="17"  hits="1"  branch="false" />
			<line number="19"  hits="1"  branch="false" />
			<line number="24"  hits="1"  branch="false" />
			<line number="26"  hits="1"  branch="false" />
			<line number="27"  hits="32"  branch="true"  condition-coverage="100% (2/2)" />
			<line number="28"  hits="2"  branch="false" />
			<line number="30"  hits="30"  branch="false" />
			<line number="33"  hits="1"  branch="false" />
			<line number="34"  hits="10"  branch="true"  condition-coverage="50% (1/2)" />
			<line number="36"  hits="10"  branch="false" />
			<line number="38"  hits="10"  branch="true"  condition-coverage="50% (1/2)" />
			<line number="39"  hits="10"  branch="false" />
			<line number="40"  hits="10"  branch="false" />
			<line number="42"  hits="0"  branch="false" />
			<line number="48"  hits="1"  branch="false" />
			<line number="49"  hits="76"  branch="true"  condition-coverage="100% (3/3)" />
			<line number="52"  hits="1"  branch="false" />
			<line number="53"  hits="15"  branch="false" />
			<line number="57"  hits="1"  branch="false" />
			<line number="58"  hits="4"  branch="false" />
			<line number="59"  hits="63"  branch="false" />
			<line number="60"  hits="63"  branch="true"  condition-coverage="100% (2/2)" />
			<line number="61"  hits="79"  branch="true"  condition-coverage="100% (2/2)" />
			<line number="63"  hits="63"  branch="false" />
			<line number="67"  hits="1"  branch="false" />
			<line number="68"  hits="14"  branch="true"  condition-coverage="50% (1/2)" />
			<line number="71"  hits="1"  branch="false" />
			<line number="78"  hits="1"  branch="false" />
			<line number="79"  hits="4"  branch="false" />
			<line number="82"  hits="1"  branch="false" />
			<line number="84"  hits="1"  branch="false" />
			<line number="85"  hits="1"  branch="false" />
			<line number="86"  hits="19"  branch="false" />
			<line number="87"  hits="63"  branch="false" />
			<line number="90"  hits="19"  branch="true"  condition-coverage="100% (2/2)" />
			<line number="91"  hits="5"  branch="false" />
			<line number="95"  hits="14"  branch="false" />
			<line number="97"  hits="14"  branch="true"  condition-coverage="100% (4/4)" />
			<line number="99"  hits="13"  branch="false" />
			<line number="105"  hits="13"  branch="false" />
			<line number="108"  hits="1"  branch="false" />
			<line number="114"  hits="0"  branch="false" />
			<line number="121"  hits="1"  branch="false" />
			<line number="122"  hits="11"  branch="true"  condition-coverage="50% (1/2)" />
			<line number="123"  hits="0"  branch="false" />
			<line number="127"  hits="11"  branch="false" />
			<line number="133"  hits="1"  branch="false" />
			<line number="134"  hits="9"  branch="true"  condition-coverage="100% (6/6)" />
			<line number="135"  hits="7"  branch="false" />
			<line number="137"  hits="7"  branch="true"  condition-coverage="50% (1/2)" />
			<line number="139"  hits="7"  branch="false" />
			<line number="140"  hits="7"  branch="true"  condition-coverage="50% (1/2)" />
			<line number="142"  hits="7"  branch="false" />
			<line number="143"  hits="7"  branch="false" />
			<line number="147"  hits="0"  branch="false" />
			<line number="150"  hits="2"  branch="false" />
			<line number="155"  hits="1"  branch="false" />
			<line number="156"  hits="6"  branch="false" />
			<line number="158"  hits="6"  branch="true"  condition-coverage="50% (1/2)" />
			<line number="159"  hits="6"  branch="false" />
			<line number="164"  hits="0"  branch="false" />
			<line number="168"  hits="0"  branch="false" />
			<line number="172"  hits="1"  branch="false" />
			<line number="173"  hits="4"  branch="true"  condition-coverage="75% (3/4)" />
			<line number="175"  hits="4"  branch="true"  condition-coverage="100% (2/2)" />
			<line number="177"  hits="3"  branch="false" />
			<line number="179"  hits="3"  branch="false" />
			<line number="181"  hits="3"  branch="true"  condition-coverage="100% (5/5)" />
			<line number="182"  hits="2"  branch="false" />
			<line number="185"  hits="2"  branch="true"  condition-coverage="50% (1/2)" />
			<line number="186"  hits="2"  branch="false" />
			<line number="188"  hits="2"  branch="false" />
			<line number="190"  hits="2"  branch="false" />
			<line number="192"  hits="1"  branch="false" />
			<line number="194"  hits="1"  branch="false" />
			<line number="196"  hits="1"  branch="false" />
			<line number="199"  hits="1"  branch="true"  condition-coverage="50% (1/2)" />
			<line number="200"  hits="1"  branch="false" />
			<line number="203"  hits="1"  branch="false" />
			<line number="204"  hits="1"  branch="false" />
			<line number="206"  hits="0"  branch="false" />
			<line number="209"  hits="0"  branch="false" />
			<line number="214"  hits="0"  branch="false" />
			<line number="217"  hits="0"  branch="false" />
			<line number="219"  hits="1"  branch="true"  condition-coverage="50% (1/2)" />
			<line number="220"  hits="1"  branch="false" />
			<line number="222"  hits="0"  branch="false" />
			<line number="225"  hits="0"  branch="false" />
			<line number="230"  hits="1"  branch="false" />
			<line number="231"  hits="1"  branch="false" />
			<line number="237"  hits="1"  branch="false" />
			<line number="238"  hits="1"  branch="false" />
			<line number="240"  hits="1"  branch="false" />
			<line number="242"  hits="1"  branch="false" />
			<line number="244"  hits="1"  branch="false" />
			<line number="246"  hits="0"  branch="false" />
			<line number="249"  hits="0"  branch="false" />
			<line number="253"  hits="1"  branch="false" />
			<line number="255"  hits="4"  branch="true"  condition-coverage="100% (9/9)" />
			<line number="265"  hits="3"  branch="false" />
			<line number="268"  hits="3"  branch="true"  condition-coverage="100% (4/4)" />
			<line number="270"  hits="1"  branch="false" />
			<line number="273"  hits="1"  branch="true"  condition-coverage="75% (3/4)" />
			<line number="275"  hits="1"  branch="false" />
			<line number="277"  hits="1"  branch="true"  condition-coverage="50% (1/2)" />
			<line number="279"  hits="0"  branch="false" />
			<line number="280"  hits="0"  branch="false" />
			<line number="283"  hits="1"  branch="false" />
			<line number="287"  hits="0"  branch="false" />
			<line number="291"  hits="0"  branch="false" />
			<line number="295"  hits="0"  branch="false" />
			<line number="298"  hits="2"  branch="false" />
			<line number="301"  hits="0"  branch="false" />
			<line number="305"  hits="1"  branch="false" />
			<line number="310"  hits="1"  branch="false" />
			<line number="311"  hits="0"  branch="false" />
		</lines>
		</class>
		<class name="util.js"  filename="api/util.js"  line-rate="1"  branch-rate="0.75" >
		<methods>
			<method name="(anonymous_1)"  hits="4"  signature="()V" >
				<lines><line number="4"  hits="4" /></lines>
			</method>
			<method name="(anonymous_2)"  hits="8"  signature="()V" >
				<lines><line number="5"  hits="8" /></lines>
			</method>
			<method name="(anonymous_3)"  hits="8"  signature="()V" >
				<lines><line number="11"  hits="8" /></lines>
			</method>
		</methods>
		<lines>
			<line number="1"  hits="1"  branch="false" />
			<line number="4"  hits="1"  branch="false" />
			<line number="5"  hits="4"  branch="false" />
			<line number="6"  hits="8"  branch="false" />
			<line number="8"  hits="4"  branch="false" />
			<line number="11"  hits="1"  branch="false" />
			<line number="12"  hits="8"  branch="false" />
			<line number="13"  hits="8"  branch="false" />
			<line number="14"  hits="8"  branch="false" />
			<line number="15"  hits="8"  branch="true"  condition-coverage="100% (2/2)" />
			<line number="19"  hits="1"  branch="false" />
		</lines>
		</class>
	</classes>
	</package>
	<package name="listboard.it.app"  line-rate="0.6291"  branch-rate="0.1807" >
	<classes>
		<class name="connect-mincer.js"  filename="app/connect-mincer.js"  line-rate="0.4568"  branch-rate="0.1429" >
		<methods>
			<method name="(anonymous_1)"  hits="2"  signature="()V" >
				<lines><line number="7"  hits="2" /></lines>
			</method>
			<method name="(anonymous_2)"  hits="0"  signature="()V" >
				<lines><line number="11"  hits="0" /></lines>
			</method>
			<method name="(anonymous_3)"  hits="0"  signature="()V" >
				<lines><line number="15"  hits="0" /></lines>
			</method>
			<method name="(anonymous_4)"  hits="0"  signature="()V" >
				<lines><line number="17"  hits="0" /></lines>
			</method>
			<method name="(anonymous_5)"  hits="1"  signature="()V" >
				<lines><line number="25"  hits="1" /></lines>
			</method>
			<method name="(anonymous_6)"  hits="1"  signature="()V" >
				<lines><line number="39"  hits="1" /></lines>
			</method>
			<method name="(anonymous_7)"  hits="0"  signature="()V" >
				<lines><line number="46"  hits="0" /></lines>
			</method>
			<method name="(anonymous_8)"  hits="1"  signature="()V" >
				<lines><line number="66"  hits="1" /></lines>
			</method>
			<method name="(anonymous_9)"  hits="0"  signature="()V" >
				<lines><line number="69"  hits="0" /></lines>
			</method>
			<method name="(anonymous_10)"  hits="0"  signature="()V" >
				<lines><line number="76"  hits="0" /></lines>
			</method>
			<method name="(anonymous_11)"  hits="0"  signature="()V" >
				<lines><line number="93"  hits="0" /></lines>
			</method>
			<method name="(anonymous_12)"  hits="1"  signature="()V" >
				<lines><line number="100"  hits="1" /></lines>
			</method>
			<method name="(anonymous_13)"  hits="47"  signature="()V" >
				<lines><line number="102"  hits="47" /></lines>
			</method>
			<method name="(anonymous_14)"  hits="0"  signature="()V" >
				<lines><line number="108"  hits="0" /></lines>
			</method>
			<method name="(anonymous_15)"  hits="0"  signature="()V" >
				<lines><line number="117"  hits="0" /></lines>
			</method>
			<method name="(anonymous_16)"  hits="0"  signature="()V" >
				<lines><line number="124"  hits="0" /></lines>
			</method>
			<method name="(anonymous_17)"  hits="0"  signature="()V" >
				<lines><line number="129"  hits="0" /></lines>
			</method>
			<method name="(anonymous_18)"  hits="0"  signature="()V" >
				<lines><line number="136"  hits="0" /></lines>
			</method>
			<method name="(anonymous_19)"  hits="0"  signature="()V" >
				<lines><line number="141"  hits="0" /></lines>
			</method>
			<method name="(anonymous_20)"  hits="0"  signature="()V" >
				<lines><line number="146"  hits="0" /></lines>
			</method>
			<method name="(anonymous_21)"  hits="1"  signature="()V" >
				<lines><line number="151"  hits="1" /></lines>
			</method>
		</methods>
		<lines>
			<line number="2"  hits="1"  branch="false" />
			<line number="7"  hits="1"  branch="false" />
			<line number="8"  hits="2"  branch="true"  condition-coverage="50% (1/2)" />
			<line number="11"  hits="1"  branch="false" />
			<line number="12"  hits="0"  branch="true"  condition-coverage="0% (0/4)" />
			<line number="15"  hits="1"  branch="false" />
			<line number="16"  hits="0"  branch="false" />
			<line number="17"  hits="0"  branch="false" />
			<line number="18"  hits="0"  branch="false" />
			<line number="21"  hits="0"  branch="true"  condition-coverage="0% (0/4)" />
			<line number="22"  hits="0"  branch="false" />
			<line number="25"  hits="1"  branch="false" />
			<line number="26"  hits="1"  branch="true"  condition-coverage="50% (1/2)" />
			<line number="27"  hits="1"  branch="false" />
			<line number="28"  hits="1"  branch="false" />
			<line number="30"  hits="1"  branch="false" />
			<line number="33"  hits="1"  branch="true"  condition-coverage="50% (1/2)" />
			<line number="34"  hits="1"  branch="false" />
			<line number="36"  hits="1"  branch="false" />
			<line number="38"  hits="1"  branch="false" />
			<line number="39"  hits="1"  branch="false" />
			<line number="40"  hits="1"  branch="false" />
			<line number="43"  hits="1"  branch="true"  condition-coverage="50% (1/2)" />
			<line number="44"  hits="0"  branch="false" />
			<line number="46"  hits="1"  branch="false" />
			<line number="47"  hits="0"  branch="false" />
			<line number="49"  hits="0"  branch="true"  condition-coverage="0% (0/2)" />
			<line number="50"  hits="0"  branch="false" />
			<line number="52"  hits="0"  branch="false" />
			<line number="55"  hits="1"  branch="true"  condition-coverage="50% (1/2)" />
			<line number="56"  hits="0"  branch="false" />
			<line number="57"  hits="0"  branch="false" />
			<line number="60"  hits="0"  branch="false" />
			<line number="62"  hits="0"  branch="false" />
			<line number="66"  hits="1"  branch="false" />
			<line number="67"  hits="1"  branch="true"  condition-coverage="50% (1/2)" />
			<line number="68"  hits="0"  branch="false" />
			<line number="69"  hits="0"  branch="false" />
			<line number="70"  hits="0"  branch="true"  condition-coverage="0% (0/2)" />
			<line number="71"  hits="0"  branch="false" />
			<line number="76"  hits="1"  branch="false" />
			<line number="77"  hits="0"  branch="false" />
			<line number="78"  hits="0"  branch="false" />
			<line number="80"  hits="0"  branch="true"  condition-coverage="0% (0/2)" />
			<line number="84"  hits="0"  branch="true"  condition-coverage="0% (0/2)" />
			<line number="85"  hits="0"  branch="true"  condition-coverage="0% (0/2)" />
			<line number="86"  hits="0"  branch="false" />
			<line number="87"  hits="0"  branch="false" />
			<line number="91"  hits="0"  branch="false" />
			<line number="93"  hits="0"  branch="true"  condition-coverage="0% (0/2)" />
			<line number="94"  hits="0"  branch="false" />
			<line number="95"  hits="0"  branch="false" />
			<line number="96"  hits="0"  branch="false" />
			<line number="100"  hits="1"  branch="false" />
			<line number="101"  hits="1"  branch="false" />
			<line number="102"  hits="1"  branch="false" />
			<line number="103"  hits="47"  branch="true"  condition-coverage="50% (1/2)" />
			<line number="104"  hits="47"  branch="false" />
			<line number="105"  hits="47"  branch="false" />
			<line number="106"  hits="47"  branch="false" />
			<line number="108"  hits="47"  branch="false" />
			<line number="109"  hits="0"  branch="false" />
			<line number="113"  hits="47"  branch="false" />
			<line number="117"  hits="1"  branch="false" />
			<line number="118"  hits="0"  branch="false" />
			<line number="120"  hits="0"  branch="true"  condition-coverage="0% (0/2)" />
			<line number="124"  hits="0"  branch="true"  condition-coverage="0% (0/3)" />
			<line number="125"  hits="0"  branch="false" />
			<line number="129"  hits="1"  branch="false" />
			<line number="130"  hits="0"  branch="false" />
			<line number="132"  hits="0"  branch="true"  condition-coverage="0% (0/2)" />
			<line number="136"  hits="0"  branch="true"  condition-coverage="0% (0/3)" />
			<line number="137"  hits="0"  branch="false" />
			<line number="141"  hits="1"  branch="false" />
			<line number="142"  hits="0"  branch="false" />
			<line number="144"  hits="0"  branch="true"  condition-coverage="0% (0/2)" />
			<line number="146"  hits="0"  branch="true"  condition-coverage="0% (0/3)" />
			<line number="147"  hits="0"  branch="false" />
			<line number="151"  hits="1"  branch="false" />
			<line number="152"  hits="1"  branch="false" />
			<line number="155"  hits="1"  branch="false" />
		</lines>
		</class>
		<class name="errors.js"  filename="app/errors.js"  line-rate="0.8332999999999999"  branch-rate="1" >
		<methods>
			<method name="(anonymous_1)"  hits="5"  signature="()V" >
				<lines><line number="11"  hits="5" /></lines>
			</method>
			<method name="(anonymous_2)"  hits="5"  signature="()V" >
				<lines><line number="16"  hits="5" /></lines>
			</method>
			<method name="(anonymous_3)"  hits="13"  signature="()V" >
				<lines><line number="17"  hits="13" /></lines>
			</method>
			<method name="(anonymous_4)"  hits="5"  signature="()V" >
				<lines><line number="23"  hits="5" /></lines>
			</method>
			<method name="(anonymous_5)"  hits="11"  signature="()V" >
				<lines><line number="24"  hits="11" /></lines>
			</method>
			<method name="(anonymous_6)"  hits="0"  signature="()V" >
				<lines><line number="25"  hits="0" /></lines>
			</method>
		</methods>
		<lines>
			<line number="1"  hits="1"  branch="false" />
			<line number="3"  hits="1"  branch="false" />
			<line number="11"  hits="1"  branch="false" />
			<line number="12"  hits="5"  branch="false" />
			<line number="16"  hits="1"  branch="false" />
			<line number="17"  hits="5"  branch="false" />
			<line number="18"  hits="13"  branch="false" />
			<line number="23"  hits="1"  branch="false" />
			<line number="24"  hits="5"  branch="false" />
			<line number="25"  hits="11"  branch="false" />
			<line number="26"  hits="0"  branch="false" />
			<line number="27"  hits="0"  branch="false" />
		</lines>
		</class>
		<class name="express.js"  filename="app/express.js"  line-rate="0.8409"  branch-rate="1" >
		<methods>
			<method name="(anonymous_1)"  hits="1"  signature="()V" >
				<lines><line number="8"  hits="1" /></lines>
			</method>
			<method name="(anonymous_2)"  hits="47"  signature="()V" >
				<lines><line number="22"  hits="47" /></lines>
			</method>
			<method name="(anonymous_3)"  hits="47"  signature="()V" >
				<lines><line number="61"  hits="47" /></lines>
			</method>
			<method name="(anonymous_4)"  hits="0"  signature="()V" >
				<lines><line number="84"  hits="0" /></lines>
			</method>
			<method name="(anonymous_5)"  hits="0"  signature="()V" >
				<lines><line number="89"  hits="0" /></lines>
			</method>
			<method name="(anonymous_6)"  hits="0"  signature="()V" >
				<lines><line number="93"  hits="0" /></lines>
			</method>
			<method name="(anonymous_7)"  hits="0"  signature="()V" >
				<lines><line number="102"  hits="0" /></lines>
			</method>
			<method name="(anonymous_8)"  hits="0"  signature="()V" >
				<lines><line number="105"  hits="0" /></lines>
			</method>
			<method name="(anonymous_9)"  hits="0"  signature="()V" >
				<lines><line number="109"  hits="0" /></lines>
			</method>
		</methods>
		<lines>
			<line number="1"  hits="1"  branch="false" />
			<line number="5"  hits="1"  branch="false" />
			<line number="8"  hits="1"  branch="false" />
			<line number="11"  hits="1"  branch="false" />
			<line number="12"  hits="1"  branch="false" />
			<line number="13"  hits="1"  branch="false" />
			<line number="15"  hits="1"  branch="false" />
			<line number="16"  hits="1"  branch="false" />
			<line number="17"  hits="1"  branch="false" />
			<line number="18"  hits="1"  branch="false" />
			<line number="19"  hits="1"  branch="false" />
			<line number="22"  hits="1"  branch="false" />
			<line number="23"  hits="47"  branch="false" />
			<line number="24"  hits="47"  branch="false" />
			<line number="26"  hits="47"  branch="false" />
			<line number="31"  hits="1"  branch="false" />
			<line number="32"  hits="1"  branch="false" />
			<line number="37"  hits="1"  branch="false" />
			<line number="38"  hits="1"  branch="false" />
			<line number="41"  hits="1"  branch="false" />
			<line number="44"  hits="1"  branch="false" />
			<line number="50"  hits="1"  branch="false" />
			<line number="51"  hits="1"  branch="false" />
			<line number="54"  hits="1"  branch="false" />
			<line number="56"  hits="1"  branch="false" />
			<line number="58"  hits="1"  branch="false" />
			<line number="60"  hits="1"  branch="false" />
			<line number="62"  hits="47"  branch="false" />
			<line number="68"  hits="1"  branch="false" />
			<line number="69"  hits="1"  branch="false" />
			<line number="72"  hits="1"  branch="false" />
			<line number="75"  hits="1"  branch="false" />
			<line number="78"  hits="1"  branch="false" />
			<line number="81"  hits="1"  branch="false" />
			<line number="84"  hits="1"  branch="false" />
			<line number="86"  hits="0"  branch="false" />
			<line number="88"  hits="0"  branch="false" />
			<line number="90"  hits="0"  branch="false" />
			<line number="94"  hits="0"  branch="false" />
			<line number="102"  hits="1"  branch="false" />
			<line number="103"  hits="0"  branch="false" />
			<line number="106"  hits="0"  branch="false" />
			<line number="110"  hits="0"  branch="false" />
			<line number="116"  hits="1"  branch="false" />
		</lines>
		</class>
		<class name="passport.js"  filename="app/passport.js"  line-rate="0.5714"  branch-rate="0" >
		<methods>
			<method name="(anonymous_1)"  hits="1"  signature="()V" >
				<lines><line number="7"  hits="1" /></lines>
			</method>
			<method name="(anonymous_2)"  hits="17"  signature="()V" >
				<lines><line number="10"  hits="17" /></lines>
			</method>
			<method name="(anonymous_3)"  hits="24"  signature="()V" >
				<lines><line number="14"  hits="24" /></lines>
			</method>
			<method name="(anonymous_4)"  hits="0"  signature="()V" >
				<lines><line number="25"  hits="0" /></lines>
			</method>
			<method name="(anonymous_5)"  hits="0"  signature="()V" >
				<lines><line number="27"  hits="0" /></lines>
			</method>
			<method name="(anonymous_6)"  hits="0"  signature="()V" >
				<lines><line number="30"  hits="0" /></lines>
			</method>
		</methods>
		<lines>
			<line number="1"  hits="1"  branch="false" />
			<line number="5"  hits="1"  branch="false" />
			<line number="7"  hits="1"  branch="false" />
			<line number="10"  hits="1"  branch="false" />
			<line number="11"  hits="17"  branch="false" />
			<line number="14"  hits="1"  branch="false" />
			<line number="15"  hits="24"  branch="false" />
			<line number="21"  hits="1"  branch="false" />
			<line number="26"  hits="0"  branch="false" />
			<line number="28"  hits="0"  branch="true"  condition-coverage="0% (0/2)" />
			<line number="30"  hits="0"  branch="false" />
			<line number="31"  hits="0"  branch="true"  condition-coverage="0% (0/2)" />
			<line number="33"  hits="0"  branch="true"  condition-coverage="0% (0/2)" />
			<line number="34"  hits="0"  branch="false" />
		</lines>
		</class>
		<class name="responses.js"  filename="app/responses.js"  line-rate="1"  branch-rate="1" >
		<methods>
			<method name="(anonymous_1)"  hits="11"  signature="()V" >
				<lines><line number="2"  hits="11" /></lines>
			</method>
			<method name="(anonymous_2)"  hits="11"  signature="()V" >
				<lines><line number="3"  hits="11" /></lines>
			</method>
		</methods>
		<lines>
			<line number="2"  hits="1"  branch="false" />
			<line number="3"  hits="11"  branch="false" />
			<line number="4"  hits="11"  branch="false" />
		</lines>
		</class>
		<class name="routes.js"  filename="app/routes.js"  line-rate="0.8889"  branch-rate="0.5" >
		<methods>
			<method name="(anonymous_1)"  hits="0"  signature="()V" >
				<lines><line number="7"  hits="0" /></lines>
			</method>
			<method name="(anonymous_2)"  hits="1"  signature="()V" >
				<lines><line number="16"  hits="1" /></lines>
			</method>
		</methods>
		<lines>
			<line number="1"  hits="1"  branch="false" />
			<line number="2"  hits="1"  branch="false" />
			<line number="5"  hits="1"  branch="false" />
			<line number="6"  hits="1"  branch="true"  condition-coverage="50% (1/2)" />
			<line number="7"  hits="0"  branch="false" />
			<line number="8"  hits="0"  branch="false" />
			<line number="9"  hits="0"  branch="false" />
			<line number="11"  hits="0"  branch="false" />
			<line number="12"  hits="0"  branch="false" />
			<line number="16"  hits="1"  branch="false" />
			<line number="19"  hits="1"  branch="false" />
			<line number="20"  hits="1"  branch="false" />
			<line number="23"  hits="1"  branch="false" />
			<line number="24"  hits="1"  branch="false" />
			<line number="25"  hits="1"  branch="false" />
			<line number="26"  hits="1"  branch="false" />
			<line number="27"  hits="1"  branch="false" />
			<line number="28"  hits="1"  branch="false" />
			<line number="30"  hits="1"  branch="false" />
			<line number="33"  hits="1"  branch="false" />
			<line number="34"  hits="1"  branch="false" />
			<line number="37"  hits="1"  branch="false" />
			<line number="40"  hits="1"  branch="false" />
			<line number="41"  hits="1"  branch="false" />
			<line number="42"  hits="1"  branch="false" />
			<line number="43"  hits="1"  branch="false" />
			<line number="46"  hits="1"  branch="false" />
			<line number="47"  hits="1"  branch="false" />
			<line number="48"  hits="1"  branch="false" />
			<line number="50"  hits="1"  branch="false" />
			<line number="53"  hits="1"  branch="false" />
			<line number="54"  hits="1"  branch="false" />
			<line number="55"  hits="1"  branch="false" />
			<line number="56"  hits="1"  branch="false" />
			<line number="59"  hits="1"  branch="false" />
			<line number="60"  hits="1"  branch="false" />
			<line number="61"  hits="1"  branch="false" />
			<line number="62"  hits="1"  branch="false" />
			<line number="64"  hits="1"  branch="false" />
			<line number="67"  hits="1"  branch="false" />
			<line number="68"  hits="1"  branch="false" />
			<line number="70"  hits="1"  branch="false" />
			<line number="71"  hits="1"  branch="false" />
			<line number="72"  hits="1"  branch="false" />
			<line number="74"  hits="1"  branch="false" />
		</lines>
		</class>
		<class name="server.js"  filename="app/server.js"  line-rate="1"  branch-rate="1" >
		<methods>
			<method name="(anonymous_1)"  hits="10"  signature="()V" >
				<lines><line number="22"  hits="10" /></lines>
			</method>
		</methods>
		<lines>
			<line number="1"  hits="1"  branch="false" />
			<line number="3"  hits="1"  branch="false" />
			<line number="4"  hits="1"  branch="false" />
			<line number="6"  hits="1"  branch="false" />
			<line number="12"  hits="1"  branch="false" />
			<line number="16"  hits="1"  branch="false" />
			<line number="19"  hits="1"  branch="false" />
			<line number="21"  hits="1"  branch="false" />
			<line number="22"  hits="1"  branch="false" />
			<line number="23"  hits="10"  branch="false" />
			<line number="27"  hits="1"  branch="false" />
			<line number="29"  hits="1"  branch="false" />
			<line number="32"  hits="1"  branch="false" />
			<line number="35"  hits="1"  branch="false" />
			<line number="37"  hits="1"  branch="false" />
		</lines>
		</class>
		<class name="socket.io.js"  filename="app/socket.io.js"  line-rate="0.377"  branch-rate="0.2692" >
		<methods>
			<method name="(anonymous_1)"  hits="1"  signature="()V" >
				<lines><line number="9"  hits="1" /></lines>
			</method>
			<method name="(anonymous_2)"  hits="0"  signature="()V" >
				<lines><line number="11"  hits="0" /></lines>
			</method>
			<method name="(anonymous_3)"  hits="0"  signature="()V" >
				<lines><line number="19"  hits="0" /></lines>
			</method>
			<method name="(anonymous_4)"  hits="1"  signature="()V" >
				<lines><line number="26"  hits="1" /></lines>
			</method>
			<method name="(anonymous_5)"  hits="0"  signature="()V" >
				<lines><line number="44"  hits="0" /></lines>
			</method>
			<method name="(anonymous_6)"  hits="0"  signature="()V" >
				<lines><line number="53"  hits="0" /></lines>
			</method>
			<method name="(anonymous_7)"  hits="0"  signature="()V" >
				<lines><line number="73"  hits="0" /></lines>
			</method>
			<method name="(anonymous_8)"  hits="24"  signature="()V" >
				<lines><line number="85"  hits="24" /></lines>
			</method>
			<method name="(anonymous_9)"  hits="0"  signature="()V" >
				<lines><line number="88"  hits="0" /></lines>
			</method>
			<method name="(anonymous_10)"  hits="0"  signature="()V" >
				<lines><line number="91"  hits="0" /></lines>
			</method>
			<method name="(anonymous_11)"  hits="1"  signature="()V" >
				<lines><line number="98"  hits="1" /></lines>
			</method>
			<method name="(anonymous_12)"  hits="0"  signature="()V" >
				<lines><line number="105"  hits="0" /></lines>
			</method>
			<method name="(anonymous_13)"  hits="0"  signature="()V" >
				<lines><line number="108"  hits="0" /></lines>
			</method>
			<method name="(anonymous_14)"  hits="0"  signature="()V" >
				<lines><line number="114"  hits="0" /></lines>
			</method>
			<method name="(anonymous_15)"  hits="0"  signature="()V" >
				<lines><line number="116"  hits="0" /></lines>
			</method>
			<method name="(anonymous_16)"  hits="0"  signature="()V" >
				<lines><line number="120"  hits="0" /></lines>
			</method>
			<method name="(anonymous_17)"  hits="1"  signature="()V" >
				<lines><line number="125"  hits="1" /></lines>
			</method>
			<method name="(anonymous_18)"  hits="47"  signature="()V" >
				<lines><line number="127"  hits="47" /></lines>
			</method>
			<method name="(anonymous_19)"  hits="0"  signature="()V" >
				<lines><line number="130"  hits="0" /></lines>
			</method>
		</methods>
		<lines>
			<line number="1"  hits="1"  branch="false" />
			<line number="7"  hits="1"  branch="false" />
			<line number="9"  hits="1"  branch="false" />
			<line number="11"  hits="1"  branch="false" />
			<line number="12"  hits="0"  branch="false" />
			<line number="13"  hits="0"  branch="false" />
			<line number="18"  hits="0"  branch="false" />
			<line number="19"  hits="0"  branch="false" />
			<line number="20"  hits="0"  branch="true"  condition-coverage="0% (0/2)" />
			<line number="21"  hits="0"  branch="false" />
			<line number="23"  hits="0"  branch="false" />
			<line number="26"  hits="1"  branch="false" />
			<line number="27"  hits="1"  branch="false" />
			<line number="36"  hits="1"  branch="false" />
			<line number="38"  hits="1"  branch="true"  condition-coverage="50% (1/2)" />
			<line number="40"  hits="1"  branch="true"  condition-coverage="75% (3/4)" />
			<line number="41"  hits="0"  branch="false" />
			<line number="44"  hits="1"  branch="false" />
			<line number="45"  hits="0"  branch="true"  condition-coverage="0% (0/2)" />
			<line number="46"  hits="0"  branch="false" />
			<line number="49"  hits="0"  branch="false" />
			<line number="51"  hits="0"  branch="false" />
			<line number="53"  hits="0"  branch="false" />
			<line number="54"  hits="0"  branch="true"  condition-coverage="0% (0/2)" />
			<line number="55"  hits="0"  branch="false" />
			<line number="56"  hits="0"  branch="true"  condition-coverage="0% (0/2)" />
			<line number="57"  hits="0"  branch="false" />
			<line number="60"  hits="0"  branch="true"  condition-coverage="0% (0/2)" />
			<line number="61"  hits="0"  branch="false" />
			<line number="64"  hits="0"  branch="false" />
			<line number="66"  hits="0"  branch="true"  condition-coverage="0% (0/2)" />
			<line number="67"  hits="0"  branch="true"  condition-coverage="0% (0/2)" />
			<line number="68"  hits="0"  branch="false" />
			<line number="70"  hits="0"  branch="false" />
			<line number="73"  hits="0"  branch="false" />
			<line number="74"  hits="0"  branch="false" />
			<line number="75"  hits="0"  branch="true"  condition-coverage="0% (0/2)" />
			<line number="76"  hits="0"  branch="false" />
			<line number="78"  hits="0"  branch="false" />
			<line number="85"  hits="1"  branch="false" />
			<line number="86"  hits="24"  branch="false" />
			<line number="87"  hits="24"  branch="true"  condition-coverage="50% (1/2)" />
			<line number="89"  hits="0"  branch="false" />
			<line number="92"  hits="0"  branch="false" />
			<line number="96"  hits="1"  branch="false" />
			<line number="99"  hits="1"  branch="false" />
			<line number="101"  hits="1"  branch="false" />
			<line number="106"  hits="0"  branch="false" />
			<line number="109"  hits="0"  branch="false" />
			<line number="114"  hits="1"  branch="false" />
			<line number="116"  hits="0"  branch="false" />
			<line number="117"  hits="0"  branch="false" />
			<line number="120"  hits="0"  branch="false" />
			<line number="121"  hits="0"  branch="false" />
			<line number="126"  hits="1"  branch="false" />
			<line number="127"  hits="1"  branch="false" />
			<line number="128"  hits="47"  branch="true"  condition-coverage="100% (2/2)" />
			<line number="129"  hits="24"  branch="false" />
			<line number="130"  hits="24"  branch="false" />
			<line number="131"  hits="0"  branch="false" />
			<line number="134"  hits="47"  branch="false" />
		</lines>
		</class>
	</classes>
	</package>
	<package name="listboard.it.app.controllers"  line-rate="0.5824"  branch-rate="0.46299999999999997" >
	<classes>
		<class name="container.js"  filename="app/controllers/container.js"  line-rate="0.2609"  branch-rate="0" >
		<methods>
			<method name="(anonymous_1)"  hits="0"  signature="()V" >
				<lines><line number="9"  hits="0" /></lines>
			</method>
			<method name="(anonymous_2)"  hits="0"  signature="()V" >
				<lines><line number="16"  hits="0" /></lines>
			</method>
			<method name="(anonymous_3)"  hits="0"  signature="()V" >
				<lines><line number="33"  hits="0" /></lines>
			</method>
			<method name="(anonymous_4)"  hits="0"  signature="()V" >
				<lines><line number="48"  hits="0" /></lines>
			</method>
		</methods>
		<lines>
			<line number="3"  hits="1"  branch="false" />
			<line number="7"  hits="1"  branch="false" />
			<line number="9"  hits="1"  branch="false" />
			<line number="10"  hits="0"  branch="false" />
			<line number="16"  hits="1"  branch="false" />
			<line number="18"  hits="0"  branch="false" />
			<line number="20"  hits="0"  branch="false" />
			<line number="21"  hits="0"  branch="true"  condition-coverage="0% (0/2)" />
			<line number="22"  hits="0"  branch="false" />
			<line number="25"  hits="0"  branch="false" />
			<line number="27"  hits="0"  branch="false" />
			<line number="33"  hits="1"  branch="false" />
			<line number="34"  hits="0"  branch="false" />
			<line number="36"  hits="0"  branch="true"  condition-coverage="0% (0/2)" />
			<line number="37"  hits="0"  branch="false" />
			<line number="39"  hits="0"  branch="false" />
			<line number="43"  hits="0"  branch="false" />
			<line number="48"  hits="1"  branch="false" />
			<line number="49"  hits="0"  branch="false" />
			<line number="50"  hits="0"  branch="true"  condition-coverage="0% (0/2)" />
			<line number="51"  hits="0"  branch="false" />
			<line number="53"  hits="0"  branch="false" />
			<line number="57"  hits="0"  branch="false" />
		</lines>
		</class>
		<class name="folder.js"  filename="app/controllers/folder.js"  line-rate="0.8621"  branch-rate="0.8571" >
		<methods>
			<method name="(anonymous_1)"  hits="5"  signature="()V" >
				<lines><line number="12"  hits="5" /></lines>
			</method>
			<method name="splitFullPath"  hits="8"  signature="()V" >
				<lines><line number="18"  hits="8" /></lines>
			</method>
			<method name="(anonymous_3)"  hits="9"  signature="()V" >
				<lines><line number="30"  hits="9" /></lines>
			</method>
			<method name="(anonymous_4)"  hits="8"  signature="()V" >
				<lines><line number="44"  hits="8" /></lines>
			</method>
			<method name="(anonymous_5)"  hits="6"  signature="()V" >
				<lines><line number="51"  hits="6" /></lines>
			</method>
			<method name="(anonymous_6)"  hits="1"  signature="()V" >
				<lines><line number="66"  hits="1" /></lines>
			</method>
			<method name="(anonymous_7)"  hits="1"  signature="()V" >
				<lines><line number="77"  hits="1" /></lines>
			</method>
			<method name="(anonymous_8)"  hits="0"  signature="()V" >
				<lines><line number="80"  hits="0" /></lines>
			</method>
			<method name="(anonymous_9)"  hits="0"  signature="()V" >
				<lines><line number="85"  hits="0" /></lines>
			</method>
			<method name="(anonymous_10)"  hits="2"  signature="()V" >
				<lines><line number="94"  hits="2" /></lines>
			</method>
			<method name="(anonymous_11)"  hits="2"  signature="()V" >
				<lines><line number="98"  hits="2" /></lines>
			</method>
			<method name="(anonymous_12)"  hits="2"  signature="()V" >
				<lines><line number="103"  hits="2" /></lines>
			</method>
			<method name="(anonymous_13)"  hits="0"  signature="()V" >
				<lines><line number="104"  hits="0" /></lines>
			</method>
			<method name="(anonymous_14)"  hits="0"  signature="()V" >
				<lines><line number="105"  hits="0" /></lines>
			</method>
			<method name="(anonymous_15)"  hits="0"  signature="()V" >
				<lines><line number="112"  hits="0" /></lines>
			</method>
			<method name="(anonymous_16)"  hits="5"  signature="()V" >
				<lines><line number="116"  hits="5" /></lines>
			</method>
			<method name="(anonymous_17)"  hits="8"  signature="()V" >
				<lines><line number="127"  hits="8" /></lines>
			</method>
			<method name="(anonymous_18)"  hits="8"  signature="()V" >
				<lines><line number="129"  hits="8" /></lines>
			</method>
		</methods>
		<lines>
			<line number="3"  hits="1"  branch="false" />
			<line number="10"  hits="1"  branch="false" />
			<line number="12"  hits="1"  branch="false" />
			<line number="13"  hits="5"  branch="false" />
			<line number="18"  hits="1"  branch="false" />
			<line number="19"  hits="8"  branch="false" />
			<line number="20"  hits="8"  branch="true"  condition-coverage="100% (2/2)" />
			<line number="30"  hits="1"  branch="false" />
			<line number="31"  hits="9"  branch="false" />
			<line number="32"  hits="9"  branch="false" />
			<line number="34"  hits="9"  branch="false" />
			<line number="35"  hits="9"  branch="true"  condition-coverage="100% (2/2)" />
			<line number="36"  hits="1"  branch="false" />
			<line number="40"  hits="8"  branch="false" />
			<line number="41"  hits="8"  branch="false" />
			<line number="42"  hits="8"  branch="false" />
			<line number="45"  hits="8"  branch="true"  condition-coverage="100% (2/2)" />
			<line number="46"  hits="2"  branch="false" />
			<line number="49"  hits="6"  branch="false" />
			<line number="52"  hits="6"  branch="true"  condition-coverage="100% (2/2)" />
			<line number="53"  hits="5"  branch="false" />
			<line number="54"  hits="5"  branch="false" />
			<line number="57"  hits="1"  branch="false" />
			<line number="66"  hits="1"  branch="false" />
			<line number="67"  hits="1"  branch="false" />
			<line number="68"  hits="1"  branch="false" />
			<line number="70"  hits="1"  branch="false" />
			<line number="71"  hits="1"  branch="true"  condition-coverage="50% (1/2)" />
			<line number="72"  hits="0"  branch="false" />
			<line number="74"  hits="1"  branch="false" />
			<line number="76"  hits="1"  branch="false" />
			<line number="78"  hits="1"  branch="false" />
			<line number="80"  hits="1"  branch="false" />
			<line number="81"  hits="0"  branch="false" />
			<line number="82"  hits="0"  branch="false" />
			<line number="85"  hits="1"  branch="false" />
			<line number="94"  hits="1"  branch="false" />
			<line number="95"  hits="2"  branch="false" />
			<line number="97"  hits="2"  branch="false" />
			<line number="99"  hits="2"  branch="false" />
			<line number="102"  hits="2"  branch="false" />
			<line number="104"  hits="2"  branch="false" />
			<line number="105"  hits="0"  branch="false" />
			<line number="106"  hits="0"  branch="false" />
			<line number="108"  hits="0"  branch="false" />
			<line number="111"  hits="2"  branch="false" />
			<line number="112"  hits="2"  branch="false" />
			<line number="113"  hits="0"  branch="false" />
			<line number="116"  hits="5"  branch="false" />
			<line number="118"  hits="2"  branch="false" />
			<line number="127"  hits="1"  branch="false" />
			<line number="128"  hits="8"  branch="false" />
			<line number="130"  hits="8"  branch="true"  condition-coverage="100% (2/2)" />
			<line number="131"  hits="2"  branch="false" />
			<line number="133"  hits="6"  branch="true"  condition-coverage="50% (1/2)" />
			<line number="134"  hits="0"  branch="false" />
			<line number="136"  hits="6"  branch="false" />
			<line number="137"  hits="6"  branch="false" />
		</lines>
		</class>
		<class name="invitation.js"  filename="app/controllers/invitation.js"  line-rate="0.5"  branch-rate="1" >
		<methods>
			<method name="(anonymous_1)"  hits="0"  signature="()V" >
				<lines><line number="9"  hits="0" /></lines>
			</method>
		</methods>
		<lines>
			<line number="3"  hits="1"  branch="false" />
			<line number="9"  hits="1"  branch="false" />
			<line number="10"  hits="0"  branch="false" />
			<line number="11"  hits="0"  branch="false" />
		</lines>
		</class>
		<class name="item.js"  filename="app/controllers/item.js"  line-rate="0.2"  branch-rate="0" >
		<methods>
			<method name="(anonymous_1)"  hits="0"  signature="()V" >
				<lines><line number="11"  hits="0" /></lines>
			</method>
			<method name="(anonymous_2)"  hits="0"  signature="()V" >
				<lines><line number="18"  hits="0" /></lines>
			</method>
			<method name="(anonymous_3)"  hits="0"  signature="()V" >
				<lines><line number="19"  hits="0" /></lines>
			</method>
			<method name="(anonymous_4)"  hits="0"  signature="()V" >
				<lines><line number="20"  hits="0" /></lines>
			</method>
			<method name="(anonymous_5)"  hits="0"  signature="()V" >
				<lines><line number="27"  hits="0" /></lines>
			</method>
			<method name="(anonymous_6)"  hits="0"  signature="()V" >
				<lines><line number="48"  hits="0" /></lines>
			</method>
			<method name="(anonymous_7)"  hits="0"  signature="()V" >
				<lines><line number="49"  hits="0" /></lines>
			</method>
			<method name="(anonymous_8)"  hits="0"  signature="()V" >
				<lines><line number="57"  hits="0" /></lines>
			</method>
			<method name="(anonymous_9)"  hits="0"  signature="()V" >
				<lines><line number="66"  hits="0" /></lines>
			</method>
			<method name="(anonymous_10)"  hits="0"  signature="()V" >
				<lines><line number="89"  hits="0" /></lines>
			</method>
			<method name="(anonymous_11)"  hits="0"  signature="()V" >
				<lines><line number="91"  hits="0" /></lines>
			</method>
			<method name="(anonymous_12)"  hits="0"  signature="()V" >
				<lines><line number="102"  hits="0" /></lines>
			</method>
			<method name="(anonymous_13)"  hits="0"  signature="()V" >
				<lines><line number="108"  hits="0" /></lines>
			</method>
		</methods>
		<lines>
			<line number="3"  hits="1"  branch="false" />
			<line number="5"  hits="1"  branch="false" />
			<line number="11"  hits="1"  branch="false" />
			<line number="12"  hits="0"  branch="false" />
			<line number="18"  hits="1"  branch="false" />
			<line number="19"  hits="0"  branch="false" />
			<line number="20"  hits="0"  branch="false" />
			<line number="21"  hits="0"  branch="false" />
			<line number="27"  hits="1"  branch="false" />
			<line number="28"  hits="0"  branch="false" />
			<line number="30"  hits="0"  branch="false" />
			<line number="33"  hits="0"  branch="false" />
			<line number="35"  hits="0"  branch="false" />
			<line number="37"  hits="0"  branch="false" />
			<line number="42"  hits="0"  branch="false" />
			<line number="48"  hits="1"  branch="false" />
			<line number="49"  hits="0"  branch="false" />
			<line number="50"  hits="0"  branch="false" />
			<line number="54"  hits="0"  branch="false" />
			<line number="58"  hits="0"  branch="false" />
			<line number="59"  hits="0"  branch="false" />
			<line number="66"  hits="1"  branch="false" />
			<line number="67"  hits="0"  branch="false" />
			<line number="70"  hits="0"  branch="false" />
			<line number="71"  hits="0"  branch="false" />
			<line number="72"  hits="0"  branch="false" />
			<line number="74"  hits="0"  branch="true"  condition-coverage="0% (0/2)" />
			<line number="75"  hits="0"  branch="false" />
			<line number="76"  hits="0"  branch="true"  condition-coverage="0% (0/2)" />
			<line number="77"  hits="0"  branch="false" />
			<line number="79"  hits="0"  branch="false" />
			<line number="84"  hits="0"  branch="false" />
			<line number="89"  hits="1"  branch="false" />
			<line number="90"  hits="0"  branch="false" />
			<line number="92"  hits="0"  branch="true"  condition-coverage="0% (0/2)" />
			<line number="93"  hits="0"  branch="false" />
			<line number="95"  hits="0"  branch="true"  condition-coverage="0% (0/2)" />
			<line number="96"  hits="0"  branch="false" />
			<line number="98"  hits="0"  branch="false" />
			<line number="99"  hits="0"  branch="false" />
			<line number="103"  hits="0"  branch="false" />
			<line number="108"  hits="1"  branch="false" />
			<line number="109"  hits="0"  branch="false" />
			<line number="111"  hits="0"  branch="false" />
			<line number="116"  hits="0"  branch="false" />
		</lines>
		</class>
		<class name="listboard.js"  filename="app/controllers/listboard.js"  line-rate="0.8787999999999999"  branch-rate="1" >
		<methods>
			<method name="(anonymous_1)"  hits="11"  signature="()V" >
				<lines><line number="11"  hits="11" /></lines>
			</method>
			<method name="(anonymous_2)"  hits="4"  signature="()V" >
				<lines><line number="21"  hits="4" /></lines>
			</method>
			<method name="(anonymous_3)"  hits="4"  signature="()V" >
				<lines><line number="37"  hits="4" /></lines>
			</method>
			<method name="(anonymous_4)"  hits="1"  signature="()V" >
				<lines><line number="56"  hits="1" /></lines>
			</method>
			<method name="(anonymous_5)"  hits="1"  signature="()V" >
				<lines><line number="62"  hits="1" /></lines>
			</method>
			<method name="(anonymous_6)"  hits="0"  signature="()V" >
				<lines><line number="63"  hits="0" /></lines>
			</method>
			<method name="(anonymous_7)"  hits="0"  signature="()V" >
				<lines><line number="64"  hits="0" /></lines>
			</method>
			<method name="(anonymous_8)"  hits="0"  signature="()V" >
				<lines><line number="71"  hits="0" /></lines>
			</method>
		</methods>
		<lines>
			<line number="3"  hits="1"  branch="false" />
			<line number="8"  hits="1"  branch="false" />
			<line number="11"  hits="1"  branch="false" />
			<line number="12"  hits="11"  branch="false" />
			<line number="13"  hits="11"  branch="true"  condition-coverage="100% (2/2)" />
			<line number="14"  hits="1"  branch="false" />
			<line number="16"  hits="10"  branch="false" />
			<line number="21"  hits="1"  branch="false" />
			<line number="22"  hits="4"  branch="false" />
			<line number="23"  hits="4"  branch="false" />
			<line number="25"  hits="4"  branch="false" />
			<line number="26"  hits="4"  branch="true"  condition-coverage="100% (2/2)" />
			<line number="28"  hits="1"  branch="false" />
			<line number="30"  hits="1"  branch="false" />
			<line number="37"  hits="1"  branch="false" />
			<line number="40"  hits="4"  branch="false" />
			<line number="43"  hits="4"  branch="false" />
			<line number="44"  hits="4"  branch="true"  condition-coverage="100% (2/2)" />
			<line number="46"  hits="1"  branch="false" />
			<line number="47"  hits="1"  branch="false" />
			<line number="49"  hits="1"  branch="false" />
			<line number="56"  hits="1"  branch="false" />
			<line number="58"  hits="1"  branch="false" />
			<line number="61"  hits="1"  branch="false" />
			<line number="63"  hits="1"  branch="false" />
			<line number="64"  hits="0"  branch="false" />
			<line number="65"  hits="0"  branch="false" />
			<line number="67"  hits="0"  branch="false" />
			<line number="70"  hits="1"  branch="false" />
			<line number="71"  hits="1"  branch="false" />
			<line number="72"  hits="0"  branch="false" />
			<line number="75"  hits="1"  branch="false" />
			<line number="78"  hits="1"  branch="false" />
		</lines>
		</class>
		<class name="main.js"  filename="app/controllers/main.js"  line-rate="0.15789999999999998"  branch-rate="0" >
		<methods>
			<method name="(anonymous_1)"  hits="0"  signature="()V" >
				<lines><line number="10"  hits="0" /></lines>
			</method>
			<method name="(anonymous_2)"  hits="0"  signature="()V" >
				<lines><line number="15"  hits="0" /></lines>
			</method>
			<method name="(anonymous_3)"  hits="0"  signature="()V" >
				<lines><line number="17"  hits="0" /></lines>
			</method>
			<method name="(anonymous_4)"  hits="0"  signature="()V" >
				<lines><line number="36"  hits="0" /></lines>
			</method>
			<method name="(anonymous_5)"  hits="0"  signature="()V" >
				<lines><line number="39"  hits="0" /></lines>
			</method>
			<method name="(anonymous_6)"  hits="0"  signature="()V" >
				<lines><line number="46"  hits="0" /></lines>
			</method>
			<method name="(anonymous_7)"  hits="0"  signature="()V" >
				<lines><line number="56"  hits="0" /></lines>
			</method>
		</methods>
		<lines>
			<line number="3"  hits="1"  branch="false" />
			<line number="10"  hits="1"  branch="false" />
			<line number="11"  hits="0"  branch="true"  condition-coverage="0% (0/2)" />
			<line number="13"  hits="0"  branch="false" />
			<line number="14"  hits="0"  branch="false" />
			<line number="17"  hits="0"  branch="false" />
			<line number="18"  hits="0"  branch="false" />
			<line number="21"  hits="0"  branch="false" />
			<line number="23"  hits="0"  branch="false" />
			<line number="27"  hits="0"  branch="false" />
			<line number="32"  hits="0"  branch="false" />
			<line number="37"  hits="0"  branch="false" />
			<line number="40"  hits="0"  branch="false" />
			<line number="47"  hits="0"  branch="false" />
			<line number="48"  hits="0"  branch="false" />
			<line number="52"  hits="0"  branch="false" />
			<line number="56"  hits="1"  branch="false" />
			<line number="57"  hits="0"  branch="false" />
			<line number="58"  hits="0"  branch="false" />
		</lines>
		</class>
		<class name="user.js"  filename="app/controllers/user.js"  line-rate="0.6154"  branch-rate="0.375" >
		<methods>
			<method name="(anonymous_1)"  hits="0"  signature="()V" >
				<lines><line number="9"  hits="0" /></lines>
			</method>
			<method name="(anonymous_2)"  hits="0"  signature="()V" >
				<lines><line number="10"  hits="0" /></lines>
			</method>
			<method name="(anonymous_3)"  hits="0"  signature="()V" >
				<lines><line number="18"  hits="0" /></lines>
			</method>
			<method name="(anonymous_4)"  hits="0"  signature="()V" >
				<lines><line number="27"  hits="0" /></lines>
			</method>
			<method name="(anonymous_5)"  hits="17"  signature="()V" >
				<lines><line number="33"  hits="17" /></lines>
			</method>
			<method name="(anonymous_6)"  hits="17"  signature="()V" >
				<lines><line number="50"  hits="17" /></lines>
			</method>
			<method name="(anonymous_7)"  hits="17"  signature="()V" >
				<lines><line number="71"  hits="17" /></lines>
			</method>
			<method name="(anonymous_8)"  hits="17"  signature="()V" >
				<lines><line number="78"  hits="17" /></lines>
			</method>
			<method name="(anonymous_9)"  hits="17"  signature="()V" >
				<lines><line number="79"  hits="17" /></lines>
			</method>
			<method name="(anonymous_10)"  hits="0"  signature="()V" >
				<lines><line number="92"  hits="0" /></lines>
			</method>
			<method name="(anonymous_11)"  hits="0"  signature="()V" >
				<lines><line number="94"  hits="0" /></lines>
			</method>
		</methods>
		<lines>
			<line number="3"  hits="1"  branch="false" />
			<line number="9"  hits="1"  branch="false" />
			<line number="10"  hits="0"  branch="false" />
			<line number="11"  hits="0"  branch="false" />
			<line number="18"  hits="1"  branch="false" />
			<line number="19"  hits="0"  branch="false" />
			<line number="20"  hits="0"  branch="false" />
			<line number="27"  hits="1"  branch="false" />
			<line number="28"  hits="0"  branch="false" />
			<line number="29"  hits="0"  branch="false" />
			<line number="33"  hits="1"  branch="false" />
			<line number="36"  hits="17"  branch="false" />
			<line number="37"  hits="17"  branch="false" />
			<line number="38"  hits="17"  branch="false" />
			<line number="41"  hits="17"  branch="false" />
			<line number="42"  hits="17"  branch="true"  condition-coverage="50% (1/2)" />
			<line number="43"  hits="0"  branch="false" />
			<line number="44"  hits="0"  branch="false" />
			<line number="46"  hits="0"  branch="false" />
			<line number="49"  hits="17"  branch="false" />
			<line number="51"  hits="17"  branch="true"  condition-coverage="50% (1/2)" />
			<line number="52"  hits="0"  branch="false" />
			<line number="53"  hits="0"  branch="false" />
			<line number="55"  hits="17"  branch="false" />
			<line number="56"  hits="17"  branch="false" />
			<line number="61"  hits="17"  branch="false" />
			<line number="64"  hits="17"  branch="false" />
			<line number="67"  hits="17"  branch="false" />
			<line number="68"  hits="17"  branch="false" />
			<line number="70"  hits="17"  branch="false" />
			<line number="72"  hits="17"  branch="false" />
			<line number="79"  hits="17"  branch="false" />
			<line number="80"  hits="17"  branch="true"  condition-coverage="50% (1/2)" />
			<line number="81"  hits="17"  branch="false" />
			<line number="92"  hits="1"  branch="false" />
			<line number="93"  hits="0"  branch="false" />
			<line number="95"  hits="0"  branch="true"  condition-coverage="0% (0/2)" />
			<line number="97"  hits="0"  branch="false" />
			<line number="98"  hits="0"  branch="false" />
		</lines>
		</class>
		<class name="user_update.js"  filename="app/controllers/user_update.js"  line-rate="0.725"  branch-rate="0.4" >
		<methods>
			<method name="userChannelName"  hits="14"  signature="()V" >
				<lines><line number="8"  hits="14" /></lines>
			</method>
			<method name="(anonymous_2)"  hits="14"  signature="()V" >
				<lines><line number="17"  hits="14" /></lines>
			</method>
			<method name="capitalize"  hits="36"  signature="()V" >
				<lines><line number="23"  hits="36" /></lines>
			</method>
			<method name="getId"  hits="6"  signature="()V" >
				<lines><line number="27"  hits="6" /></lines>
			</method>
			<method name="identity"  hits="0"  signature="()V" >
				<lines><line number="31"  hits="0" /></lines>
			</method>
			<method name="(anonymous_6)"  hits="3"  signature="()V" >
				<lines><line number="44"  hits="3" /></lines>
			</method>
			<method name="(anonymous_7)"  hits="9"  signature="()V" >
				<lines><line number="46"  hits="9" /></lines>
			</method>
			<method name="(anonymous_8)"  hits="8"  signature="()V" >
				<lines><line number="47"  hits="8" /></lines>
			</method>
			<method name="(anonymous_9)"  hits="6"  signature="()V" >
				<lines><line number="54"  hits="6" /></lines>
			</method>
			<method name="(anonymous_10)"  hits="3"  signature="()V" >
				<lines><line number="64"  hits="3" /></lines>
			</method>
			<method name="(anonymous_11)"  hits="0"  signature="()V" >
				<lines><line number="69"  hits="0" /></lines>
			</method>
			<method name="(anonymous_12)"  hits="0"  signature="()V" >
				<lines><line number="78"  hits="0" /></lines>
			</method>
			<method name="(anonymous_13)"  hits="0"  signature="()V" >
				<lines><line number="89"  hits="0" /></lines>
			</method>
			<method name="(anonymous_14)"  hits="0"  signature="()V" >
				<lines><line number="93"  hits="0" /></lines>
			</method>
		</methods>
		<lines>
			<line number="1"  hits="1"  branch="false" />
			<line number="2"  hits="1"  branch="false" />
			<line number="4"  hits="1"  branch="false" />
			<line number="6"  hits="1"  branch="false" />
			<line number="8"  hits="1"  branch="false" />
			<line number="9"  hits="14"  branch="false" />
			<line number="17"  hits="1"  branch="false" />
			<line number="18"  hits="14"  branch="false" />
			<line number="21"  hits="1"  branch="false" />
			<line number="23"  hits="1"  branch="false" />
			<line number="24"  hits="36"  branch="false" />
			<line number="27"  hits="1"  branch="false" />
			<line number="28"  hits="6"  branch="false" />
			<line number="31"  hits="1"  branch="false" />
			<line number="32"  hits="0"  branch="false" />
			<line number="35"  hits="1"  branch="false" />
			<line number="44"  hits="1"  branch="false" />
			<line number="45"  hits="3"  branch="false" />
			<line number="46"  hits="3"  branch="false" />
			<line number="47"  hits="9"  branch="false" />
			<line number="48"  hits="8"  branch="false" />
			<line number="54"  hits="9"  branch="false" />
			<line number="55"  hits="6"  branch="false" />
			<line number="64"  hits="1"  branch="false" />
			<line number="65"  hits="3"  branch="false" />
			<line number="66"  hits="3"  branch="false" />
			<line number="69"  hits="3"  branch="false" />
			<line number="70"  hits="0"  branch="false" />
			<line number="78"  hits="3"  branch="false" />
			<line number="79"  hits="0"  branch="false" />
			<line number="89"  hits="1"  branch="false" />
			<line number="90"  hits="0"  branch="false" />
			<line number="92"  hits="0"  branch="false" />
			<line number="93"  hits="0"  branch="false" />
			<line number="94"  hits="0"  branch="true"  condition-coverage="0% (0/2)" />
			<line number="95"  hits="0"  branch="false" />
			<line number="97"  hits="0"  branch="false" />
			<line number="104"  hits="0"  branch="false" />
			<line number="106"  hits="0"  branch="false" />
			<line number="109"  hits="1"  branch="false" />
		</lines>
		</class>
	</classes>
	</package>
	<package name="listboard.it.app.middlewares"  line-rate="0.6207"  branch-rate="0.2727" >
	<classes>
		<class name="authorization.js"  filename="app/middlewares/authorization.js"  line-rate="0.5832999999999999"  branch-rate="0.2727" >
		<methods>
			<method name="(anonymous_1)"  hits="0"  signature="()V" >
				<lines><line number="2"  hits="0" /></lines>
			</method>
			<method name="(anonymous_2)"  hits="0"  signature="()V" >
				<lines><line number="3"  hits="0" /></lines>
			</method>
			<method name="(anonymous_3)"  hits="46"  signature="()V" >
				<lines><line number="13"  hits="46" /></lines>
			</method>
			<method name="(anonymous_4)"  hits="0"  signature="()V" >
				<lines><line number="17"  hits="0" /></lines>
			</method>
			<method name="(anonymous_5)"  hits="6"  signature="()V" >
				<lines><line number="21"  hits="6" /></lines>
			</method>
			<method name="(anonymous_6)"  hits="4"  signature="()V" >
				<lines><line number="30"  hits="4" /></lines>
			</method>
			<method name="(anonymous_7)"  hits="0"  signature="()V" >
				<lines><line number="39"  hits="0" /></lines>
			</method>
		</methods>
		<lines>
			<line number="2"  hits="1"  branch="false" />
			<line number="3"  hits="0"  branch="false" />
			<line number="4"  hits="0"  branch="true"  condition-coverage="0% (0/2)" />
			<line number="5"  hits="0"  branch="false" />
			<line number="7"  hits="0"  branch="false" />
			<line number="11"  hits="1"  branch="false" />
			<line number="13"  hits="1"  branch="false" />
			<line number="14"  hits="46"  branch="true"  condition-coverage="100% (2/2)" />
			<line number="15"  hits="6"  branch="false" />
			<line number="18"  hits="0"  branch="false" />
			<line number="22"  hits="6"  branch="false" />
			<line number="26"  hits="40"  branch="false" />
			<line number="30"  hits="1"  branch="false" />
			<line number="31"  hits="4"  branch="true"  condition-coverage="50% (1/2)" />
			<line number="32"  hits="4"  branch="false" />
			<line number="34"  hits="4"  branch="true"  condition-coverage="50% (1/2)" />
			<line number="36"  hits="4"  branch="true"  condition-coverage="50% (1/2)" />
			<line number="37"  hits="4"  branch="true"  condition-coverage="50% (1/2)" />
			<line number="39"  hits="4"  branch="false" />
			<line number="40"  hits="0"  branch="true"  condition-coverage="0% (0/4)" />
			<line number="41"  hits="0"  branch="true"  condition-coverage="0% (0/4)" />
			<line number="42"  hits="0"  branch="true"  condition-coverage="0% (0/2)" />
			<line number="44"  hits="0"  branch="false" />
			<line number="46"  hits="0"  branch="false" />
		</lines>
		</class>
		<class name="less-mincer.js"  filename="app/middlewares/less-mincer.js"  line-rate="0.8"  branch-rate="1" >
		<methods>
			<method name="(anonymous_1)"  hits="1"  signature="()V" >
				<lines><line number="1"  hits="1" /></lines>
			</method>
			<method name="(anonymous_2)"  hits="6"  signature="()V" >
				<lines><line number="2"  hits="6" /></lines>
			</method>
			<method name="(anonymous_3)"  hits="0"  signature="()V" >
				<lines><line number="3"  hits="0" /></lines>
			</method>
		</methods>
		<lines>
			<line number="1"  hits="1"  branch="false" />
			<line number="2"  hits="1"  branch="false" />
			<line number="3"  hits="6"  branch="false" />
			<line number="4"  hits="0"  branch="false" />
			<line number="9"  hits="1"  branch="false" />
		</lines>
		</class>
	</classes>
	</package>
	<package name="listboard.it.jobs"  line-rate="0.4815"  branch-rate="0.4" >
	<classes>
		<class name="manager.js"  filename="jobs/manager.js"  line-rate="0.4815"  branch-rate="0.4" >
		<methods>
			<method name="(anonymous_1)"  hits="2"  signature="()V" >
				<lines><line number="9"  hits="2" /></lines>
			</method>
			<method name="(anonymous_2)"  hits="1"  signature="()V" >
				<lines><line number="14"  hits="1" /></lines>
			</method>
			<method name="(anonymous_3)"  hits="0"  signature="()V" >
				<lines><line number="21"  hits="0" /></lines>
			</method>
			<method name="(anonymous_4)"  hits="0"  signature="()V" >
				<lines><line number="22"  hits="0" /></lines>
			</method>
			<method name="(anonymous_5)"  hits="0"  signature="()V" >
				<lines><line number="25"  hits="0" /></lines>
			</method>
			<method name="(anonymous_6)"  hits="0"  signature="()V" >
				<lines><line number="39"  hits="0" /></lines>
			</method>
			<method name="(anonymous_7)"  hits="0"  signature="()V" >
				<lines><line number="42"  hits="0" /></lines>
			</method>
			<method name="(anonymous_8)"  hits="0"  signature="()V" >
				<lines><line number="58"  hits="0" /></lines>
			</method>
		</methods>
		<lines>
			<line number="1"  hits="1"  branch="false" />
			<line number="5"  hits="1"  branch="false" />
			<line number="6"  hits="1"  branch="false" />
			<line number="9"  hits="1"  branch="false" />
			<line number="10"  hits="2"  branch="false" />
			<line number="11"  hits="2"  branch="false" />
			<line number="14"  hits="1"  branch="false" />
			<line number="15"  hits="1"  branch="false" />
			<line number="16"  hits="1"  branch="true"  condition-coverage="100% (2/2)" />
			<line number="18"  hits="1"  branch="true"  condition-coverage="100% (2/2)" />
			<line number="21"  hits="1"  branch="false" />
			<line number="22"  hits="0"  branch="false" />
			<line number="23"  hits="0"  branch="true"  condition-coverage="0% (0/2)" />
			<line number="24"  hits="0"  branch="true"  condition-coverage="0% (0/2)" />
			<line number="25"  hits="0"  branch="false" />
			<line number="26"  hits="0"  branch="true"  condition-coverage="0% (0/2)" />
			<line number="27"  hits="0"  branch="false" />
			<line number="33"  hits="1"  branch="false" />
			<line number="40"  hits="0"  branch="false" />
			<line number="42"  hits="0"  branch="false" />
			<line number="43"  hits="0"  branch="false" />
			<line number="44"  hits="0"  branch="false" />
			<line number="47"  hits="0"  branch="false" />
			<line number="48"  hits="0"  branch="false" />
			<line number="59"  hits="0"  branch="false" />
			<line number="60"  hits="0"  branch="false" />
			<line number="66"  hits="1"  branch="false" />
		</lines>
		</class>
	</classes>
	</package>
	<package name="listboard.it.models"  line-rate="0.7134999999999999"  branch-rate="0.5227" >
	<classes>
		<class name="accessToken.js"  filename="models/accessToken.js"  line-rate="0.875"  branch-rate="1" >
		<methods>
			<method name="(anonymous_1)"  hits="1"  signature="()V" >
				<lines><line number="12"  hits="1" /></lines>
			</method>
			<method name="(anonymous_2)"  hits="0"  signature="()V" >
				<lines><line number="16"  hits="0" /></lines>
			</method>
		</methods>
		<lines>
			<line number="1"  hits="1"  branch="false" />
			<line number="4"  hits="1"  branch="false" />
			<line number="10"  hits="1"  branch="false" />
			<line number="12"  hits="1"  branch="false" />
			<line number="13"  hits="1"  branch="false" />
			<line number="16"  hits="1"  branch="false" />
			<line number="17"  hits="0"  branch="false" />
			<line number="20"  hits="1"  branch="false" />
		</lines>
		</class>
		<class name="application.js"  filename="models/application.js"  line-rate="0.8378"  branch-rate="0.7778" >
		<methods>
			<method name="(anonymous_1)"  hits="9"  signature="()V" >
				<lines><line number="16"  hits="9" /></lines>
			</method>
			<method name="(anonymous_2)"  hits="17"  signature="()V" >
				<lines><line number="20"  hits="17" /></lines>
			</method>
			<method name="(anonymous_3)"  hits="1"  signature="()V" >
				<lines><line number="24"  hits="1" /></lines>
			</method>
			<method name="(anonymous_4)"  hits="17"  signature="()V" >
				<lines><line number="33"  hits="17" /></lines>
			</method>
			<method name="(anonymous_5)"  hits="15"  signature="()V" >
				<lines><line number="40"  hits="15" /></lines>
			</method>
			<method name="(anonymous_6)"  hits="15"  signature="()V" >
				<lines><line number="41"  hits="15" /></lines>
			</method>
			<method name="(anonymous_7)"  hits="1"  signature="()V" >
				<lines><line number="49"  hits="1" /></lines>
			</method>
			<method name="(anonymous_8)"  hits="0"  signature="()V" >
				<lines><line number="57"  hits="0" /></lines>
			</method>
			<method name="(anonymous_9)"  hits="1"  signature="()V" >
				<lines><line number="65"  hits="1" /></lines>
			</method>
			<method name="(anonymous_10)"  hits="0"  signature="()V" >
				<lines><line number="73"  hits="0" /></lines>
			</method>
		</methods>
		<lines>
			<line number="1"  hits="1"  branch="false" />
			<line number="5"  hits="1"  branch="false" />
			<line number="7"  hits="1"  branch="false" />
			<line number="14"  hits="1"  branch="false" />
			<line number="16"  hits="1"  branch="false" />
			<line number="17"  hits="9"  branch="false" />
			<line number="20"  hits="1"  branch="false" />
			<line number="21"  hits="17"  branch="false" />
			<line number="24"  hits="1"  branch="false" />
			<line number="25"  hits="1"  branch="true"  condition-coverage="50% (1/2)" />
			<line number="27"  hits="1"  branch="false" />
			<line number="28"  hits="1"  branch="true"  condition-coverage="50% (1/2)" />
			<line number="30"  hits="1"  branch="false" />
			<line number="33"  hits="1"  branch="false" />
			<line number="34"  hits="17"  branch="false" />
			<line number="35"  hits="17"  branch="true"  condition-coverage="100% (7/7)" />
			<line number="40"  hits="1"  branch="false" />
			<line number="41"  hits="15"  branch="false" />
			<line number="42"  hits="15"  branch="false" />
			<line number="43"  hits="15"  branch="true"  condition-coverage="100% (3/3)" />
			<line number="49"  hits="1"  branch="false" />
			<line number="50"  hits="1"  branch="false" />
			<line number="51"  hits="1"  branch="false" />
			<line number="53"  hits="1"  branch="true"  condition-coverage="50% (1/2)" />
			<line number="54"  hits="1"  branch="false" />
			<line number="56"  hits="0"  branch="false" />
			<line number="58"  hits="0"  branch="false" />
			<line number="59"  hits="0"  branch="false" />
			<line number="65"  hits="1"  branch="false" />
			<line number="66"  hits="1"  branch="false" />
			<line number="67"  hits="1"  branch="false" />
			<line number="69"  hits="1"  branch="true"  condition-coverage="50% (1/2)" />
			<line number="70"  hits="1"  branch="false" />
			<line number="72"  hits="0"  branch="false" />
			<line number="74"  hits="0"  branch="false" />
			<line number="75"  hits="0"  branch="false" />
			<line number="82"  hits="1"  branch="false" />
		</lines>
		</class>
		<class name="authCode.js"  filename="models/authCode.js"  line-rate="1"  branch-rate="1" >
		<methods>
			<method name="(anonymous_1)"  hits="4"  signature="()V" >
				<lines><line number="10"  hits="4" /></lines>
			</method>
			<method name="(anonymous_2)"  hits="3"  signature="()V" >
				<lines><line number="17"  hits="3" /></lines>
			</method>
			<method name="(anonymous_3)"  hits="3"  signature="()V" >
				<lines><line number="21"  hits="3" /></lines>
			</method>
			<method name="(anonymous_4)"  hits="1"  signature="()V" >
				<lines><line number="25"  hits="1" /></lines>
			</method>
		</methods>
		<lines>
			<line number="1"  hits="1"  branch="false" />
			<line number="5"  hits="1"  branch="false" />
			<line number="11"  hits="4"  branch="false" />
			<line number="15"  hits="1"  branch="false" />
			<line number="17"  hits="1"  branch="false" />
			<line number="18"  hits="3"  branch="false" />
			<line number="21"  hits="1"  branch="false" />
			<line number="22"  hits="3"  branch="false" />
			<line number="25"  hits="1"  branch="false" />
			<line number="26"  hits="1"  branch="false" />
			<line number="30"  hits="1"  branch="false" />
		</lines>
		</class>
		<class name="container.js"  filename="models/container.js"  line-rate="1"  branch-rate="1" >
		<methods>
		</methods>
		<lines>
			<line number="1"  hits="1"  branch="false" />
			<line number="3"  hits="1"  branch="false" />
			<line number="14"  hits="1"  branch="false" />
			<line number="16"  hits="1"  branch="false" />
		</lines>
		</class>
		<class name="folder.js"  filename="models/folder.js"  line-rate="0.5366"  branch-rate="0.5" >
		<methods>
			<method name="(anonymous_1)"  hits="52"  signature="()V" >
				<lines><line number="22"  hits="52" /></lines>
			</method>
			<method name="(anonymous_2)"  hits="39"  signature="()V" >
				<lines><line number="26"  hits="39" /></lines>
			</method>
			<method name="(anonymous_3)"  hits="52"  signature="()V" >
				<lines><line number="31"  hits="52" /></lines>
			</method>
			<method name="(anonymous_4)"  hits="13"  signature="()V" >
				<lines><line number="37"  hits="13" /></lines>
			</method>
			<method name="(anonymous_5)"  hits="0"  signature="()V" >
				<lines><line number="41"  hits="0" /></lines>
			</method>
			<method name="(anonymous_6)"  hits="0"  signature="()V" >
				<lines><line number="51"  hits="0" /></lines>
			</method>
			<method name="(anonymous_7)"  hits="3"  signature="()V" >
				<lines><line number="60"  hits="3" /></lines>
			</method>
			<method name="(anonymous_8)"  hits="0"  signature="()V" >
				<lines><line number="67"  hits="0" /></lines>
			</method>
			<method name="(anonymous_9)"  hits="0"  signature="()V" >
				<lines><line number="69"  hits="0" /></lines>
			</method>
			<method name="(anonymous_10)"  hits="0"  signature="()V" >
				<lines><line number="70"  hits="0" /></lines>
			</method>
			<method name="(anonymous_11)"  hits="0"  signature="()V" >
				<lines><line number="84"  hits="0" /></lines>
			</method>
			<method name="(anonymous_12)"  hits="0"  signature="()V" >
				<lines><line number="86"  hits="0" /></lines>
			</method>
			<method name="(anonymous_13)"  hits="0"  signature="()V" >
				<lines><line number="89"  hits="0" /></lines>
			</method>
			<method name="(anonymous_14)"  hits="0"  signature="()V" >
				<lines><line number="94"  hits="0" /></lines>
			</method>
			<method name="(anonymous_15)"  hits="0"  signature="()V" >
				<lines><line number="95"  hits="0" /></lines>
			</method>
			<method name="(anonymous_16)"  hits="33"  signature="()V" >
				<lines><line number="102"  hits="33" /></lines>
			</method>
		</methods>
		<lines>
			<line number="3"  hits="1"  branch="false" />
			<line number="9"  hits="1"  branch="false" />
			<line number="20"  hits="1"  branch="false" />
			<line number="22"  hits="1"  branch="false" />
			<line number="23"  hits="52"  branch="false" />
			<line number="26"  hits="1"  branch="false" />
			<line number="27"  hits="39"  branch="false" />
			<line number="31"  hits="1"  branch="false" />
			<line number="33"  hits="52"  branch="true"  condition-coverage="50% (1/2)" />
			<line number="34"  hits="52"  branch="true"  condition-coverage="100% (2/2)" />
			<line number="37"  hits="1"  branch="false" />
			<line number="38"  hits="13"  branch="false" />
			<line number="41"  hits="1"  branch="false" />
			<line number="42"  hits="0"  branch="false" />
			<line number="51"  hits="1"  branch="false" />
			<line number="52"  hits="0"  branch="false" />
			<line number="60"  hits="1"  branch="false" />
			<line number="61"  hits="3"  branch="false" />
			<line number="67"  hits="1"  branch="false" />
			<line number="68"  hits="0"  branch="false" />
			<line number="69"  hits="0"  branch="false" />
			<line number="70"  hits="0"  branch="false" />
			<line number="71"  hits="0"  branch="true"  condition-coverage="0% (0/2)" />
			<line number="72"  hits="0"  branch="false" />
			<line number="73"  hits="0"  branch="false" />
			<line number="76"  hits="0"  branch="false" />
			<line number="79"  hits="0"  branch="false" />
			<line number="84"  hits="1"  branch="false" />
			<line number="85"  hits="0"  branch="false" />
			<line number="87"  hits="0"  branch="false" />
			<line number="88"  hits="0"  branch="false" />
			<line number="89"  hits="0"  branch="false" />
			<line number="90"  hits="0"  branch="false" />
			<line number="91"  hits="0"  branch="false" />
			<line number="93"  hits="0"  branch="false" />
			<line number="95"  hits="0"  branch="false" />
			<line number="96"  hits="0"  branch="false" />
			<line number="102"  hits="1"  branch="false" />
			<line number="103"  hits="33"  branch="false" />
			<line number="106"  hits="1"  branch="false" />
			<line number="108"  hits="1"  branch="false" />
		</lines>
		</class>
		<class name="invitation.js"  filename="models/invitation.js"  line-rate="1"  branch-rate="1" >
		<methods>
		</methods>
		<lines>
			<line number="3"  hits="1"  branch="false" />
			<line number="7"  hits="1"  branch="false" />
			<line number="11"  hits="1"  branch="false" />
			<line number="16"  hits="1"  branch="false" />
			<line number="18"  hits="1"  branch="false" />
		</lines>
		</class>
		<class name="item.js"  filename="models/item.js"  line-rate="0.6111"  branch-rate="1" >
		<methods>
			<method name="(anonymous_1)"  hits="0"  signature="()V" >
				<lines><line number="36"  hits="0" /></lines>
			</method>
			<method name="(anonymous_2)"  hits="0"  signature="()V" >
				<lines><line number="42"  hits="0" /></lines>
			</method>
			<method name="(anonymous_3)"  hits="0"  signature="()V" >
				<lines><line number="48"  hits="0" /></lines>
			</method>
			<method name="(anonymous_4)"  hits="0"  signature="()V" >
				<lines><line number="54"  hits="0" /></lines>
			</method>
			<method name="(anonymous_5)"  hits="0"  signature="()V" >
				<lines><line number="60"  hits="0" /></lines>
			</method>
			<method name="(anonymous_6)"  hits="0"  signature="()V" >
				<lines><line number="66"  hits="0" /></lines>
			</method>
			<method name="(anonymous_7)"  hits="0"  signature="()V" >
				<lines><line number="70"  hits="0" /></lines>
			</method>
		</methods>
		<lines>
			<line number="3"  hits="1"  branch="false" />
			<line number="9"  hits="1"  branch="false" />
			<line number="34"  hits="1"  branch="false" />
			<line number="36"  hits="1"  branch="false" />
			<line number="37"  hits="0"  branch="false" />
			<line number="42"  hits="1"  branch="false" />
			<line number="43"  hits="0"  branch="false" />
			<line number="48"  hits="1"  branch="false" />
			<line number="49"  hits="0"  branch="false" />
			<line number="54"  hits="1"  branch="false" />
			<line number="55"  hits="0"  branch="false" />
			<line number="60"  hits="1"  branch="false" />
			<line number="61"  hits="0"  branch="false" />
			<line number="66"  hits="1"  branch="false" />
			<line number="67"  hits="0"  branch="false" />
			<line number="70"  hits="1"  branch="false" />
			<line number="71"  hits="0"  branch="false" />
			<line number="77"  hits="1"  branch="false" />
		</lines>
		</class>
		<class name="listboard.js"  filename="models/listboard.js"  line-rate="0.4"  branch-rate="0" >
		<methods>
			<method name="(anonymous_1)"  hits="0"  signature="()V" >
				<lines><line number="23"  hits="0" /></lines>
			</method>
			<method name="(anonymous_2)"  hits="0"  signature="()V" >
				<lines><line number="32"  hits="0" /></lines>
			</method>
			<method name="(anonymous_3)"  hits="0"  signature="()V" >
				<lines><line number="37"  hits="0" /></lines>
			</method>
			<method name="(anonymous_4)"  hits="0"  signature="()V" >
				<lines><line number="41"  hits="0" /></lines>
			</method>
			<method name="(anonymous_5)"  hits="0"  signature="()V" >
				<lines><line number="42"  hits="0" /></lines>
			</method>
		</methods>
		<lines>
			<line number="3"  hits="1"  branch="false" />
			<line number="7"  hits="1"  branch="false" />
			<line number="21"  hits="1"  branch="false" />
			<line number="23"  hits="1"  branch="false" />
			<line number="24"  hits="0"  branch="false" />
			<line number="29"  hits="0"  branch="false" />
			<line number="32"  hits="1"  branch="false" />
			<line number="33"  hits="0"  branch="false" />
			<line number="34"  hits="0"  branch="false" />
			<line number="37"  hits="1"  branch="false" />
			<line number="38"  hits="0"  branch="false" />
			<line number="41"  hits="1"  branch="false" />
			<line number="42"  hits="0"  branch="false" />
			<line number="43"  hits="0"  branch="true"  condition-coverage="0% (0/2)" />
			<line number="44"  hits="0"  branch="false" />
			<line number="45"  hits="0"  branch="true"  condition-coverage="0% (0/2)" />
			<line number="46"  hits="0"  branch="false" />
			<line number="47"  hits="0"  branch="true"  condition-coverage="0% (0/2)" />
			<line number="48"  hits="0"  branch="false" />
			<line number="51"  hits="1"  branch="false" />
		</lines>
		</class>
		<class name="user.js"  filename="models/user.js"  line-rate="0.7778"  branch-rate="0.4286" >
		<methods>
			<method name="(anonymous_1)"  hits="21"  signature="()V" >
				<lines><line number="29"  hits="21" /></lines>
			</method>
			<method name="(anonymous_2)"  hits="18"  signature="()V" >
				<lines><line number="36"  hits="18" /></lines>
			</method>
			<method name="(anonymous_3)"  hits="8"  signature="()V" >
				<lines><line number="45"  hits="8" /></lines>
			</method>
			<method name="(anonymous_4)"  hits="26"  signature="()V" >
				<lines><line number="50"  hits="26" /></lines>
			</method>
			<method name="(anonymous_5)"  hits="72"  signature="()V" >
				<lines><line number="54"  hits="72" /></lines>
			</method>
			<method name="(anonymous_6)"  hits="21"  signature="()V" >
				<lines><line number="58"  hits="21" /></lines>
			</method>
			<method name="(anonymous_7)"  hits="21"  signature="()V" >
				<lines><line number="61"  hits="21" /></lines>
			</method>
			<method name="(anonymous_8)"  hits="0"  signature="()V" >
				<lines><line number="68"  hits="0" /></lines>
			</method>
			<method name="(anonymous_9)"  hits="98"  signature="()V" >
				<lines><line number="73"  hits="98" /></lines>
			</method>
			<method name="(anonymous_10)"  hits="0"  signature="()V" >
				<lines><line number="80"  hits="0" /></lines>
			</method>
			<method name="(anonymous_11)"  hits="0"  signature="()V" >
				<lines><line number="81"  hits="0" /></lines>
			</method>
			<method name="(anonymous_12)"  hits="18"  signature="()V" >
				<lines><line number="90"  hits="18" /></lines>
			</method>
			<method name="(anonymous_13)"  hits="1"  signature="()V" >
				<lines><line number="95"  hits="1" /></lines>
			</method>
		</methods>
		<lines>
			<line number="3"  hits="1"  branch="false" />
			<line number="9"  hits="1"  branch="false" />
			<line number="12"  hits="1"  branch="false" />
			<line number="17"  hits="1"  branch="false" />
			<line number="19"  hits="1"  branch="false" />
			<line number="26"  hits="1"  branch="false" />
			<line number="29"  hits="1"  branch="false" />
			<line number="30"  hits="21"  branch="false" />
			<line number="33"  hits="21"  branch="true"  condition-coverage="100% (2/2)" />
			<line number="36"  hits="18"  branch="false" />
			<line number="37"  hits="18"  branch="true"  condition-coverage="50% (1/2)" />
			<line number="40"  hits="18"  branch="false" />
			<line number="41"  hits="18"  branch="false" />
			<line number="45"  hits="1"  branch="false" />
			<line number="46"  hits="8"  branch="false" />
			<line number="50"  hits="1"  branch="false" />
			<line number="51"  hits="26"  branch="false" />
			<line number="54"  hits="1"  branch="false" />
			<line number="55"  hits="72"  branch="false" />
			<line number="58"  hits="1"  branch="false" />
			<line number="59"  hits="21"  branch="false" />
			<line number="60"  hits="21"  branch="false" />
			<line number="62"  hits="21"  branch="true"  condition-coverage="75% (3/4)" />
			<line number="63"  hits="0"  branch="false" />
			<line number="64"  hits="0"  branch="false" />
			<line number="66"  hits="21"  branch="false" />
			<line number="69"  hits="0"  branch="false" />
			<line number="73"  hits="1"  branch="false" />
			<line number="74"  hits="98"  branch="false" />
			<line number="77"  hits="1"  branch="false" />
			<line number="80"  hits="1"  branch="false" />
			<line number="81"  hits="0"  branch="false" />
			<line number="82"  hits="0"  branch="true"  condition-coverage="0% (0/2)" />
			<line number="83"  hits="0"  branch="false" />
			<line number="84"  hits="0"  branch="true"  condition-coverage="0% (0/2)" />
			<line number="85"  hits="0"  branch="false" />
			<line number="86"  hits="0"  branch="true"  condition-coverage="0% (0/2)" />
			<line number="87"  hits="0"  branch="false" />
			<line number="90"  hits="1"  branch="false" />
			<line number="91"  hits="18"  branch="false" />
			<line number="92"  hits="18"  branch="false" />
			<line number="95"  hits="1"  branch="false" />
			<line number="96"  hits="1"  branch="false" />
			<line number="97"  hits="1"  branch="false" />
			<line number="100"  hits="1"  branch="false" />
		</lines>
		</class>
		<class name="validation.js"  filename="models/validation.js"  line-rate="1"  branch-rate="1" >
		<methods>
			<method name="(anonymous_1)"  hits="2"  signature="()V" >
				<lines><line number="1"  hits="2" /></lines>
			</method>
			<method name="(anonymous_2)"  hits="21"  signature="()V" >
				<lines><line number="3"  hits="21" /></lines>
			</method>
		</methods>
		<lines>
			<line number="1"  hits="1"  branch="false" />
			<line number="2"  hits="2"  branch="false" />
			<line number="4"  hits="21"  branch="false" />
		</lines>
		</class>
	</classes>
	</package>
	<package name="listboard.it.util"  line-rate="1"  branch-rate="0.75" >
	<classes>
		<class name="mongoose-q.js"  filename="util/mongoose-q.js"  line-rate="1"  branch-rate="0.5" >
		<methods>
			<method name="(anonymous_1)"  hits="3"  signature="()V" >
				<lines><line number="14"  hits="3" /></lines>
			</method>
			<method name="(anonymous_2)"  hits="4"  signature="()V" >
				<lines><line number="15"  hits="4" /></lines>
			</method>
			<method name="(anonymous_3)"  hits="251"  signature="()V" >
				<lines><line number="17"  hits="251" /></lines>
			</method>
		</methods>
		<lines>
			<line number="1"  hits="1"  branch="false" />
			<line number="5"  hits="1"  branch="false" />
			<line number="7"  hits="1"  branch="false" />
			<line number="8"  hits="1"  branch="false" />
			<line number="10"  hits="1"  branch="false" />
			<line number="12"  hits="1"  branch="false" />
			<line number="14"  hits="1"  branch="false" />
			<line number="15"  hits="3"  branch="false" />
			<line number="16"  hits="4"  branch="true"  condition-coverage="50% (1/2)" />
			<line number="17"  hits="4"  branch="false" />
			<line number="18"  hits="251"  branch="false" />
			<line number="19"  hits="251"  branch="false" />
			<line number="20"  hits="251"  branch="false" />
			<line number="21"  hits="251"  branch="false" />
			<line number="22"  hits="251"  branch="false" />
			<line number="28"  hits="1"  branch="false" />
			<line number="29"  hits="1"  branch="false" />
			<line number="31"  hits="1"  branch="false" />
			<line number="34"  hits="1"  branch="false" />
		</lines>
		</class>
		<class name="mongoose-timestamp.js"  filename="util/mongoose-timestamp.js"  line-rate="1"  branch-rate="1" >
		<methods>
			<method name="(anonymous_1)"  hits="9"  signature="()V" >
				<lines><line number="1"  hits="9" /></lines>
			</method>
			<method name="(anonymous_2)"  hits="100"  signature="()V" >
				<lines><line number="7"  hits="100" /></lines>
			</method>
		</methods>
		<lines>
			<line number="1"  hits="1"  branch="false" />
			<line number="2"  hits="9"  branch="false" />
			<line number="7"  hits="9"  branch="false" />
			<line number="8"  hits="100"  branch="true"  condition-coverage="100% (2/2)" />
			<line number="9"  hits="95"  branch="false" />
			<line number="11"  hits="5"  branch="false" />
			<line number="13"  hits="100"  branch="false" />
		</lines>
		</class>
		<class name="security.js"  filename="util/security.js"  line-rate="1"  branch-rate="0.75" >
		<methods>
			<method name="(anonymous_1)"  hits="2"  signature="()V" >
				<lines><line number="5"  hits="2" /></lines>
			</method>
			<method name="(anonymous_2)"  hits="2"  signature="()V" >
				<lines><line number="9"  hits="2" /></lines>
			</method>
		</methods>
		<lines>
			<line number="1"  hits="1"  branch="false" />
			<line number="5"  hits="1"  branch="false" />
			<line number="6"  hits="2"  branch="true"  condition-coverage="100% (2/2)" />
			<line number="8"  hits="2"  branch="false" />
			<line number="9"  hits="2"  branch="false" />
			<line number="10"  hits="2"  branch="true"  condition-coverage="50% (1/2)" />
			<line number="12"  hits="2"  branch="false" />
			<line number="14"  hits="2"  branch="false" />
		</lines>
		</class>
	</classes>
	</package>
</packages>
</coverage>
