{"/Users/den/Projects/listboard.it/models/user.js":{"path":"/Users/den/Projects/listboard.it/models/user.js","s":{"1":1,"2":1,"3":1,"4":1,"5":1,"6":1,"7":1,"8":21,"9":21,"10":3,"11":18,"12":18,"13":0,"14":18,"15":18,"16":1,"17":8,"18":1,"19":26,"20":1,"21":72,"22":1,"23":21,"24":21,"25":21,"26":0,"27":0,"28":21,"29":0,"30":1,"31":98,"32":1,"33":1,"34":0,"35":0,"36":0,"37":0,"38":0,"39":0,"40":0,"41":0,"42":1,"43":18,"44":18,"45":1,"46":1,"47":1,"48":1},"b":{"1":[3,18],"2":[0,18],"3":[0,21],"4":[21,3],"5":[0,0],"6":[0,0],"7":[0,0]},"f":{"1":21,"2":18,"3":8,"4":26,"5":72,"6":21,"7":21,"8":0,"9":98,"10":0,"11":0,"12":18,"13":1},"fnMap":{"1":{"name":"(anonymous_1)","line":29,"loc":{"start":{"line":29,"column":23},"end":{"line":29,"column":38}}},"2":{"name":"(anonymous_2)","line":36,"loc":{"start":{"line":36,"column":49},"end":{"line":36,"column":69}}},"3":{"name":"(anonymous_3)","line":45,"loc":{"start":{"line":45,"column":34},"end":{"line":45,"column":64}}},"4":{"name":"(anonymous_4)","line":50,"loc":{"start":{"line":50,"column":26},"end":{"line":50,"column":40}}},"5":{"name":"(anonymous_5)","line":54,"loc":{"start":{"line":54,"column":29},"end":{"line":54,"column":46}}},"6":{"name":"(anonymous_6)","line":58,"loc":{"start":{"line":58,"column":23},"end":{"line":58,"column":39}}},"7":{"name":"(anonymous_7)","line":61,"loc":{"start":{"line":61,"column":14},"end":{"line":61,"column":35}}},"8":{"name":"(anonymous_8)","line":68,"loc":{"start":{"line":68,"column":16},"end":{"line":68,"column":31}}},"9":{"name":"(anonymous_9)","line":73,"loc":{"start":{"line":73,"column":15},"end":{"line":73,"column":30}}},"10":{"name":"(anonymous_10)","line":80,"loc":{"start":{"line":80,"column":46},"end":{"line":80,"column":61}}},"11":{"name":"(anonymous_11)","line":81,"loc":{"start":{"line":81,"column":43},"end":{"line":81,"column":64}}},"12":{"name":"(anonymous_12)","line":90,"loc":{"start":{"line":90,"column":34},"end":{"line":90,"column":58}}},"13":{"name":"(anonymous_13)","line":95,"loc":{"start":{"line":95,"column":37},"end":{"line":95,"column":58}}}},"statementMap":{"1":{"start":{"line":3,"column":0},"end":{"line":7,"column":21}},"2":{"start":{"line":9,"column":0},"end":{"line":10,"column":26}},"3":{"start":{"line":12,"column":0},"end":{"line":17,"column":0}},"4":{"start":{"line":17,"column":0},"end":{"line":17,"column":45}},"5":{"start":{"line":19,"column":0},"end":{"line":24,"column":3}},"6":{"start":{"line":26,"column":0},"end":{"line":26,"column":57}},"7":{"start":{"line":29,"column":0},"end":{"line":43,"column":3}},"8":{"start":{"line":30,"column":4},"end":{"line":30,"column":20}},"9":{"start":{"line":33,"column":4},"end":{"line":33,"column":52}},"10":{"start":{"line":33,"column":38},"end":{"line":33,"column":52}},"11":{"start":{"line":36,"column":4},"end":{"line":42,"column":7}},"12":{"start":{"line":37,"column":8},"end":{"line":37,"column":34}},"13":{"start":{"line":37,"column":17},"end":{"line":37,"column":34}},"14":{"start":{"line":40,"column":8},"end":{"line":40,"column":29}},"15":{"start":{"line":41,"column":8},"end":{"line":41,"column":15}},"16":{"start":{"line":45,"column":0},"end":{"line":47,"column":2}},"17":{"start":{"line":46,"column":4},"end":{"line":46,"column":61}},"18":{"start":{"line":50,"column":0},"end":{"line":52,"column":2}},"19":{"start":{"line":51,"column":4},"end":{"line":51,"column":32}},"20":{"start":{"line":54,"column":0},"end":{"line":56,"column":2}},"21":{"start":{"line":55,"column":4},"end":{"line":55,"column":52}},"22":{"start":{"line":58,"column":0},"end":{"line":71,"column":3}},"23":{"start":{"line":59,"column":4},"end":{"line":59,"column":20}},"24":{"start":{"line":60,"column":4},"end":{"line":70,"column":11}},"25":{"start":{"line":62,"column":12},"end":{"line":67,"column":13}},"26":{"start":{"line":63,"column":16},"end":{"line":63,"column":69}},"27":{"start":{"line":64,"column":16},"end":{"line":64,"column":60}},"28":{"start":{"line":66,"column":16},"end":{"line":66,"column":23}},"29":{"start":{"line":69,"column":12},"end":{"line":69,"column":22}},"30":{"start":{"line":73,"column":0},"end":{"line":75,"column":2}},"31":{"start":{"line":74,"column":4},"end":{"line":74,"column":47}},"32":{"start":{"line":77,"column":0},"end":{"line":77,"column":33}},"33":{"start":{"line":80,"column":0},"end":{"line":90,"column":0}},"34":{"start":{"line":81,"column":4},"end":{"line":81,"column":106}},"35":{"start":{"line":81,"column":66},"end":{"line":81,"column":102}},"36":{"start":{"line":82,"column":4},"end":{"line":88,"column":0}},"37":{"start":{"line":83,"column":8},"end":{"line":83,"column":25}},"38":{"start":{"line":84,"column":9},"end":{"line":88,"column":0}},"39":{"start":{"line":85,"column":8},"end":{"line":86,"column":4}},"40":{"start":{"line":86,"column":9},"end":{"line":88,"column":0}},"41":{"start":{"line":87,"column":8},"end":{"line":88,"column":0}},"42":{"start":{"line":90,"column":0},"end":{"line":95,"column":0}},"43":{"start":{"line":91,"column":4},"end":{"line":91,"column":39}},"44":{"start":{"line":92,"column":4},"end":{"line":92,"column":35}},"45":{"start":{"line":95,"column":0},"end":{"line":98,"column":2}},"46":{"start":{"line":96,"column":4},"end":{"line":96,"column":43}},"47":{"start":{"line":97,"column":4},"end":{"line":97,"column":16}},"48":{"start":{"line":100,"column":0},"end":{"line":100,"column":59}}},"branchMap":{"1":{"line":33,"type":"if","locations":[{"start":{"line":33,"column":4},"end":{"line":33,"column":4}},{"start":{"line":33,"column":4},"end":{"line":33,"column":4}}]},"2":{"line":37,"type":"if","locations":[{"start":{"line":37,"column":8},"end":{"line":37,"column":8}},{"start":{"line":37,"column":8},"end":{"line":37,"column":8}}]},"3":{"line":62,"type":"if","locations":[{"start":{"line":62,"column":12},"end":{"line":62,"column":12}},{"start":{"line":62,"column":12},"end":{"line":62,"column":12}}]},"4":{"line":62,"type":"binary-expr","locations":[{"start":{"line":62,"column":16},"end":{"line":62,"column":25}},{"start":{"line":62,"column":29},"end":{"line":62,"column":60}}]},"5":{"line":82,"type":"if","locations":[{"start":{"line":82,"column":4},"end":{"line":82,"column":4}},{"start":{"line":82,"column":4},"end":{"line":82,"column":4}}]},"6":{"line":84,"type":"if","locations":[{"start":{"line":84,"column":9},"end":{"line":84,"column":9}},{"start":{"line":84,"column":9},"end":{"line":84,"column":9}}]},"7":{"line":86,"type":"if","locations":[{"start":{"line":86,"column":9},"end":{"line":86,"column":9}},{"start":{"line":86,"column":9},"end":{"line":86,"column":9}}]}}},"/Users/den/Projects/listboard.it/models/validation.js":{"path":"/Users/den/Projects/listboard.it/models/validation.js","s":{"1":1,"2":2,"3":21},"b":{},"f":{"1":2,"2":21},"fnMap":{"1":{"name":"(anonymous_1)","line":1,"loc":{"start":{"line":1,"column":19},"end":{"line":1,"column":34}}},"2":{"name":"(anonymous_2)","line":3,"loc":{"start":{"line":3,"column":5},"end":{"line":3,"column":22}}}},"statementMap":{"1":{"start":{"line":1,"column":0},"end":{"line":11,"column":0}},"2":{"start":{"line":2,"column":1},"end":{"line":8,"column":0}},"3":{"start":{"line":4,"column":9},"end":{"line":5,"column":5}}},"branchMap":{}},"/Users/den/Projects/listboard.it/models/listboard.js":{"path":"/Users/den/Projects/listboard.it/models/listboard.js","s":{"1":1,"2":1,"3":1,"4":1,"5":0,"6":0,"7":1,"8":0,"9":0,"10":1,"11":0,"12":1,"13":0,"14":0,"15":0,"16":0,"17":0,"18":0,"19":0,"20":0,"21":1},"b":{"1":[0,0],"2":[0,0],"3":[0,0]},"f":{"1":0,"2":0,"3":0,"4":0,"5":0},"fnMap":{"1":{"name":"(anonymous_1)","line":23,"loc":{"start":{"line":23,"column":39},"end":{"line":23,"column":55}}},"2":{"name":"(anonymous_2)","line":32,"loc":{"start":{"line":32,"column":42},"end":{"line":32,"column":58}}},"3":{"name":"(anonymous_3)","line":37,"loc":{"start":{"line":37,"column":31},"end":{"line":37,"column":43}}},"4":{"name":"(anonymous_4)","line":41,"loc":{"start":{"line":41,"column":51},"end":{"line":41,"column":73}}},"5":{"name":"(anonymous_5)","line":42,"loc":{"start":{"line":42,"column":43},"end":{"line":42,"column":59}}}},"statementMap":{"1":{"start":{"line":3,"column":0},"end":{"line":4,"column":26}},"2":{"start":{"line":7,"column":0},"end":{"line":19,"column":3}},"3":{"start":{"line":21,"column":0},"end":{"line":21,"column":62}},"4":{"start":{"line":23,"column":0},"end":{"line":30,"column":2}},"5":{"start":{"line":24,"column":4},"end":{"line":28,"column":7}},"6":{"start":{"line":29,"column":4},"end":{"line":29,"column":16}},"7":{"start":{"line":32,"column":0},"end":{"line":35,"column":2}},"8":{"start":{"line":33,"column":4},"end":{"line":33,"column":33}},"9":{"start":{"line":34,"column":4},"end":{"line":34,"column":16}},"10":{"start":{"line":37,"column":0},"end":{"line":39,"column":2}},"11":{"start":{"line":38,"column":4},"end":{"line":38,"column":35}},"12":{"start":{"line":41,"column":0},"end":{"line":51,"column":0}},"13":{"start":{"line":42,"column":4},"end":{"line":42,"column":103}},"14":{"start":{"line":42,"column":61},"end":{"line":42,"column":99}},"15":{"start":{"line":43,"column":4},"end":{"line":49,"column":0}},"16":{"start":{"line":44,"column":8},"end":{"line":44,"column":25}},"17":{"start":{"line":45,"column":9},"end":{"line":49,"column":0}},"18":{"start":{"line":46,"column":8},"end":{"line":47,"column":4}},"19":{"start":{"line":47,"column":9},"end":{"line":49,"column":0}},"20":{"start":{"line":48,"column":8},"end":{"line":49,"column":0}},"21":{"start":{"line":51,"column":0},"end":{"line":51,"column":33}}},"branchMap":{"1":{"line":43,"type":"if","locations":[{"start":{"line":43,"column":4},"end":{"line":43,"column":4}},{"start":{"line":43,"column":4},"end":{"line":43,"column":4}}]},"2":{"line":45,"type":"if","locations":[{"start":{"line":45,"column":9},"end":{"line":45,"column":9}},{"start":{"line":45,"column":9},"end":{"line":45,"column":9}}]},"3":{"line":47,"type":"if","locations":[{"start":{"line":47,"column":9},"end":{"line":47,"column":9}},{"start":{"line":47,"column":9},"end":{"line":47,"column":9}}]}}},"/Users/den/Projects/listboard.it/models/container.js":{"path":"/Users/den/Projects/listboard.it/models/container.js","s":{"1":1,"2":1,"3":1,"4":1},"b":{},"f":{},"fnMap":{},"statementMap":{"1":{"start":{"line":1,"column":0},"end":{"line":3,"column":0}},"2":{"start":{"line":3,"column":0},"end":{"line":12,"column":3}},"3":{"start":{"line":14,"column":0},"end":{"line":14,"column":62}},"4":{"start":{"line":16,"column":0},"end":{"line":16,"column":33}}},"branchMap":{}},"/Users/den/Projects/listboard.it/util/mongoose-timestamp.js":{"path":"/Users/den/Projects/listboard.it/util/mongoose-timestamp.js","s":{"1":1,"2":9,"3":9,"4":100,"5":95,"6":5,"7":100},"b":{"1":[95,5]},"f":{"1":9,"2":100},"fnMap":{"1":{"name":"(anonymous_1)","line":1,"loc":{"start":{"line":1,"column":17},"end":{"line":1,"column":34}}},"2":{"name":"(anonymous_2)","line":7,"loc":{"start":{"line":7,"column":23},"end":{"line":7,"column":39}}}},"statementMap":{"1":{"start":{"line":1,"column":0},"end":{"line":15,"column":2}},"2":{"start":{"line":2,"column":4},"end":{"line":5,"column":7}},"3":{"start":{"line":7,"column":4},"end":{"line":14,"column":7}},"4":{"start":{"line":8,"column":8},"end":{"line":12,"column":9}},"5":{"start":{"line":9,"column":12},"end":{"line":9,"column":57}},"6":{"start":{"line":11,"column":12},"end":{"line":11,"column":40}},"7":{"start":{"line":13,"column":8},"end":{"line":13,"column":15}}},"branchMap":{"1":{"line":8,"type":"if","locations":[{"start":{"line":8,"column":8},"end":{"line":8,"column":8}},{"start":{"line":8,"column":8},"end":{"line":8,"column":8}}]}}},"/Users/den/Projects/listboard.it/models/application.js":{"path":"/Users/den/Projects/listboard.it/models/application.js","s":{"1":1,"2":1,"3":1,"4":1,"5":1,"6":9,"7":1,"8":17,"9":1,"10":1,"11":0,"12":1,"13":1,"14":0,"15":1,"16":1,"17":17,"18":17,"19":1,"20":15,"21":15,"22":15,"23":1,"24":1,"25":1,"26":1,"27":1,"28":0,"29":0,"30":0,"31":1,"32":1,"33":1,"34":1,"35":1,"36":0,"37":0,"38":0,"39":1},"b":{"1":[0,1],"2":[0,1],"3":[17,17,16,16,16,1,15],"4":[15,15,14],"5":[1,0],"6":[1,0]},"f":{"1":9,"2":17,"3":1,"4":17,"5":15,"6":15,"7":1,"8":0,"9":1,"10":0},"fnMap":{"1":{"name":"(anonymous_1)","line":16,"loc":{"start":{"line":16,"column":39},"end":{"line":16,"column":60}}},"2":{"name":"(anonymous_2)","line":20,"loc":{"start":{"line":20,"column":31},"end":{"line":20,"column":51}}},"3":{"name":"(anonymous_3)","line":24,"loc":{"start":{"line":24,"column":48},"end":{"line":24,"column":64}}},"4":{"name":"(anonymous_4)","line":33,"loc":{"start":{"line":33,"column":44},"end":{"line":33,"column":76}}},"5":{"name":"(anonymous_5)","line":40,"loc":{"start":{"line":40,"column":43},"end":{"line":40,"column":66}}},"6":{"name":"(anonymous_6)","line":41,"loc":{"start":{"line":41,"column":36},"end":{"line":41,"column":49}}},"7":{"name":"(anonymous_7)","line":49,"loc":{"start":{"line":49,"column":36},"end":{"line":49,"column":58}}},"8":{"name":"(anonymous_8)","line":57,"loc":{"start":{"line":57,"column":18},"end":{"line":57,"column":34}}},"9":{"name":"(anonymous_9)","line":65,"loc":{"start":{"line":65,"column":36},"end":{"line":65,"column":58}}},"10":{"name":"(anonymous_10)","line":73,"loc":{"start":{"line":73,"column":18},"end":{"line":73,"column":34}}}},"statementMap":{"1":{"start":{"line":1,"column":0},"end":{"line":5,"column":4}},"2":{"start":{"line":5,"column":4},"end":{"line":5,"column":76}},"3":{"start":{"line":7,"column":0},"end":{"line":12,"column":3}},"4":{"start":{"line":14,"column":0},"end":{"line":14,"column":64}},"5":{"start":{"line":16,"column":0},"end":{"line":18,"column":2}},"6":{"start":{"line":17,"column":4},"end":{"line":17,"column":74}},"7":{"start":{"line":20,"column":0},"end":{"line":22,"column":2}},"8":{"start":{"line":21,"column":4},"end":{"line":21,"column":60}},"9":{"start":{"line":24,"column":0},"end":{"line":31,"column":31}},"10":{"start":{"line":25,"column":4},"end":{"line":25,"column":40}},"11":{"start":{"line":25,"column":27},"end":{"line":25,"column":40}},"12":{"start":{"line":27,"column":4},"end":{"line":29,"column":5}},"13":{"start":{"line":28,"column":8},"end":{"line":28,"column":70}},"14":{"start":{"line":28,"column":57},"end":{"line":28,"column":70}},"15":{"start":{"line":30,"column":4},"end":{"line":30,"column":16}},"16":{"start":{"line":33,"column":0},"end":{"line":38,"column":2}},"17":{"start":{"line":34,"column":4},"end":{"line":34,"column":37}},"18":{"start":{"line":35,"column":4},"end":{"line":37,"column":67}},"19":{"start":{"line":40,"column":0},"end":{"line":47,"column":2}},"20":{"start":{"line":41,"column":4},"end":{"line":46,"column":7}},"21":{"start":{"line":42,"column":8},"end":{"line":42,"column":74}},"22":{"start":{"line":43,"column":8},"end":{"line":45,"column":53}},"23":{"start":{"line":49,"column":0},"end":{"line":63,"column":3}},"24":{"start":{"line":50,"column":4},"end":{"line":50,"column":20}},"25":{"start":{"line":51,"column":4},"end":{"line":51,"column":11}},"26":{"start":{"line":53,"column":4},"end":{"line":62,"column":5}},"27":{"start":{"line":54,"column":8},"end":{"line":54,"column":15}},"28":{"start":{"line":56,"column":8},"end":{"line":62,"column":4}},"29":{"start":{"line":58,"column":16},"end":{"line":58,"column":39}},"30":{"start":{"line":59,"column":16},"end":{"line":59,"column":23}},"31":{"start":{"line":65,"column":0},"end":{"line":79,"column":3}},"32":{"start":{"line":66,"column":4},"end":{"line":66,"column":20}},"33":{"start":{"line":67,"column":4},"end":{"line":67,"column":11}},"34":{"start":{"line":69,"column":4},"end":{"line":78,"column":5}},"35":{"start":{"line":70,"column":8},"end":{"line":70,"column":15}},"36":{"start":{"line":72,"column":8},"end":{"line":78,"column":4}},"37":{"start":{"line":74,"column":16},"end":{"line":74,"column":43}},"38":{"start":{"line":75,"column":16},"end":{"line":75,"column":23}},"39":{"start":{"line":82,"column":0},"end":{"line":82,"column":80}}},"branchMap":{"1":{"line":25,"type":"if","locations":[{"start":{"line":25,"column":4},"end":{"line":25,"column":4}},{"start":{"line":25,"column":4},"end":{"line":25,"column":4}}]},"2":{"line":28,"type":"if","locations":[{"start":{"line":28,"column":8},"end":{"line":28,"column":8}},{"start":{"line":28,"column":8},"end":{"line":28,"column":8}}]},"3":{"line":35,"type":"binary-expr","locations":[{"start":{"line":35,"column":11},"end":{"line":35,"column":41}},{"start":{"line":35,"column":45},"end":{"line":35,"column":79}},{"start":{"line":36,"column":8},"end":{"line":36,"column":34}},{"start":{"line":36,"column":38},"end":{"line":36,"column":63}},{"start":{"line":37,"column":10},"end":{"line":37,"column":24}},{"start":{"line":37,"column":28},"end":{"line":37,"column":44}},{"start":{"line":37,"column":49},"end":{"line":37,"column":64}}]},"4":{"line":43,"type":"binary-expr","locations":[{"start":{"line":43,"column":15},"end":{"line":43,"column":55}},{"start":{"line":44,"column":12},"end":{"line":44,"column":44}},{"start":{"line":45,"column":12},"end":{"line":45,"column":52}}]},"5":{"line":53,"type":"if","locations":[{"start":{"line":53,"column":4},"end":{"line":53,"column":4}},{"start":{"line":53,"column":4},"end":{"line":53,"column":4}}]},"6":{"line":69,"type":"if","locations":[{"start":{"line":69,"column":4},"end":{"line":69,"column":4}},{"start":{"line":69,"column":4},"end":{"line":69,"column":4}}]}}},"/Users/den/Projects/listboard.it/util/security.js":{"path":"/Users/den/Projects/listboard.it/util/security.js","s":{"1":1,"2":1,"3":2,"4":2,"5":2,"6":2,"7":0,"8":2,"9":2},"b":{"1":[2,2],"2":[0,2]},"f":{"1":2,"2":2},"fnMap":{"1":{"name":"(anonymous_1)","line":5,"loc":{"start":{"line":5,"column":38},"end":{"line":5,"column":53}}},"2":{"name":"(anonymous_2)","line":9,"loc":{"start":{"line":9,"column":29},"end":{"line":9,"column":51}}}},"statementMap":{"1":{"start":{"line":1,"column":0},"end":{"line":2,"column":31}},"2":{"start":{"line":5,"column":0},"end":{"line":16,"column":0}},"3":{"start":{"line":6,"column":4},"end":{"line":6,"column":23}},"4":{"start":{"line":8,"column":4},"end":{"line":8,"column":29}},"5":{"start":{"line":9,"column":4},"end":{"line":13,"column":7}},"6":{"start":{"line":10,"column":8},"end":{"line":10,"column":43}},"7":{"start":{"line":10,"column":16},"end":{"line":10,"column":43}},"8":{"start":{"line":12,"column":8},"end":{"line":12,"column":83}},"9":{"start":{"line":14,"column":4},"end":{"line":14,"column":28}}},"branchMap":{"1":{"line":6,"type":"binary-expr","locations":[{"start":{"line":6,"column":11},"end":{"line":6,"column":15}},{"start":{"line":6,"column":19},"end":{"line":6,"column":22}}]},"2":{"line":10,"type":"if","locations":[{"start":{"line":10,"column":8},"end":{"line":10,"column":8}},{"start":{"line":10,"column":8},"end":{"line":10,"column":8}}]}}},"/Users/den/Projects/listboard.it/api/express.js":{"path":"/Users/den/Projects/listboard.it/api/express.js","s":{"1":1,"2":1,"3":1,"4":1,"5":1,"6":1,"7":1,"8":1,"9":1,"10":61,"11":1},"b":{},"f":{"1":61},"fnMap":{"1":{"name":"(anonymous_1)","line":16,"loc":{"start":{"line":16,"column":11},"end":{"line":16,"column":25}}}},"statementMap":{"1":{"start":{"line":1,"column":0},"end":{"line":1,"column":33}},"2":{"start":{"line":2,"column":0},"end":{"line":2,"column":29}},"3":{"start":{"line":4,"column":0},"end":{"line":4,"column":51}},"4":{"start":{"line":6,"column":0},"end":{"line":6,"column":20}},"5":{"start":{"line":8,"column":0},"end":{"line":8,"column":38}},"6":{"start":{"line":9,"column":0},"end":{"line":9,"column":31}},"7":{"start":{"line":10,"column":0},"end":{"line":10,"column":45}},"8":{"start":{"line":12,"column":0},"end":{"line":12,"column":50}},"9":{"start":{"line":15,"column":0},"end":{"line":19,"column":5}},"10":{"start":{"line":17,"column":8},"end":{"line":17,"column":51}},"11":{"start":{"line":21,"column":0},"end":{"line":21,"column":21}}},"branchMap":{}},"/Users/den/Projects/listboard.it/api/oauth2.js":{"path":"/Users/den/Projects/listboard.it/api/oauth2.js","s":{"1":1,"2":1,"3":1,"4":1,"5":1,"6":1,"7":1,"8":1,"9":32,"10":2,"11":30,"12":1,"13":10,"14":0,"15":10,"16":10,"17":10,"18":10,"19":0,"20":1,"21":76,"22":1,"23":15,"24":1,"25":4,"26":63,"27":63,"28":79,"29":63,"30":1,"31":14,"32":1,"33":1,"34":4,"35":1,"36":1,"37":1,"38":19,"39":63,"40":19,"41":5,"42":14,"43":14,"44":13,"45":13,"46":1,"47":0,"48":1,"49":11,"50":0,"51":11,"52":1,"53":9,"54":7,"55":7,"56":0,"57":7,"58":7,"59":0,"60":7,"61":7,"62":0,"63":2,"64":1,"65":6,"66":6,"67":6,"68":0,"69":0,"70":1,"71":4,"72":4,"73":3,"74":3,"75":3,"76":2,"77":2,"78":2,"79":2,"80":2,"81":1,"82":1,"83":1,"84":1,"85":1,"86":1,"87":1,"88":0,"89":0,"90":0,"91":0,"92":1,"93":1,"94":0,"95":0,"96":1,"97":1,"98":1,"99":1,"100":1,"101":1,"102":1,"103":0,"104":0,"105":1,"106":4,"107":3,"108":3,"109":1,"110":1,"111":1,"112":1,"113":0,"114":0,"115":1,"116":0,"117":0,"118":0,"119":2,"120":0,"121":1,"122":1,"123":0},"b":{"1":[2,30],"2":[0,10],"3":[10,0],"4":[76,72,72],"5":[142,82],"6":[79,79],"7":[0,14],"8":[5,14],"9":[13,1],"10":[14,14],"11":[0,11],"12":[7,2],"13":[9,9,9,7],"14":[0,7],"15":[0,7],"16":[6,0],"17":[4,0],"18":[4,4],"19":[3,1],"20":[2,1],"21":[3,2,2],"22":[2,0],"23":[1,0],"24":[1,0],"25":[3,1],"26":[4,3,3,3,3,3,3],"27":[1,2],"28":[3,1],"29":[1,0],"30":[1,1],"31":[0,1]},"f":{"1":32,"2":10,"3":10,"4":76,"5":15,"6":4,"7":63,"8":14,"9":4,"10":1,"11":1,"12":19,"13":63,"14":14,"15":0,"16":11,"17":9,"18":7,"19":7,"20":0,"21":6,"22":6,"23":0,"24":4,"25":3,"26":3,"27":1,"28":1,"29":0,"30":0,"31":0,"32":0,"33":1,"34":1,"35":1,"36":1,"37":0,"38":0,"39":4,"40":3,"41":1,"42":1,"43":0,"44":0,"45":0,"46":0},"fnMap":{"1":{"name":"(anonymous_1)","line":26,"loc":{"start":{"line":26,"column":19},"end":{"line":26,"column":44}}},"2":{"name":"(anonymous_2)","line":33,"loc":{"start":{"line":33,"column":17},"end":{"line":33,"column":42}}},"3":{"name":"(anonymous_3)","line":37,"loc":{"start":{"line":37,"column":14},"end":{"line":37,"column":29}}},"4":{"name":"(anonymous_4)","line":48,"loc":{"start":{"line":48,"column":21},"end":{"line":48,"column":37}}},"5":{"name":"(anonymous_5)","line":52,"loc":{"start":{"line":52,"column":13},"end":{"line":52,"column":25}}},"6":{"name":"(anonymous_6)","line":57,"loc":{"start":{"line":57,"column":10},"end":{"line":57,"column":26}}},"7":{"name":"(anonymous_7)","line":58,"loc":{"start":{"line":58,"column":11},"end":{"line":58,"column":23}}},"8":{"name":"(anonymous_8)","line":67,"loc":{"start":{"line":67,"column":30},"end":{"line":67,"column":46}}},"9":{"name":"(anonymous_9)","line":78,"loc":{"start":{"line":78,"column":65},"end":{"line":78,"column":77}}},"10":{"name":"(anonymous_10)","line":82,"loc":{"start":{"line":82,"column":17},"end":{"line":82,"column":31}}},"11":{"name":"(anonymous_11)","line":84,"loc":{"start":{"line":84,"column":79},"end":{"line":84,"column":90}}},"12":{"name":"(anonymous_12)","line":85,"loc":{"start":{"line":85,"column":21},"end":{"line":85,"column":40}}},"13":{"name":"(anonymous_13)","line":86,"loc":{"start":{"line":86,"column":67},"end":{"line":86,"column":82}}},"14":{"name":"(anonymous_14)","line":96,"loc":{"start":{"line":96,"column":26},"end":{"line":96,"column":48}}},"15":{"name":"(anonymous_15)","line":113,"loc":{"start":{"line":113,"column":26},"end":{"line":113,"column":37}}},"16":{"name":"(anonymous_16)","line":121,"loc":{"start":{"line":121,"column":46},"end":{"line":121,"column":65}}},"17":{"name":"(anonymous_17)","line":133,"loc":{"start":{"line":133,"column":51},"end":{"line":133,"column":70}}},"18":{"name":"(anonymous_18)","line":136,"loc":{"start":{"line":136,"column":26},"end":{"line":136,"column":42}}},"19":{"name":"(anonymous_19)","line":139,"loc":{"start":{"line":139,"column":61},"end":{"line":139,"column":83}}},"20":{"name":"(anonymous_20)","line":146,"loc":{"start":{"line":146,"column":26},"end":{"line":146,"column":37}}},"21":{"name":"(anonymous_21)","line":155,"loc":{"start":{"line":155,"column":66},"end":{"line":155,"column":85}}},"22":{"name":"(anonymous_22)","line":157,"loc":{"start":{"line":157,"column":22},"end":{"line":157,"column":36}}},"23":{"name":"(anonymous_23)","line":167,"loc":{"start":{"line":167,"column":22},"end":{"line":167,"column":36}}},"24":{"name":"(anonymous_24)","line":172,"loc":{"start":{"line":172,"column":71},"end":{"line":172,"column":90}}},"25":{"name":"(anonymous_25)","line":178,"loc":{"start":{"line":178,"column":30},"end":{"line":178,"column":52}}},"26":{"name":"(anonymous_26)","line":180,"loc":{"start":{"line":180,"column":38},"end":{"line":180,"column":57}}},"27":{"name":"(anonymous_27)","line":193,"loc":{"start":{"line":193,"column":50},"end":{"line":193,"column":69}}},"28":{"name":"(anonymous_28)","line":195,"loc":{"start":{"line":195,"column":58},"end":{"line":195,"column":69}}},"29":{"name":"(anonymous_29)","line":205,"loc":{"start":{"line":205,"column":60},"end":{"line":205,"column":74}}},"30":{"name":"(anonymous_30)","line":208,"loc":{"start":{"line":208,"column":52},"end":{"line":208,"column":66}}},"31":{"name":"(anonymous_31)","line":213,"loc":{"start":{"line":213,"column":40},"end":{"line":213,"column":54}}},"32":{"name":"(anonymous_32)","line":216,"loc":{"start":{"line":216,"column":32},"end":{"line":216,"column":46}}},"33":{"name":"(anonymous_33)","line":230,"loc":{"start":{"line":230,"column":34},"end":{"line":230,"column":62}}},"34":{"name":"(anonymous_34)","line":237,"loc":{"start":{"line":237,"column":37},"end":{"line":237,"column":61}}},"35":{"name":"(anonymous_35)","line":239,"loc":{"start":{"line":239,"column":18},"end":{"line":239,"column":41}}},"36":{"name":"(anonymous_36)","line":241,"loc":{"start":{"line":241,"column":26},"end":{"line":241,"column":37}}},"37":{"name":"(anonymous_37)","line":245,"loc":{"start":{"line":245,"column":28},"end":{"line":245,"column":42}}},"38":{"name":"(anonymous_38)","line":248,"loc":{"start":{"line":248,"column":20},"end":{"line":248,"column":34}}},"39":{"name":"(anonymous_39)","line":253,"loc":{"start":{"line":253,"column":52},"end":{"line":253,"column":71}}},"40":{"name":"(anonymous_40)","line":266,"loc":{"start":{"line":266,"column":22},"end":{"line":266,"column":44}}},"41":{"name":"(anonymous_41)","line":271,"loc":{"start":{"line":271,"column":34},"end":{"line":271,"column":53}}},"42":{"name":"(anonymous_42)","line":276,"loc":{"start":{"line":276,"column":46},"end":{"line":276,"column":68}}},"43":{"name":"(anonymous_43)","line":286,"loc":{"start":{"line":286,"column":46},"end":{"line":286,"column":60}}},"44":{"name":"(anonymous_44)","line":294,"loc":{"start":{"line":294,"column":36},"end":{"line":294,"column":50}}},"45":{"name":"(anonymous_45)","line":300,"loc":{"start":{"line":300,"column":24},"end":{"line":300,"column":38}}},"46":{"name":"(anonymous_46)","line":310,"loc":{"start":{"line":310,"column":24},"end":{"line":310,"column":43}}}},"statementMap":{"1":{"start":{"line":1,"column":0},"end":{"line":3,"column":51}},"2":{"start":{"line":5,"column":0},"end":{"line":7,"column":31}},"3":{"start":{"line":9,"column":0},"end":{"line":12,"column":51}},"4":{"start":{"line":14,"column":0},"end":{"line":14,"column":76}},"5":{"start":{"line":17,"column":0},"end":{"line":17,"column":42}},"6":{"start":{"line":19,"column":0},"end":{"line":23,"column":3}},"7":{"start":{"line":24,"column":0},"end":{"line":24,"column":26}},"8":{"start":{"line":26,"column":0},"end":{"line":31,"column":2}},"9":{"start":{"line":27,"column":4},"end":{"line":29,"column":5}},"10":{"start":{"line":28,"column":8},"end":{"line":28,"column":29}},"11":{"start":{"line":30,"column":4},"end":{"line":30,"column":11}},"12":{"start":{"line":33,"column":0},"end":{"line":45,"column":2}},"13":{"start":{"line":34,"column":4},"end":{"line":34,"column":51}},"14":{"start":{"line":34,"column":30},"end":{"line":34,"column":51}},"15":{"start":{"line":36,"column":4},"end":{"line":44,"column":17}},"16":{"start":{"line":38,"column":12},"end":{"line":43,"column":13}},"17":{"start":{"line":39,"column":16},"end":{"line":39,"column":32}},"18":{"start":{"line":40,"column":16},"end":{"line":40,"column":23}},"19":{"start":{"line":42,"column":16},"end":{"line":42,"column":30}},"20":{"start":{"line":48,"column":0},"end":{"line":50,"column":2}},"21":{"start":{"line":49,"column":4},"end":{"line":49,"column":66}},"22":{"start":{"line":52,"column":0},"end":{"line":54,"column":2}},"23":{"start":{"line":53,"column":4},"end":{"line":53,"column":24}},"24":{"start":{"line":57,"column":0},"end":{"line":65,"column":2}},"25":{"start":{"line":58,"column":4},"end":{"line":64,"column":6}},"26":{"start":{"line":59,"column":8},"end":{"line":59,"column":22}},"27":{"start":{"line":60,"column":8},"end":{"line":62,"column":9}},"28":{"start":{"line":61,"column":12},"end":{"line":61,"column":35}},"29":{"start":{"line":63,"column":8},"end":{"line":63,"column":18}},"30":{"start":{"line":67,"column":0},"end":{"line":69,"column":2}},"31":{"start":{"line":68,"column":4},"end":{"line":68,"column":56}},"32":{"start":{"line":71,"column":0},"end":{"line":76,"column":3}},"33":{"start":{"line":78,"column":0},"end":{"line":80,"column":3}},"34":{"start":{"line":79,"column":4},"end":{"line":79,"column":29}},"35":{"start":{"line":82,"column":0},"end":{"line":314,"column":2}},"36":{"start":{"line":84,"column":4},"end":{"line":228,"column":7}},"37":{"start":{"line":85,"column":8},"end":{"line":119,"column":11}},"38":{"start":{"line":86,"column":12},"end":{"line":88,"column":15}},"39":{"start":{"line":87,"column":16},"end":{"line":87,"column":52}},"40":{"start":{"line":90,"column":12},"end":{"line":118,"column":13}},"41":{"start":{"line":91,"column":16},"end":{"line":93,"column":19}},"42":{"start":{"line":95,"column":16},"end":{"line":117,"column":23}},"43":{"start":{"line":97,"column":24},"end":{"line":111,"column":25}},"44":{"start":{"line":99,"column":28},"end":{"line":103,"column":30}},"45":{"start":{"line":105,"column":28},"end":{"line":105,"column":52}},"46":{"start":{"line":108,"column":28},"end":{"line":110,"column":31}},"47":{"start":{"line":114,"column":24},"end":{"line":116,"column":27}},"48":{"start":{"line":121,"column":8},"end":{"line":131,"column":11}},"49":{"start":{"line":122,"column":12},"end":{"line":125,"column":13}},"50":{"start":{"line":123,"column":16},"end":{"line":123,"column":49}},"51":{"start":{"line":127,"column":12},"end":{"line":130,"column":15}},"52":{"start":{"line":133,"column":8},"end":{"line":153,"column":11}},"53":{"start":{"line":134,"column":12},"end":{"line":151,"column":13}},"54":{"start":{"line":135,"column":16},"end":{"line":148,"column":23}},"55":{"start":{"line":137,"column":24},"end":{"line":137,"column":86}},"56":{"start":{"line":137,"column":35},"end":{"line":137,"column":86}},"57":{"start":{"line":139,"column":24},"end":{"line":144,"column":27}},"58":{"start":{"line":140,"column":28},"end":{"line":140,"column":87}},"59":{"start":{"line":140,"column":36},"end":{"line":140,"column":87}},"60":{"start":{"line":142,"column":28},"end":{"line":142,"column":69}},"61":{"start":{"line":143,"column":28},"end":{"line":143,"column":61}},"62":{"start":{"line":147,"column":24},"end":{"line":147,"column":75}},"63":{"start":{"line":150,"column":16},"end":{"line":150,"column":60}},"64":{"start":{"line":155,"column":8},"end":{"line":170,"column":11}},"65":{"start":{"line":156,"column":12},"end":{"line":169,"column":19}},"66":{"start":{"line":158,"column":20},"end":{"line":165,"column":21}},"67":{"start":{"line":159,"column":24},"end":{"line":162,"column":27}},"68":{"start":{"line":164,"column":24},"end":{"line":164,"column":86}},"69":{"start":{"line":168,"column":20},"end":{"line":168,"column":86}},"70":{"start":{"line":172,"column":8},"end":{"line":227,"column":11}},"71":{"start":{"line":173,"column":12},"end":{"line":226,"column":13}},"72":{"start":{"line":175,"column":16},"end":{"line":223,"column":17}},"73":{"start":{"line":177,"column":20},"end":{"line":218,"column":27}},"74":{"start":{"line":179,"column":28},"end":{"line":215,"column":35}},"75":{"start":{"line":181,"column":36},"end":{"line":211,"column":37}},"76":{"start":{"line":182,"column":40},"end":{"line":184,"column":42}},"77":{"start":{"line":185,"column":40},"end":{"line":187,"column":41}},"78":{"start":{"line":186,"column":44},"end":{"line":186,"column":84}},"79":{"start":{"line":188,"column":40},"end":{"line":188,"column":121}},"80":{"start":{"line":190,"column":40},"end":{"line":190,"column":67}},"81":{"start":{"line":192,"column":40},"end":{"line":210,"column":47}},"82":{"start":{"line":194,"column":48},"end":{"line":207,"column":55}},"83":{"start":{"line":196,"column":56},"end":{"line":198,"column":58}},"84":{"start":{"line":199,"column":56},"end":{"line":201,"column":57}},"85":{"start":{"line":200,"column":60},"end":{"line":200,"column":100}},"86":{"start":{"line":203,"column":56},"end":{"line":203,"column":137}},"87":{"start":{"line":204,"column":56},"end":{"line":204,"column":83}},"88":{"start":{"line":206,"column":56},"end":{"line":206,"column":122}},"89":{"start":{"line":209,"column":48},"end":{"line":209,"column":114}},"90":{"start":{"line":214,"column":36},"end":{"line":215,"column":32}},"91":{"start":{"line":217,"column":28},"end":{"line":218,"column":24}},"92":{"start":{"line":219,"column":23},"end":{"line":223,"column":17}},"93":{"start":{"line":220,"column":20},"end":{"line":220,"column":78}},"94":{"start":{"line":222,"column":20},"end":{"line":222,"column":76}},"95":{"start":{"line":225,"column":16},"end":{"line":225,"column":74}},"96":{"start":{"line":230,"column":4},"end":{"line":235,"column":6}},"97":{"start":{"line":231,"column":8},"end":{"line":234,"column":11}},"98":{"start":{"line":237,"column":4},"end":{"line":251,"column":6}},"99":{"start":{"line":238,"column":8},"end":{"line":250,"column":15}},"100":{"start":{"line":240,"column":16},"end":{"line":247,"column":23}},"101":{"start":{"line":242,"column":24},"end":{"line":242,"column":67}},"102":{"start":{"line":244,"column":24},"end":{"line":244,"column":42}},"103":{"start":{"line":246,"column":24},"end":{"line":246,"column":81}},"104":{"start":{"line":249,"column":16},"end":{"line":249,"column":73}},"105":{"start":{"line":253,"column":4},"end":{"line":308,"column":7}},"106":{"start":{"line":255,"column":8},"end":{"line":306,"column":9}},"107":{"start":{"line":265,"column":12},"end":{"line":302,"column":19}},"108":{"start":{"line":268,"column":20},"end":{"line":299,"column":21}},"109":{"start":{"line":270,"column":24},"end":{"line":296,"column":31}},"110":{"start":{"line":273,"column":32},"end":{"line":292,"column":33}},"111":{"start":{"line":275,"column":36},"end":{"line":288,"column":43}},"112":{"start":{"line":277,"column":44},"end":{"line":284,"column":45}},"113":{"start":{"line":279,"column":48},"end":{"line":279,"column":96}},"114":{"start":{"line":280,"column":48},"end":{"line":280,"column":66}},"115":{"start":{"line":283,"column":48},"end":{"line":283,"column":90}},"116":{"start":{"line":287,"column":44},"end":{"line":287,"column":101}},"117":{"start":{"line":291,"column":36},"end":{"line":291,"column":83}},"118":{"start":{"line":295,"column":32},"end":{"line":295,"column":89}},"119":{"start":{"line":298,"column":24},"end":{"line":298,"column":71}},"120":{"start":{"line":301,"column":20},"end":{"line":301,"column":77}},"121":{"start":{"line":305,"column":12},"end":{"line":305,"column":61}},"122":{"start":{"line":310,"column":4},"end":{"line":314,"column":0}},"123":{"start":{"line":311,"column":8},"end":{"line":311,"column":30}}},"branchMap":{"1":{"line":27,"type":"if","locations":[{"start":{"line":27,"column":4},"end":{"line":27,"column":4}},{"start":{"line":27,"column":4},"end":{"line":27,"column":4}}]},"2":{"line":34,"type":"if","locations":[{"start":{"line":34,"column":4},"end":{"line":34,"column":4}},{"start":{"line":34,"column":4},"end":{"line":34,"column":4}}]},"3":{"line":38,"type":"if","locations":[{"start":{"line":38,"column":12},"end":{"line":38,"column":12}},{"start":{"line":38,"column":12},"end":{"line":38,"column":12}}]},"4":{"line":49,"type":"binary-expr","locations":[{"start":{"line":49,"column":11},"end":{"line":49,"column":24}},{"start":{"line":49,"column":28},"end":{"line":49,"column":45}},{"start":{"line":49,"column":49},"end":{"line":49,"column":65}}]},"5":{"line":60,"type":"binary-expr","locations":[{"start":{"line":60,"column":43},"end":{"line":60,"column":50}},{"start":{"line":60,"column":54},"end":{"line":60,"column":56}}]},"6":{"line":61,"type":"binary-expr","locations":[{"start":{"line":61,"column":17},"end":{"line":61,"column":19}},{"start":{"line":61,"column":23},"end":{"line":61,"column":34}}]},"7":{"line":68,"type":"cond-expr","locations":[{"start":{"line":68,"column":27},"end":{"line":68,"column":31}},{"start":{"line":68,"column":34},"end":{"line":68,"column":55}}]},"8":{"line":90,"type":"if","locations":[{"start":{"line":90,"column":12},"end":{"line":90,"column":12}},{"start":{"line":90,"column":12},"end":{"line":90,"column":12}}]},"9":{"line":97,"type":"if","locations":[{"start":{"line":97,"column":24},"end":{"line":97,"column":24}},{"start":{"line":97,"column":24},"end":{"line":97,"column":24}}]},"10":{"line":97,"type":"binary-expr","locations":[{"start":{"line":97,"column":27},"end":{"line":97,"column":38}},{"start":{"line":97,"column":42},"end":{"line":97,"column":92}}]},"11":{"line":122,"type":"if","locations":[{"start":{"line":122,"column":12},"end":{"line":122,"column":12}},{"start":{"line":122,"column":12},"end":{"line":122,"column":12}}]},"12":{"line":134,"type":"if","locations":[{"start":{"line":134,"column":12},"end":{"line":134,"column":12}},{"start":{"line":134,"column":12},"end":{"line":134,"column":12}}]},"13":{"line":134,"type":"binary-expr","locations":[{"start":{"line":134,"column":15},"end":{"line":134,"column":58}},{"start":{"line":134,"column":62},"end":{"line":134,"column":70}},{"start":{"line":134,"column":74},"end":{"line":134,"column":107}},{"start":{"line":134,"column":111},"end":{"line":134,"column":144}}]},"14":{"line":137,"type":"if","locations":[{"start":{"line":137,"column":24},"end":{"line":137,"column":24}},{"start":{"line":137,"column":24},"end":{"line":137,"column":24}}]},"15":{"line":140,"type":"if","locations":[{"start":{"line":140,"column":28},"end":{"line":140,"column":28}},{"start":{"line":140,"column":28},"end":{"line":140,"column":28}}]},"16":{"line":158,"type":"if","locations":[{"start":{"line":158,"column":20},"end":{"line":158,"column":20}},{"start":{"line":158,"column":20},"end":{"line":158,"column":20}}]},"17":{"line":173,"type":"if","locations":[{"start":{"line":173,"column":12},"end":{"line":173,"column":12}},{"start":{"line":173,"column":12},"end":{"line":173,"column":12}}]},"18":{"line":173,"type":"binary-expr","locations":[{"start":{"line":173,"column":15},"end":{"line":173,"column":58}},{"start":{"line":174,"column":16},"end":{"line":174,"column":24}}]},"19":{"line":175,"type":"if","locations":[{"start":{"line":175,"column":16},"end":{"line":175,"column":16}},{"start":{"line":175,"column":16},"end":{"line":175,"column":16}}]},"20":{"line":181,"type":"if","locations":[{"start":{"line":181,"column":36},"end":{"line":181,"column":36}},{"start":{"line":181,"column":36},"end":{"line":181,"column":36}}]},"21":{"line":181,"type":"binary-expr","locations":[{"start":{"line":181,"column":39},"end":{"line":181,"column":47}},{"start":{"line":181,"column":51},"end":{"line":181,"column":70}},{"start":{"line":181,"column":74},"end":{"line":181,"column":131}}]},"22":{"line":185,"type":"if","locations":[{"start":{"line":185,"column":40},"end":{"line":185,"column":40}},{"start":{"line":185,"column":40},"end":{"line":185,"column":40}}]},"23":{"line":199,"type":"if","locations":[{"start":{"line":199,"column":56},"end":{"line":199,"column":56}},{"start":{"line":199,"column":56},"end":{"line":199,"column":56}}]},"24":{"line":219,"type":"if","locations":[{"start":{"line":219,"column":23},"end":{"line":219,"column":23}},{"start":{"line":219,"column":23},"end":{"line":219,"column":23}}]},"25":{"line":255,"type":"if","locations":[{"start":{"line":255,"column":8},"end":{"line":255,"column":8}},{"start":{"line":255,"column":8},"end":{"line":255,"column":8}}]},"26":{"line":255,"type":"binary-expr","locations":[{"start":{"line":255,"column":11},"end":{"line":255,"column":54}},{"start":{"line":256,"column":12},"end":{"line":256,"column":20}},{"start":{"line":257,"column":12},"end":{"line":257,"column":56}},{"start":{"line":258,"column":12},"end":{"line":258,"column":41}},{"start":{"line":259,"column":12},"end":{"line":259,"column":49}},{"start":{"line":260,"column":12},"end":{"line":260,"column":46}},{"start":{"line":261,"column":12},"end":{"line":261,"column":50}}]},"27":{"line":268,"type":"if","locations":[{"start":{"line":268,"column":20},"end":{"line":268,"column":20}},{"start":{"line":268,"column":20},"end":{"line":268,"column":20}}]},"28":{"line":268,"type":"binary-expr","locations":[{"start":{"line":268,"column":23},"end":{"line":268,"column":34}},{"start":{"line":268,"column":38},"end":{"line":268,"column":87}}]},"29":{"line":273,"type":"if","locations":[{"start":{"line":273,"column":32},"end":{"line":273,"column":32}},{"start":{"line":273,"column":32},"end":{"line":273,"column":32}}]},"30":{"line":273,"type":"binary-expr","locations":[{"start":{"line":273,"column":35},"end":{"line":273,"column":43}},{"start":{"line":273,"column":47},"end":{"line":273,"column":66}}]},"31":{"line":277,"type":"if","locations":[{"start":{"line":277,"column":44},"end":{"line":277,"column":44}},{"start":{"line":277,"column":44},"end":{"line":277,"column":44}}]}}},"/Users/den/Projects/listboard.it/config.js":{"path":"/Users/den/Projects/listboard.it/config.js","s":{"1":1,"2":1,"3":1,"4":1,"5":1,"6":4,"7":4,"8":4,"9":1},"b":{"1":[1,0]},"f":{"1":4},"fnMap":{"1":{"name":"(anonymous_1)","line":73,"loc":{"start":{"line":73,"column":28},"end":{"line":73,"column":43}}}},"statementMap":{"1":{"start":{"line":1,"column":0},"end":{"line":1,"column":56}},"2":{"start":{"line":3,"column":0},"end":{"line":4,"column":27}},"3":{"start":{"line":6,"column":0},"end":{"line":37,"column":2}},"4":{"start":{"line":39,"column":0},"end":{"line":71,"column":2}},"5":{"start":{"line":73,"column":0},"end":{"line":83,"column":3}},"6":{"start":{"line":74,"column":4},"end":{"line":74,"column":47}},"7":{"start":{"line":76,"column":4},"end":{"line":82,"column":4}},"8":{"start":{"line":82,"column":4},"end":{"line":82,"column":26}},"9":{"start":{"line":85,"column":0},"end":{"line":85,"column":37}}},"branchMap":{"1":{"line":1,"type":"binary-expr","locations":[{"start":{"line":1,"column":18},"end":{"line":1,"column":38}},{"start":{"line":1,"column":42},"end":{"line":1,"column":55}}]}}},"/Users/den/Projects/listboard.it/api/util.js":{"path":"/Users/den/Projects/listboard.it/api/util.js","s":{"1":1,"2":1,"3":4,"4":8,"5":4,"6":1,"7":8,"8":8,"9":8,"10":8,"11":1},"b":{"1":[4,4],"2":[0,4]},"f":{"1":4,"2":8,"3":8},"fnMap":{"1":{"name":"(anonymous_1)","line":4,"loc":{"start":{"line":4,"column":22},"end":{"line":4,"column":44}}},"2":{"name":"(anonymous_2)","line":5,"loc":{"start":{"line":5,"column":19},"end":{"line":5,"column":40}}},"3":{"name":"(anonymous_3)","line":11,"loc":{"start":{"line":11,"column":21},"end":{"line":11,"column":58}}}},"statementMap":{"1":{"start":{"line":1,"column":0},"end":{"line":1,"column":26}},"2":{"start":{"line":4,"column":0},"end":{"line":9,"column":2}},"3":{"start":{"line":5,"column":4},"end":{"line":7,"column":7}},"4":{"start":{"line":6,"column":8},"end":{"line":6,"column":46}},"5":{"start":{"line":8,"column":4},"end":{"line":8,"column":15}},"6":{"start":{"line":11,"column":0},"end":{"line":17,"column":2}},"7":{"start":{"line":12,"column":4},"end":{"line":12,"column":38}},"8":{"start":{"line":13,"column":4},"end":{"line":13,"column":50}},"9":{"start":{"line":14,"column":4},"end":{"line":14,"column":85}},"10":{"start":{"line":15,"column":4},"end":{"line":16,"column":46}},"11":{"start":{"line":19,"column":0},"end":{"line":19,"column":49}}},"branchMap":{"1":{"line":15,"type":"cond-expr","locations":[{"start":{"line":15,"column":35},"end":{"line":15,"column":46}},{"start":{"line":16,"column":8},"end":{"line":16,"column":44}}]},"2":{"line":16,"type":"cond-expr","locations":[{"start":{"line":16,"column":25},"end":{"line":16,"column":30}},{"start":{"line":16,"column":33},"end":{"line":16,"column":44}}]}}},"/Users/den/Projects/listboard.it/api/error.js":{"path":"/Users/den/Projects/listboard.it/api/error.js","s":{"1":1,"2":1,"3":1,"4":1,"5":1,"6":1,"7":5,"8":4,"9":4,"10":5,"11":5,"12":5,"13":1,"14":1,"15":1,"16":1,"17":3,"18":1,"19":1,"20":0,"21":0,"22":0,"23":0},"b":{"1":[4,4],"2":[0,0]},"f":{"1":5,"2":4,"3":1,"4":3,"5":0,"6":0},"fnMap":{"1":{"name":"(anonymous_1)","line":30,"loc":{"start":{"line":30,"column":15},"end":{"line":30,"column":37}}},"2":{"name":"(anonymous_2)","line":31,"loc":{"start":{"line":31,"column":14},"end":{"line":31,"column":28}}},"3":{"name":"(anonymous_3)","line":45,"loc":{"start":{"line":45,"column":31},"end":{"line":45,"column":57}}},"4":{"name":"(anonymous_4)","line":52,"loc":{"start":{"line":52,"column":16},"end":{"line":52,"column":37}}},"5":{"name":"(anonymous_5)","line":58,"loc":{"start":{"line":58,"column":30},"end":{"line":58,"column":55}}},"6":{"name":"(anonymous_6)","line":60,"loc":{"start":{"line":60,"column":11},"end":{"line":60,"column":25}}}},"statementMap":{"1":{"start":{"line":1,"column":0},"end":{"line":1,"column":26}},"2":{"start":{"line":2,"column":0},"end":{"line":2,"column":31}},"3":{"start":{"line":3,"column":0},"end":{"line":3,"column":53}},"4":{"start":{"line":5,"column":0},"end":{"line":26,"column":2}},"5":{"start":{"line":28,"column":0},"end":{"line":28,"column":27}},"6":{"start":{"line":30,"column":0},"end":{"line":41,"column":3}},"7":{"start":{"line":31,"column":4},"end":{"line":34,"column":6}},"8":{"start":{"line":32,"column":8},"end":{"line":32,"column":38}},"9":{"start":{"line":33,"column":8},"end":{"line":33,"column":36}},"10":{"start":{"line":36,"column":4},"end":{"line":36,"column":23}},"11":{"start":{"line":38,"column":4},"end":{"line":38,"column":30}},"12":{"start":{"line":40,"column":4},"end":{"line":40,"column":35}},"13":{"start":{"line":43,"column":0},"end":{"line":43,"column":24}},"14":{"start":{"line":45,"column":0},"end":{"line":50,"column":2}},"15":{"start":{"line":46,"column":4},"end":{"line":49,"column":8}},"16":{"start":{"line":52,"column":0},"end":{"line":54,"column":2}},"17":{"start":{"line":53,"column":4},"end":{"line":53,"column":77}},"18":{"start":{"line":56,"column":0},"end":{"line":56,"column":37}},"19":{"start":{"line":58,"column":0},"end":{"line":65,"column":0}},"20":{"start":{"line":59,"column":4},"end":{"line":59,"column":48}},"21":{"start":{"line":60,"column":4},"end":{"line":64,"column":0}},"22":{"start":{"line":61,"column":8},"end":{"line":61,"column":45}},"23":{"start":{"line":62,"column":8},"end":{"line":62,"column":51}}},"branchMap":{"1":{"line":32,"type":"binary-expr","locations":[{"start":{"line":32,"column":23},"end":{"line":32,"column":26}},{"start":{"line":32,"column":30},"end":{"line":32,"column":37}}]},"2":{"line":59,"type":"binary-expr","locations":[{"start":{"line":59,"column":16},"end":{"line":59,"column":25}},{"start":{"line":59,"column":29},"end":{"line":59,"column":47}}]}}},"/Users/den/Projects/listboard.it/models/authCode.js":{"path":"/Users/den/Projects/listboard.it/models/authCode.js","s":{"1":1,"2":1,"3":4,"4":1,"5":1,"6":3,"7":1,"8":3,"9":1,"10":1,"11":1},"b":{},"f":{"1":4,"2":3,"3":3,"4":1},"fnMap":{"1":{"name":"(anonymous_1)","line":10,"loc":{"start":{"line":10,"column":41},"end":{"line":10,"column":52}}},"2":{"name":"(anonymous_2)","line":17,"loc":{"start":{"line":17,"column":33},"end":{"line":17,"column":44}}},"3":{"name":"(anonymous_3)","line":21,"loc":{"start":{"line":21,"column":46},"end":{"line":21,"column":74}}},"4":{"name":"(anonymous_4)","line":25,"loc":{"start":{"line":25,"column":28},"end":{"line":25,"column":48}}}},"statementMap":{"1":{"start":{"line":1,"column":0},"end":{"line":3,"column":34}},"2":{"start":{"line":5,"column":0},"end":{"line":13,"column":3}},"3":{"start":{"line":11,"column":8},"end":{"line":12,"column":4}},"4":{"start":{"line":15,"column":0},"end":{"line":15,"column":61}},"5":{"start":{"line":17,"column":0},"end":{"line":19,"column":2}},"6":{"start":{"line":18,"column":4},"end":{"line":18,"column":52}},"7":{"start":{"line":21,"column":0},"end":{"line":23,"column":2}},"8":{"start":{"line":22,"column":4},"end":{"line":22,"column":86}},"9":{"start":{"line":25,"column":0},"end":{"line":27,"column":2}},"10":{"start":{"line":26,"column":4},"end":{"line":26,"column":57}},"11":{"start":{"line":30,"column":0},"end":{"line":30,"column":71}}},"branchMap":{}},"/Users/den/Projects/listboard.it/models/accessToken.js":{"path":"/Users/den/Projects/listboard.it/models/accessToken.js","s":{"1":1,"2":1,"3":1,"4":1,"5":1,"6":1,"7":0,"8":1},"b":{},"f":{"1":1,"2":0},"fnMap":{"1":{"name":"(anonymous_1)","line":12,"loc":{"start":{"line":12,"column":49},"end":{"line":12,"column":77}}},"2":{"name":"(anonymous_2)","line":16,"loc":{"start":{"line":16,"column":31},"end":{"line":16,"column":51}}}},"statementMap":{"1":{"start":{"line":1,"column":0},"end":{"line":2,"column":29}},"2":{"start":{"line":4,"column":0},"end":{"line":8,"column":3}},"3":{"start":{"line":10,"column":0},"end":{"line":10,"column":64}},"4":{"start":{"line":12,"column":0},"end":{"line":14,"column":2}},"5":{"start":{"line":13,"column":4},"end":{"line":13,"column":89}},"6":{"start":{"line":16,"column":0},"end":{"line":18,"column":2}},"7":{"start":{"line":17,"column":4},"end":{"line":17,"column":60}},"8":{"start":{"line":20,"column":0},"end":{"line":20,"column":80}}},"branchMap":{}},"/Users/den/Projects/listboard.it/app/server.js":{"path":"/Users/den/Projects/listboard.it/app/server.js","s":{"1":1,"2":1,"3":1,"4":1,"5":1,"6":1,"7":1,"8":1,"9":1,"10":10,"11":1,"12":1,"13":1,"14":1,"15":1},"b":{},"f":{"1":10},"fnMap":{"1":{"name":"(anonymous_1)","line":22,"loc":{"start":{"line":22,"column":36},"end":{"line":22,"column":52}}}},"statementMap":{"1":{"start":{"line":1,"column":0},"end":{"line":1,"column":21}},"2":{"start":{"line":3,"column":0},"end":{"line":3,"column":21}},"3":{"start":{"line":4,"column":0},"end":{"line":4,"column":26}},"4":{"start":{"line":6,"column":0},"end":{"line":8,"column":35}},"5":{"start":{"line":12,"column":0},"end":{"line":13,"column":35}},"6":{"start":{"line":16,"column":0},"end":{"line":16,"column":30}},"7":{"start":{"line":19,"column":0},"end":{"line":19,"column":32}},"8":{"start":{"line":21,"column":0},"end":{"line":22,"column":0}},"9":{"start":{"line":22,"column":0},"end":{"line":24,"column":3}},"10":{"start":{"line":23,"column":4},"end":{"line":23,"column":34}},"11":{"start":{"line":27,"column":0},"end":{"line":27,"column":40}},"12":{"start":{"line":29,"column":0},"end":{"line":29,"column":20}},"13":{"start":{"line":32,"column":0},"end":{"line":32,"column":57}},"14":{"start":{"line":35,"column":0},"end":{"line":35,"column":35}},"15":{"start":{"line":37,"column":0},"end":{"line":37,"column":24}}},"branchMap":{}},"/Users/den/Projects/listboard.it/logger.js":{"path":"/Users/den/Projects/listboard.it/logger.js","s":{"1":1,"2":1,"3":1,"4":1,"5":1,"6":1,"7":0,"8":0,"9":1},"b":{"1":[1,0,0]},"f":{},"fnMap":{},"statementMap":{"1":{"start":{"line":1,"column":0},"end":{"line":1,"column":29}},"2":{"start":{"line":2,"column":0},"end":{"line":2,"column":33}},"3":{"start":{"line":4,"column":0},"end":{"line":21,"column":2}},"4":{"start":{"line":25,"column":0},"end":{"line":36,"column":1}},"5":{"start":{"line":28,"column":8},"end":{"line":28,"column":59}},"6":{"start":{"line":30,"column":8},"end":{"line":30,"column":14}},"7":{"start":{"line":32,"column":8},"end":{"line":32,"column":59}},"8":{"start":{"line":34,"column":8},"end":{"line":34,"column":14}},"9":{"start":{"line":40,"column":0},"end":{"line":40,"column":27}}},"branchMap":{"1":{"line":25,"type":"switch","locations":[{"start":{"line":26,"column":4},"end":{"line":30,"column":14}},{"start":{"line":31,"column":4},"end":{"line":34,"column":14}},{"start":{"line":35,"column":4},"end":{"line":35,"column":12}}]}}},"/Users/den/Projects/listboard.it/util/mongoose-q.js":{"path":"/Users/den/Projects/listboard.it/util/mongoose-q.js","s":{"1":1,"2":1,"3":1,"4":1,"5":1,"6":1,"7":1,"8":3,"9":4,"10":4,"11":251,"12":251,"13":251,"14":251,"15":251,"16":1,"17":1,"18":1,"19":1},"b":{"1":[4,0]},"f":{"1":3,"2":4,"3":251},"fnMap":{"1":{"name":"(anonymous_1)","line":14,"loc":{"start":{"line":14,"column":19},"end":{"line":14,"column":44}}},"2":{"name":"(anonymous_2)","line":15,"loc":{"start":{"line":15,"column":20},"end":{"line":15,"column":41}}},"3":{"name":"(anonymous_3)","line":17,"loc":{"start":{"line":17,"column":41},"end":{"line":17,"column":52}}}},"statementMap":{"1":{"start":{"line":1,"column":0},"end":{"line":3,"column":26}},"2":{"start":{"line":5,"column":0},"end":{"line":5,"column":36}},"3":{"start":{"line":7,"column":0},"end":{"line":7,"column":28}},"4":{"start":{"line":8,"column":0},"end":{"line":8,"column":38}},"5":{"start":{"line":10,"column":0},"end":{"line":10,"column":27}},"6":{"start":{"line":12,"column":0},"end":{"line":12,"column":40}},"7":{"start":{"line":14,"column":0},"end":{"line":26,"column":2}},"8":{"start":{"line":15,"column":4},"end":{"line":25,"column":7}},"9":{"start":{"line":16,"column":8},"end":{"line":24,"column":9}},"10":{"start":{"line":17,"column":12},"end":{"line":23,"column":14}},"11":{"start":{"line":18,"column":16},"end":{"line":18,"column":41}},"12":{"start":{"line":19,"column":16},"end":{"line":19,"column":50}},"13":{"start":{"line":20,"column":16},"end":{"line":20,"column":55}},"14":{"start":{"line":21,"column":16},"end":{"line":21,"column":51}},"15":{"start":{"line":22,"column":16},"end":{"line":22,"column":40}},"16":{"start":{"line":28,"column":0},"end":{"line":28,"column":53}},"17":{"start":{"line":29,"column":0},"end":{"line":29,"column":53}},"18":{"start":{"line":31,"column":0},"end":{"line":31,"column":49}},"19":{"start":{"line":34,"column":0},"end":{"line":34,"column":26}}},"branchMap":{"1":{"line":16,"type":"if","locations":[{"start":{"line":16,"column":8},"end":{"line":16,"column":8}},{"start":{"line":16,"column":8},"end":{"line":16,"column":8}}]}}},"/Users/den/Projects/listboard.it/models/folder.js":{"path":"/Users/den/Projects/listboard.it/models/folder.js","s":{"1":1,"2":1,"3":1,"4":1,"5":52,"6":1,"7":39,"8":1,"9":52,"10":52,"11":1,"12":13,"13":1,"14":0,"15":1,"16":0,"17":1,"18":3,"19":1,"20":0,"21":0,"22":0,"23":0,"24":0,"25":0,"26":0,"27":0,"28":1,"29":0,"30":0,"31":0,"32":0,"33":0,"34":0,"35":0,"36":0,"37":0,"38":1,"39":33,"40":1,"41":1},"b":{"1":[52,0],"2":[45,7],"3":[0,0]},"f":{"1":52,"2":39,"3":52,"4":13,"5":0,"6":0,"7":3,"8":0,"9":0,"10":0,"11":0,"12":0,"13":0,"14":0,"15":0,"16":33},"fnMap":{"1":{"name":"(anonymous_1)","line":22,"loc":{"start":{"line":22,"column":30},"end":{"line":22,"column":42}}},"2":{"name":"(anonymous_2)","line":26,"loc":{"start":{"line":26,"column":41},"end":{"line":26,"column":64}}},"3":{"name":"(anonymous_3)","line":31,"loc":{"start":{"line":31,"column":37},"end":{"line":31,"column":49}}},"4":{"name":"(anonymous_4)","line":37,"loc":{"start":{"line":37,"column":28},"end":{"line":37,"column":42}}},"5":{"name":"(anonymous_5)","line":41,"loc":{"start":{"line":41,"column":30},"end":{"line":41,"column":46}}},"6":{"name":"(anonymous_6)","line":51,"loc":{"start":{"line":51,"column":37},"end":{"line":51,"column":59}}},"7":{"name":"(anonymous_7)","line":60,"loc":{"start":{"line":60,"column":41},"end":{"line":60,"column":63}}},"8":{"name":"(anonymous_8)","line":67,"loc":{"start":{"line":67,"column":41},"end":{"line":67,"column":89}}},"9":{"name":"(anonymous_9)","line":69,"loc":{"start":{"line":69,"column":49},"end":{"line":69,"column":67}}},"10":{"name":"(anonymous_10)","line":70,"loc":{"start":{"line":70,"column":24},"end":{"line":70,"column":40}}},"11":{"name":"(anonymous_11)","line":84,"loc":{"start":{"line":84,"column":50},"end":{"line":84,"column":99}}},"12":{"name":"(anonymous_12)","line":86,"loc":{"start":{"line":86,"column":14},"end":{"line":86,"column":32}}},"13":{"name":"(anonymous_13)","line":89,"loc":{"start":{"line":89,"column":28},"end":{"line":89,"column":45}}},"14":{"name":"(anonymous_14)","line":94,"loc":{"start":{"line":94,"column":22},"end":{"line":94,"column":33}}},"15":{"name":"(anonymous_15)","line":95,"loc":{"start":{"line":95,"column":48},"end":{"line":95,"column":65}}},"16":{"name":"(anonymous_16)","line":102,"loc":{"start":{"line":102,"column":15},"end":{"line":102,"column":30}}}},"statementMap":{"1":{"start":{"line":3,"column":0},"end":{"line":7,"column":29}},"2":{"start":{"line":9,"column":0},"end":{"line":18,"column":3}},"3":{"start":{"line":20,"column":0},"end":{"line":20,"column":59}},"4":{"start":{"line":22,"column":0},"end":{"line":24,"column":2}},"5":{"start":{"line":23,"column":4},"end":{"line":23,"column":32}},"6":{"start":{"line":26,"column":0},"end":{"line":31,"column":0}},"7":{"start":{"line":27,"column":4},"end":{"line":27,"column":84}},"8":{"start":{"line":31,"column":0},"end":{"line":37,"column":0}},"9":{"start":{"line":33,"column":4},"end":{"line":33,"column":39}},"10":{"start":{"line":34,"column":4},"end":{"line":34,"column":59}},"11":{"start":{"line":37,"column":0},"end":{"line":41,"column":0}},"12":{"start":{"line":38,"column":4},"end":{"line":38,"column":32}},"13":{"start":{"line":41,"column":0},"end":{"line":51,"column":0}},"14":{"start":{"line":42,"column":4},"end":{"line":48,"column":27}},"15":{"start":{"line":51,"column":0},"end":{"line":60,"column":0}},"16":{"start":{"line":52,"column":4},"end":{"line":57,"column":27}},"17":{"start":{"line":60,"column":0},"end":{"line":67,"column":0}},"18":{"start":{"line":61,"column":4},"end":{"line":64,"column":27}},"19":{"start":{"line":67,"column":0},"end":{"line":84,"column":0}},"20":{"start":{"line":68,"column":4},"end":{"line":68,"column":22}},"21":{"start":{"line":69,"column":4},"end":{"line":78,"column":7}},"22":{"start":{"line":70,"column":8},"end":{"line":77,"column":11}},"23":{"start":{"line":71,"column":12},"end":{"line":74,"column":13}},"24":{"start":{"line":72,"column":16},"end":{"line":72,"column":80}},"25":{"start":{"line":73,"column":16},"end":{"line":73,"column":47}},"26":{"start":{"line":76,"column":12},"end":{"line":77,"column":8}},"27":{"start":{"line":79,"column":4},"end":{"line":79,"column":27}},"28":{"start":{"line":84,"column":0},"end":{"line":102,"column":0}},"29":{"start":{"line":85,"column":4},"end":{"line":100,"column":0}},"30":{"start":{"line":87,"column":12},"end":{"line":87,"column":31}},"31":{"start":{"line":88,"column":12},"end":{"line":88,"column":33}},"32":{"start":{"line":89,"column":12},"end":{"line":93,"column":12}},"33":{"start":{"line":90,"column":16},"end":{"line":90,"column":47}},"34":{"start":{"line":91,"column":16},"end":{"line":91,"column":43}},"35":{"start":{"line":93,"column":12},"end":{"line":98,"column":19}},"36":{"start":{"line":95,"column":20},"end":{"line":97,"column":24}},"37":{"start":{"line":96,"column":24},"end":{"line":96,"column":58}},"38":{"start":{"line":102,"column":0},"end":{"line":104,"column":2}},"39":{"start":{"line":103,"column":2},"end":{"line":103,"column":47}},"40":{"start":{"line":106,"column":0},"end":{"line":106,"column":35}},"41":{"start":{"line":108,"column":0},"end":{"line":108,"column":65}}},"branchMap":{"1":{"line":33,"type":"binary-expr","locations":[{"start":{"line":33,"column":16},"end":{"line":33,"column":26}},{"start":{"line":33,"column":30},"end":{"line":33,"column":38}}]},"2":{"line":34,"type":"cond-expr","locations":[{"start":{"line":34,"column":27},"end":{"line":34,"column":32}},{"start":{"line":34,"column":35},"end":{"line":34,"column":58}}]},"3":{"line":71,"type":"if","locations":[{"start":{"line":71,"column":12},"end":{"line":71,"column":12}},{"start":{"line":71,"column":12},"end":{"line":71,"column":12}}]}}},"/Users/den/Projects/listboard.it/models/item.js":{"path":"/Users/den/Projects/listboard.it/models/item.js","s":{"1":1,"2":1,"3":1,"4":1,"5":0,"6":1,"7":0,"8":1,"9":0,"10":1,"11":0,"12":1,"13":0,"14":1,"15":0,"16":1,"17":0,"18":1},"b":{},"f":{"1":0,"2":0,"3":0,"4":0,"5":0,"6":0,"7":0},"fnMap":{"1":{"name":"(anonymous_1)","line":36,"loc":{"start":{"line":36,"column":37},"end":{"line":36,"column":65}}},"2":{"name":"(anonymous_2)","line":42,"loc":{"start":{"line":42,"column":37},"end":{"line":42,"column":65}}},"3":{"name":"(anonymous_3)","line":48,"loc":{"start":{"line":48,"column":37},"end":{"line":48,"column":66}}},"4":{"name":"(anonymous_4)","line":54,"loc":{"start":{"line":54,"column":41},"end":{"line":54,"column":71}}},"5":{"name":"(anonymous_5)","line":60,"loc":{"start":{"line":60,"column":38},"end":{"line":60,"column":65}}},"6":{"name":"(anonymous_6)","line":66,"loc":{"start":{"line":66,"column":26},"end":{"line":66,"column":40}}},"7":{"name":"(anonymous_7)","line":70,"loc":{"start":{"line":70,"column":15},"end":{"line":70,"column":30}}}},"statementMap":{"1":{"start":{"line":3,"column":0},"end":{"line":6,"column":26}},"2":{"start":{"line":9,"column":0},"end":{"line":32,"column":3}},"3":{"start":{"line":34,"column":0},"end":{"line":34,"column":57}},"4":{"start":{"line":36,"column":0},"end":{"line":42,"column":0}},"5":{"start":{"line":37,"column":4},"end":{"line":39,"column":27}},"6":{"start":{"line":42,"column":0},"end":{"line":48,"column":0}},"7":{"start":{"line":43,"column":4},"end":{"line":45,"column":27}},"8":{"start":{"line":48,"column":0},"end":{"line":54,"column":0}},"9":{"start":{"line":49,"column":4},"end":{"line":51,"column":27}},"10":{"start":{"line":54,"column":0},"end":{"line":60,"column":0}},"11":{"start":{"line":55,"column":4},"end":{"line":57,"column":27}},"12":{"start":{"line":60,"column":0},"end":{"line":66,"column":0}},"13":{"start":{"line":61,"column":4},"end":{"line":63,"column":27}},"14":{"start":{"line":66,"column":0},"end":{"line":70,"column":0}},"15":{"start":{"line":67,"column":4},"end":{"line":67,"column":32}},"16":{"start":{"line":70,"column":0},"end":{"line":75,"column":2}},"17":{"start":{"line":71,"column":4},"end":{"line":74,"column":31}},"18":{"start":{"line":77,"column":0},"end":{"line":77,"column":59}}},"branchMap":{}},"/Users/den/Projects/listboard.it/models/invitation.js":{"path":"/Users/den/Projects/listboard.it/models/invitation.js","s":{"1":1,"2":1,"3":1,"4":1,"5":1},"b":{},"f":{},"fnMap":{},"statementMap":{"1":{"start":{"line":3,"column":0},"end":{"line":5,"column":41}},"2":{"start":{"line":7,"column":0},"end":{"line":11,"column":0}},"3":{"start":{"line":11,"column":0},"end":{"line":14,"column":3}},"4":{"start":{"line":16,"column":0},"end":{"line":16,"column":63}},"5":{"start":{"line":18,"column":0},"end":{"line":18,"column":77}}},"branchMap":{}},"/Users/den/Projects/listboard.it/app/passport.js":{"path":"/Users/den/Projects/listboard.it/app/passport.js","s":{"1":1,"2":1,"3":1,"4":1,"5":17,"6":1,"7":24,"8":1,"9":0,"10":0,"11":0,"12":0,"13":0,"14":0,"15":0,"16":0,"17":0},"b":{"1":[0,0],"2":[0,0],"3":[0,0]},"f":{"1":1,"2":17,"3":24,"4":0,"5":0,"6":0},"fnMap":{"1":{"name":"(anonymous_1)","line":7,"loc":{"start":{"line":7,"column":17},"end":{"line":7,"column":37}}},"2":{"name":"(anonymous_2)","line":10,"loc":{"start":{"line":10,"column":27},"end":{"line":10,"column":49}}},"3":{"name":"(anonymous_3)","line":14,"loc":{"start":{"line":14,"column":29},"end":{"line":14,"column":49}}},"4":{"name":"(anonymous_4)","line":25,"loc":{"start":{"line":25,"column":8},"end":{"line":25,"column":41}}},"5":{"name":"(anonymous_5)","line":27,"loc":{"start":{"line":27,"column":22},"end":{"line":27,"column":38}}},"6":{"name":"(anonymous_6)","line":30,"loc":{"start":{"line":30,"column":48},"end":{"line":30,"column":70}}}},"statementMap":{"1":{"start":{"line":1,"column":0},"end":{"line":3,"column":34}},"2":{"start":{"line":5,"column":0},"end":{"line":5,"column":53}},"3":{"start":{"line":7,"column":0},"end":{"line":40,"column":2}},"4":{"start":{"line":10,"column":4},"end":{"line":12,"column":7}},"5":{"start":{"line":11,"column":8},"end":{"line":11,"column":28}},"6":{"start":{"line":14,"column":4},"end":{"line":18,"column":7}},"7":{"start":{"line":15,"column":8},"end":{"line":17,"column":20}},"8":{"start":{"line":21,"column":4},"end":{"line":39,"column":7}},"9":{"start":{"line":26,"column":12},"end":{"line":37,"column":24}},"10":{"start":{"line":28,"column":20},"end":{"line":28,"column":63}},"11":{"start":{"line":28,"column":31},"end":{"line":28,"column":63}},"12":{"start":{"line":30,"column":20},"end":{"line":35,"column":23}},"13":{"start":{"line":31,"column":24},"end":{"line":31,"column":49}},"14":{"start":{"line":31,"column":32},"end":{"line":31,"column":49}},"15":{"start":{"line":33,"column":24},"end":{"line":34,"column":46}},"16":{"start":{"line":33,"column":35},"end":{"line":33,"column":60}},"17":{"start":{"line":34,"column":29},"end":{"line":34,"column":46}}},"branchMap":{"1":{"line":28,"type":"if","locations":[{"start":{"line":28,"column":20},"end":{"line":28,"column":20}},{"start":{"line":28,"column":20},"end":{"line":28,"column":20}}]},"2":{"line":31,"type":"if","locations":[{"start":{"line":31,"column":24},"end":{"line":31,"column":24}},{"start":{"line":31,"column":24},"end":{"line":31,"column":24}}]},"3":{"line":33,"type":"if","locations":[{"start":{"line":33,"column":24},"end":{"line":33,"column":24}},{"start":{"line":33,"column":24},"end":{"line":33,"column":24}}]}}},"/Users/den/Projects/listboard.it/app/express.js":{"path":"/Users/den/Projects/listboard.it/app/express.js","s":{"1":1,"2":1,"3":1,"4":1,"5":1,"6":1,"7":1,"8":1,"9":1,"10":1,"11":1,"12":1,"13":47,"14":47,"15":47,"16":1,"17":1,"18":1,"19":1,"20":1,"21":1,"22":1,"23":1,"24":1,"25":1,"26":1,"27":1,"28":47,"29":1,"30":1,"31":1,"32":1,"33":1,"34":1,"35":1,"36":0,"37":0,"38":0,"39":0,"40":1,"41":0,"42":0,"43":0,"44":1},"b":{},"f":{"1":1,"2":47,"3":47,"4":0,"5":0,"6":0,"7":0,"8":0,"9":0},"fnMap":{"1":{"name":"(anonymous_1)","line":8,"loc":{"start":{"line":8,"column":17},"end":{"line":8,"column":50}}},"2":{"name":"(anonymous_2)","line":22,"loc":{"start":{"line":22,"column":12},"end":{"line":22,"column":38}}},"3":{"name":"(anonymous_3)","line":61,"loc":{"start":{"line":61,"column":15},"end":{"line":61,"column":29}}},"4":{"name":"(anonymous_4)","line":84,"loc":{"start":{"line":84,"column":12},"end":{"line":84,"column":43}}},"5":{"name":"(anonymous_5)","line":89,"loc":{"start":{"line":89,"column":18},"end":{"line":89,"column":30}}},"6":{"name":"(anonymous_6)","line":93,"loc":{"start":{"line":93,"column":18},"end":{"line":93,"column":30}}},"7":{"name":"(anonymous_7)","line":102,"loc":{"start":{"line":102,"column":12},"end":{"line":102,"column":38}}},"8":{"name":"(anonymous_8)","line":105,"loc":{"start":{"line":105,"column":18},"end":{"line":105,"column":30}}},"9":{"name":"(anonymous_9)","line":109,"loc":{"start":{"line":109,"column":18},"end":{"line":109,"column":30}}}},"statementMap":{"1":{"start":{"line":1,"column":0},"end":{"line":3,"column":36}},"2":{"start":{"line":5,"column":0},"end":{"line":5,"column":51}},"3":{"start":{"line":8,"column":0},"end":{"line":120,"column":0}},"4":{"start":{"line":11,"column":4},"end":{"line":12,"column":4}},"5":{"start":{"line":12,"column":4},"end":{"line":13,"column":4}},"6":{"start":{"line":13,"column":4},"end":{"line":13,"column":47}},"7":{"start":{"line":15,"column":4},"end":{"line":15,"column":62}},"8":{"start":{"line":16,"column":4},"end":{"line":16,"column":57}},"9":{"start":{"line":17,"column":4},"end":{"line":17,"column":20}},"10":{"start":{"line":18,"column":4},"end":{"line":18,"column":29}},"11":{"start":{"line":19,"column":4},"end":{"line":19,"column":50}},"12":{"start":{"line":22,"column":4},"end":{"line":31,"column":4}},"13":{"start":{"line":23,"column":8},"end":{"line":23,"column":44}},"14":{"start":{"line":24,"column":8},"end":{"line":24,"column":56}},"15":{"start":{"line":26,"column":8},"end":{"line":26,"column":15}},"16":{"start":{"line":31,"column":4},"end":{"line":31,"column":34}},"17":{"start":{"line":32,"column":4},"end":{"line":32,"column":28}},"18":{"start":{"line":37,"column":4},"end":{"line":37,"column":56}},"19":{"start":{"line":38,"column":4},"end":{"line":38,"column":32}},"20":{"start":{"line":41,"column":4},"end":{"line":41,"column":36}},"21":{"start":{"line":44,"column":4},"end":{"line":50,"column":4}},"22":{"start":{"line":50,"column":4},"end":{"line":50,"column":35}},"23":{"start":{"line":51,"column":4},"end":{"line":51,"column":32}},"24":{"start":{"line":54,"column":4},"end":{"line":54,"column":40}},"25":{"start":{"line":56,"column":4},"end":{"line":56,"column":31}},"26":{"start":{"line":58,"column":4},"end":{"line":58,"column":54}},"27":{"start":{"line":60,"column":4},"end":{"line":64,"column":9}},"28":{"start":{"line":62,"column":12},"end":{"line":62,"column":55}},"29":{"start":{"line":68,"column":4},"end":{"line":69,"column":4}},"30":{"start":{"line":69,"column":4},"end":{"line":72,"column":4}},"31":{"start":{"line":72,"column":4},"end":{"line":72,"column":37}},"32":{"start":{"line":75,"column":4},"end":{"line":75,"column":21}},"33":{"start":{"line":78,"column":4},"end":{"line":78,"column":36}},"34":{"start":{"line":81,"column":4},"end":{"line":84,"column":4}},"35":{"start":{"line":84,"column":4},"end":{"line":102,"column":4}},"36":{"start":{"line":86,"column":8},"end":{"line":86,"column":50}},"37":{"start":{"line":88,"column":8},"end":{"line":96,"column":11}},"38":{"start":{"line":90,"column":16},"end":{"line":90,"column":46}},"39":{"start":{"line":94,"column":16},"end":{"line":94,"column":80}},"40":{"start":{"line":102,"column":4},"end":{"line":116,"column":4}},"41":{"start":{"line":103,"column":8},"end":{"line":112,"column":11}},"42":{"start":{"line":106,"column":16},"end":{"line":107,"column":12}},"43":{"start":{"line":110,"column":16},"end":{"line":110,"column":64}},"44":{"start":{"line":116,"column":4},"end":{"line":116,"column":18}}},"branchMap":{}},"/Users/den/Projects/listboard.it/app/connect-mincer.js":{"path":"/Users/den/Projects/listboard.it/app/connect-mincer.js","s":{"1":1,"2":1,"3":2,"4":0,"5":1,"6":0,"7":1,"8":0,"9":0,"10":0,"11":0,"12":0,"13":1,"14":1,"15":0,"16":1,"17":1,"18":1,"19":1,"20":1,"21":1,"22":1,"23":1,"24":1,"25":1,"26":0,"27":1,"28":0,"29":0,"30":0,"31":0,"32":1,"33":0,"34":0,"35":0,"36":0,"37":1,"38":1,"39":0,"40":0,"41":0,"42":0,"43":0,"44":1,"45":0,"46":0,"47":0,"48":0,"49":0,"50":0,"51":0,"52":0,"53":0,"54":0,"55":0,"56":0,"57":1,"58":1,"59":1,"60":47,"61":47,"62":47,"63":47,"64":47,"65":0,"66":47,"67":1,"68":0,"69":0,"70":0,"71":0,"72":1,"73":0,"74":0,"75":0,"76":0,"77":1,"78":0,"79":0,"80":0,"81":0,"82":1,"83":1,"84":1},"b":{"1":[0,2],"2":[0,0],"3":[0,0],"4":[0,0],"5":[0,0],"6":[0,1],"7":[1,0],"8":[0,1],"9":[0,0],"10":[0,1],"11":[0,1],"12":[0,0],"13":[0,0],"14":[0,0],"15":[0,0],"16":[0,0],"17":[47,0],"18":[0,0],"19":[0,0,0],"20":[0,0],"21":[0,0,0],"22":[0,0],"23":[0,0,0]},"f":{"1":2,"2":0,"3":0,"4":0,"5":1,"6":1,"7":0,"8":1,"9":0,"10":0,"11":0,"12":1,"13":47,"14":0,"15":0,"16":0,"17":0,"18":0,"19":0,"20":0,"21":1},"fnMap":{"1":{"name":"(anonymous_1)","line":7,"loc":{"start":{"line":7,"column":27},"end":{"line":7,"column":55}}},"2":{"name":"(anonymous_2)","line":11,"loc":{"start":{"line":11,"column":23},"end":{"line":11,"column":46}}},"3":{"name":"(anonymous_3)","line":15,"loc":{"start":{"line":15,"column":14},"end":{"line":15,"column":62}}},"4":{"name":"(anonymous_4)","line":17,"loc":{"start":{"line":17,"column":36},"end":{"line":17,"column":55}}},"5":{"name":"(anonymous_5)","line":25,"loc":{"start":{"line":25,"column":20},"end":{"line":25,"column":38}}},"6":{"name":"(anonymous_6)","line":39,"loc":{"start":{"line":39,"column":26},"end":{"line":39,"column":41}}},"7":{"name":"(anonymous_7)","line":46,"loc":{"start":{"line":46,"column":50},"end":{"line":46,"column":79}}},"8":{"name":"(anonymous_8)","line":66,"loc":{"start":{"line":66,"column":37},"end":{"line":66,"column":48}}},"9":{"name":"(anonymous_9)","line":69,"loc":{"start":{"line":69,"column":55},"end":{"line":69,"column":69}}},"10":{"name":"(anonymous_10)","line":76,"loc":{"start":{"line":76,"column":42},"end":{"line":76,"column":79}}},"11":{"name":"(anonymous_11)","line":93,"loc":{"start":{"line":93,"column":40},"end":{"line":93,"column":54}}},"12":{"name":"(anonymous_12)","line":100,"loc":{"start":{"line":100,"column":37},"end":{"line":100,"column":48}}},"13":{"name":"(anonymous_13)","line":102,"loc":{"start":{"line":102,"column":11},"end":{"line":102,"column":36}}},"14":{"name":"(anonymous_14)","line":108,"loc":{"start":{"line":108,"column":35},"end":{"line":108,"column":50}}},"15":{"name":"(anonymous_15)","line":117,"loc":{"start":{"line":117,"column":41},"end":{"line":117,"column":68}}},"16":{"name":"(anonymous_16)","line":124,"loc":{"start":{"line":124,"column":41},"end":{"line":124,"column":61}}},"17":{"name":"(anonymous_17)","line":129,"loc":{"start":{"line":129,"column":41},"end":{"line":129,"column":68}}},"18":{"name":"(anonymous_18)","line":136,"loc":{"start":{"line":136,"column":41},"end":{"line":136,"column":61}}},"19":{"name":"(anonymous_19)","line":141,"loc":{"start":{"line":141,"column":36},"end":{"line":141,"column":63}}},"20":{"name":"(anonymous_20)","line":146,"loc":{"start":{"line":146,"column":41},"end":{"line":146,"column":61}}},"21":{"name":"(anonymous_21)","line":151,"loc":{"start":{"line":151,"column":39},"end":{"line":151,"column":50}}}},"statementMap":{"1":{"start":{"line":2,"column":0},"end":{"line":5,"column":26}},"2":{"start":{"line":7,"column":0},"end":{"line":9,"column":2}},"3":{"start":{"line":8,"column":4},"end":{"line":8,"column":81}},"4":{"start":{"line":8,"column":27},"end":{"line":8,"column":81}},"5":{"start":{"line":11,"column":0},"end":{"line":13,"column":2}},"6":{"start":{"line":12,"column":4},"end":{"line":12,"column":76}},"7":{"start":{"line":15,"column":0},"end":{"line":23,"column":2}},"8":{"start":{"line":16,"column":4},"end":{"line":16,"column":25}},"9":{"start":{"line":17,"column":4},"end":{"line":19,"column":7}},"10":{"start":{"line":18,"column":8},"end":{"line":18,"column":67}},"11":{"start":{"line":21,"column":4},"end":{"line":21,"column":66}},"12":{"start":{"line":22,"column":4},"end":{"line":22,"column":15}},"13":{"start":{"line":25,"column":0},"end":{"line":64,"column":2}},"14":{"start":{"line":26,"column":4},"end":{"line":26,"column":52}},"15":{"start":{"line":26,"column":17},"end":{"line":26,"column":52}},"16":{"start":{"line":27,"column":4},"end":{"line":27,"column":43}},"17":{"start":{"line":28,"column":4},"end":{"line":28,"column":41}},"18":{"start":{"line":30,"column":4},"end":{"line":30,"column":20}},"19":{"start":{"line":33,"column":4},"end":{"line":34,"column":40}},"20":{"start":{"line":34,"column":8},"end":{"line":34,"column":40}},"21":{"start":{"line":36,"column":4},"end":{"line":36,"column":27}},"22":{"start":{"line":38,"column":4},"end":{"line":38,"column":48}},"23":{"start":{"line":39,"column":4},"end":{"line":41,"column":13}},"24":{"start":{"line":40,"column":8},"end":{"line":40,"column":42}},"25":{"start":{"line":43,"column":4},"end":{"line":44,"column":69}},"26":{"start":{"line":44,"column":8},"end":{"line":44,"column":69}},"27":{"start":{"line":46,"column":4},"end":{"line":53,"column":7}},"28":{"start":{"line":47,"column":8},"end":{"line":47,"column":67}},"29":{"start":{"line":49,"column":8},"end":{"line":51,"column":9}},"30":{"start":{"line":50,"column":12},"end":{"line":50,"column":63}},"31":{"start":{"line":52,"column":8},"end":{"line":52,"column":25}},"32":{"start":{"line":55,"column":4},"end":{"line":63,"column":5}},"33":{"start":{"line":56,"column":8},"end":{"line":56,"column":50}},"34":{"start":{"line":57,"column":8},"end":{"line":57,"column":48}},"35":{"start":{"line":60,"column":8},"end":{"line":60,"column":50}},"36":{"start":{"line":62,"column":8},"end":{"line":62,"column":80}},"37":{"start":{"line":66,"column":0},"end":{"line":74,"column":2}},"38":{"start":{"line":67,"column":4},"end":{"line":73,"column":5}},"39":{"start":{"line":68,"column":8},"end":{"line":68,"column":24}},"40":{"start":{"line":69,"column":8},"end":{"line":72,"column":11}},"41":{"start":{"line":70,"column":12},"end":{"line":71,"column":74}},"42":{"start":{"line":70,"column":20},"end":{"line":70,"column":71}},"43":{"start":{"line":71,"column":17},"end":{"line":71,"column":74}},"44":{"start":{"line":76,"column":0},"end":{"line":98,"column":2}},"45":{"start":{"line":77,"column":4},"end":{"line":77,"column":86}},"46":{"start":{"line":78,"column":4},"end":{"line":78,"column":37}},"47":{"start":{"line":80,"column":4},"end":{"line":89,"column":5}},"48":{"start":{"line":84,"column":8},"end":{"line":84,"column":107}},"49":{"start":{"line":85,"column":8},"end":{"line":88,"column":9}},"50":{"start":{"line":86,"column":12},"end":{"line":86,"column":97}},"51":{"start":{"line":87,"column":12},"end":{"line":87,"column":45}},"52":{"start":{"line":91,"column":4},"end":{"line":91,"column":65}},"53":{"start":{"line":93,"column":4},"end":{"line":97,"column":13}},"54":{"start":{"line":94,"column":8},"end":{"line":94,"column":93}},"55":{"start":{"line":95,"column":8},"end":{"line":95,"column":35}},"56":{"start":{"line":96,"column":8},"end":{"line":96,"column":37}},"57":{"start":{"line":100,"column":0},"end":{"line":115,"column":2}},"58":{"start":{"line":101,"column":4},"end":{"line":101,"column":20}},"59":{"start":{"line":102,"column":4},"end":{"line":114,"column":6}},"60":{"start":{"line":103,"column":8},"end":{"line":111,"column":9}},"61":{"start":{"line":104,"column":12},"end":{"line":104,"column":71}},"62":{"start":{"line":105,"column":12},"end":{"line":105,"column":71}},"63":{"start":{"line":106,"column":12},"end":{"line":106,"column":61}},"64":{"start":{"line":108,"column":12},"end":{"line":110,"column":25}},"65":{"start":{"line":109,"column":14},"end":{"line":109,"column":48}},"66":{"start":{"line":113,"column":8},"end":{"line":113,"column":15}},"67":{"start":{"line":117,"column":0},"end":{"line":127,"column":2}},"68":{"start":{"line":118,"column":4},"end":{"line":118,"column":60}},"69":{"start":{"line":120,"column":4},"end":{"line":123,"column":7}},"70":{"start":{"line":124,"column":4},"end":{"line":126,"column":88}},"71":{"start":{"line":125,"column":8},"end":{"line":125,"column":86}},"72":{"start":{"line":129,"column":0},"end":{"line":139,"column":2}},"73":{"start":{"line":130,"column":4},"end":{"line":130,"column":59}},"74":{"start":{"line":132,"column":4},"end":{"line":134,"column":7}},"75":{"start":{"line":136,"column":4},"end":{"line":138,"column":77}},"76":{"start":{"line":137,"column":8},"end":{"line":137,"column":75}},"77":{"start":{"line":141,"column":0},"end":{"line":149,"column":2}},"78":{"start":{"line":142,"column":4},"end":{"line":142,"column":52}},"79":{"start":{"line":144,"column":4},"end":{"line":144,"column":34}},"80":{"start":{"line":146,"column":4},"end":{"line":148,"column":74}},"81":{"start":{"line":147,"column":8},"end":{"line":147,"column":72}},"82":{"start":{"line":151,"column":0},"end":{"line":153,"column":2}},"83":{"start":{"line":152,"column":4},"end":{"line":152,"column":64}},"84":{"start":{"line":155,"column":0},"end":{"line":155,"column":31}}},"branchMap":{"1":{"line":8,"type":"if","locations":[{"start":{"line":8,"column":4},"end":{"line":8,"column":4}},{"start":{"line":8,"column":4},"end":{"line":8,"column":4}}]},"2":{"line":12,"type":"cond-expr","locations":[{"start":{"line":12,"column":52},"end":{"line":12,"column":58}},{"start":{"line":12,"column":62},"end":{"line":12,"column":74}}]},"3":{"line":12,"type":"binary-expr","locations":[{"start":{"line":12,"column":12},"end":{"line":12,"column":16}},{"start":{"line":12,"column":20},"end":{"line":12,"column":48}}]},"4":{"line":21,"type":"cond-expr","locations":[{"start":{"line":21,"column":23},"end":{"line":21,"column":44}},{"start":{"line":21,"column":47},"end":{"line":21,"column":65}}]},"5":{"line":21,"type":"cond-expr","locations":[{"start":{"line":21,"column":34},"end":{"line":21,"column":37}},{"start":{"line":21,"column":40},"end":{"line":21,"column":44}}]},"6":{"line":26,"type":"if","locations":[{"start":{"line":26,"column":4},"end":{"line":26,"column":4}},{"start":{"line":26,"column":4},"end":{"line":26,"column":4}}]},"7":{"line":33,"
[...]
0},"end":{"line":7,"column":42}},"3":{"start":{"line":9,"column":0},"end":{"line":16,"column":0}},"4":{"start":{"line":10,"column":4},"end":{"line":12,"column":49}},"5":{"start":{"line":16,"column":0},"end":{"line":33,"column":0}},"6":{"start":{"line":18,"column":4},"end":{"line":18,"column":45}},"7":{"start":{"line":20,"column":4},"end":{"line":20,"column":38}},"8":{"start":{"line":21,"column":4},"end":{"line":23,"column":5}},"9":{"start":{"line":22,"column":8},"end":{"line":22,"column":42}},"10":{"start":{"line":25,"column":4},"end":{"line":25,"column":89}},"11":{"start":{"line":27,"column":4},"end":{"line":29,"column":14}},"12":{"start":{"line":33,"column":0},"end":{"line":48,"column":0}},"13":{"start":{"line":34,"column":4},"end":{"line":34,"column":72}},"14":{"start":{"line":36,"column":4},"end":{"line":43,"column":33}},"15":{"start":{"line":37,"column":8},"end":{"line":37,"column":54}},"16":{"start":{"line":39,"column":8},"end":{"line":41,"column":18}},"17":{"start":{"line":43,"column":8},"end":{"line":43,"column":33}},"18":{"start":{"line":48,"column":0},"end":{"line":60,"column":0}},"19":{"start":{"line":49,"column":4},"end":{"line":49,"column":72}},"20":{"start":{"line":50,"column":4},"end":{"line":57,"column":33}},"21":{"start":{"line":51,"column":8},"end":{"line":51,"column":27}},"22":{"start":{"line":53,"column":8},"end":{"line":55,"column":18}},"23":{"start":{"line":57,"column":8},"end":{"line":57,"column":33}}},"branchMap":{"1":{"line":21,"type":"if","locations":[{"start":{"line":21,"column":4},"end":{"line":21,"column":4}},{"start":{"line":21,"column":4},"end":{"line":21,"column":4}}]},"2":{"line":36,"type":"if","locations":[{"start":{"line":36,"column":4},"end":{"line":36,"column":4}},{"start":{"line":36,"column":4},"end":{"line":36,"column":4}}]},"3":{"line":50,"type":"if","locations":[{"start":{"line":50,"column":4},"end":{"line":50,"column":4}},{"start":{"line":50,"column":4},"end":{"line":50,"column":4}}]}}},"/Users/den/Projects/listboard.it/app/controllers/folder.js":{"path":"/Users/den/Projects/listboard.it/app/controllers/folder.js","s":{"1":1,"2":1,"3":1,"4":5,"5":1,"6":8,"7":8,"8":1,"9":9,"10":9,"11":9,"12":9,"13":1,"14":8,"15":8,"16":8,"17":8,"18":2,"19":6,"20":6,"21":5,"22":5,"23":1,"24":1,"25":1,"26":1,"27":1,"28":1,"29":0,"30":1,"31":1,"32":1,"33":1,"34":0,"35":0,"36":1,"37":0,"38":1,"39":2,"40":2,"41":2,"42":2,"43":2,"44":0,"45":0,"46":0,"47":2,"48":2,"49":0,"50":2,"51":5,"52":2,"53":1,"54":8,"55":8,"56":2,"57":6,"58":0,"59":6,"60":6},"b":{"1":[1,7],"2":[1,8],"3":[2,6],"4":[5,1],"5":[0,1],"6":[2,6],"7":[0,6]},"f":{"1":5,"2":8,"3":9,"4":8,"5":6,"6":1,"7":1,"8":0,"9":0,"10":2,"11":2,"12":2,"13":0,"14":0,"15":0,"16":5,"17":8,"18":8},"fnMap":{"1":{"name":"(anonymous_1)","line":12,"loc":{"start":{"line":12,"column":17},"end":{"line":12,"column":43}}},"2":{"name":"splitFullPath","line":18,"loc":{"start":{"line":18,"column":0},"end":{"line":18,"column":33}}},"3":{"name":"(anonymous_3)","line":30,"loc":{"start":{"line":30,"column":17},"end":{"line":30,"column":43}}},"4":{"name":"(anonymous_4)","line":44,"loc":{"start":{"line":44,"column":12},"end":{"line":44,"column":29}}},"5":{"name":"(anonymous_5)","line":51,"loc":{"start":{"line":51,"column":22},"end":{"line":51,"column":42}}},"6":{"name":"(anonymous_6)","line":66,"loc":{"start":{"line":66,"column":17},"end":{"line":66,"column":37}}},"7":{"name":"(anonymous_7)","line":77,"loc":{"start":{"line":77,"column":12},"end":{"line":77,"column":30}}},"8":{"name":"(anonymous_8)","line":80,"loc":{"start":{"line":80,"column":30},"end":{"line":80,"column":42}}},"9":{"name":"(anonymous_9)","line":85,"loc":{"start":{"line":85,"column":33},"end":{"line":85,"column":45}}},"10":{"name":"(anonymous_10)","line":94,"loc":{"start":{"line":94,"column":18},"end":{"line":94,"column":38}}},"11":{"name":"(anonymous_11)","line":98,"loc":{"start":{"line":98,"column":12},"end":{"line":98,"column":36}}},"12":{"name":"(anonymous_12)","line":103,"loc":{"start":{"line":103,"column":16},"end":{"line":103,"column":32}}},"13":{"name":"(anonymous_13)","line":104,"loc":{"start":{"line":104,"column":30},"end":{"line":104,"column":42}}},"14":{"name":"(anonymous_14)","line":105,"loc":{"start":{"line":105,"column":36},"end":{"line":105,"column":48}}},"15":{"name":"(anonymous_15)","line":112,"loc":{"start":{"line":112,"column":35},"end":{"line":112,"column":47}}},"16":{"name":"(anonymous_16)","line":116,"loc":{"start":{"line":116,"column":52},"end":{"line":116,"column":64}}},"17":{"name":"(anonymous_17)","line":127,"loc":{"start":{"line":127,"column":17},"end":{"line":127,"column":47}}},"18":{"name":"(anonymous_18)","line":129,"loc":{"start":{"line":129,"column":14},"end":{"line":129,"column":31}}}},"statementMap":{"1":{"start":{"line":3,"column":0},"end":{"line":8,"column":34}},"2":{"start":{"line":10,"column":0},"end":{"line":10,"column":42}},"3":{"start":{"line":12,"column":0},"end":{"line":18,"column":0}},"4":{"start":{"line":13,"column":4},"end":{"line":16,"column":0}},"5":{"start":{"line":18,"column":0},"end":{"line":27,"column":1}},"6":{"start":{"line":19,"column":2},"end":{"line":19,"column":38}},"7":{"start":{"line":20,"column":2},"end":{"line":26,"column":4}},"8":{"start":{"line":30,"column":0},"end":{"line":66,"column":0}},"9":{"start":{"line":31,"column":4},"end":{"line":31,"column":38}},"10":{"start":{"line":32,"column":4},"end":{"line":32,"column":37}},"11":{"start":{"line":34,"column":4},"end":{"line":34,"column":38}},"12":{"start":{"line":35,"column":4},"end":{"line":37,"column":5}},"13":{"start":{"line":36,"column":6},"end":{"line":36,"column":40}},"14":{"start":{"line":40,"column":4},"end":{"line":40,"column":52}},"15":{"start":{"line":41,"column":4},"end":{"line":41,"column":33}},"16":{"start":{"line":42,"column":4},"end":{"line":62,"column":14}},"17":{"start":{"line":45,"column":10},"end":{"line":60,"column":11}},"18":{"start":{"line":46,"column":14},"end":{"line":46,"column":40}},"19":{"start":{"line":49,"column":14},"end":{"line":59,"column":25}},"20":{"start":{"line":52,"column":18},"end":{"line":58,"column":19}},"21":{"start":{"line":53,"column":20},"end":{"line":53,"column":73}},"22":{"start":{"line":54,"column":20},"end":{"line":55,"column":89}},"23":{"start":{"line":57,"column":20},"end":{"line":57,"column":46}},"24":{"start":{"line":66,"column":0},"end":{"line":94,"column":0}},"25":{"start":{"line":67,"column":4},"end":{"line":67,"column":38}},"26":{"start":{"line":68,"column":4},"end":{"line":68,"column":37}},"27":{"start":{"line":70,"column":4},"end":{"line":70,"column":38}},"28":{"start":{"line":71,"column":4},"end":{"line":73,"column":5}},"29":{"start":{"line":72,"column":6},"end":{"line":72,"column":40}},"30":{"start":{"line":74,"column":4},"end":{"line":74,"column":35}},"31":{"start":{"line":76,"column":4},"end":{"line":90,"column":14}},"32":{"start":{"line":78,"column":8},"end":{"line":78,"column":59}},"33":{"start":{"line":80,"column":8},"end":{"line":83,"column":11}},"34":{"start":{"line":81,"column":10},"end":{"line":81,"column":35}},"35":{"start":{"line":82,"column":10},"end":{"line":82,"column":19}},"36":{"start":{"line":85,"column":8},"end":{"line":86,"column":79}},"37":{"start":{"line":85,"column":47},"end":{"line":85,"column":74}},"38":{"start":{"line":94,"column":0},"end":{"line":127,"column":0}},"39":{"start":{"line":95,"column":4},"end":{"line":95,"column":35}},"40":{"start":{"line":97,"column":4},"end":{"line":124,"column":0}},"41":{"start":{"line":99,"column":8},"end":{"line":99,"column":35}},"42":{"start":{"line":102,"column":8},"end":{"line":114,"column":13}},"43":{"start":{"line":104,"column":12},"end":{"line":109,"column":15}},"44":{"start":{"line":105,"column":14},"end":{"line":108,"column":14}},"45":{"start":{"line":106,"column":16},"end":{"line":106,"column":40}},"46":{"start":{"line":108,"column":14},"end":{"line":108,"column":23}},"47":{"start":{"line":111,"column":12},"end":{"line":111,"column":59}},"48":{"start":{"line":112,"column":12},"end":{"line":113,"column":46}},"49":{"start":{"line":113,"column":14},"end":{"line":113,"column":41}},"50":{"start":{"line":116,"column":8},"end":{"line":118,"column":8}},"51":{"start":{"line":116,"column":66},"end":{"line":116,"column":95}},"52":{"start":{"line":118,"column":8},"end":{"line":119,"column":85}},"53":{"start":{"line":127,"column":0},"end":{"line":144,"column":0}},"54":{"start":{"line":128,"column":4},"end":{"line":140,"column":20}},"55":{"start":{"line":130,"column":12},"end":{"line":138,"column":14}},"56":{"start":{"line":131,"column":16},"end":{"line":131,"column":41}},"57":{"start":{"line":133,"column":16},"end":{"line":138,"column":13}},"58":{"start":{"line":134,"column":20},"end":{"line":134,"column":46}},"59":{"start":{"line":136,"column":16},"end":{"line":136,"column":43}},"60":{"start":{"line":137,"column":16},"end":{"line":138,"column":12}}},"branchMap":{"1":{"line":20,"type":"cond-expr","locations":[{"start":{"line":20,"column":19},"end":{"line":23,"column":3}},{"start":{"line":23,"column":6},"end":{"line":26,"column":3}}]},"2":{"line":35,"type":"if","locations":[{"start":{"line":35,"column":4},"end":{"line":35,"column":4}},{"start":{"line":35,"column":4},"end":{"line":35,"column":4}}]},"3":{"line":45,"type":"if","locations":[{"start":{"line":45,"column":10},"end":{"line":45,"column":10}},{"start":{"line":45,"column":10},"end":{"line":45,"column":10}}]},"4":{"line":52,"type":"if","locations":[{"start":{"line":52,"column":18},"end":{"line":52,"column":18}},{"start":{"line":52,"column":18},"end":{"line":52,"column":18}}]},"5":{"line":71,"type":"if","locations":[{"start":{"line":71,"column":4},"end":{"line":71,"column":4}},{"start":{"line":71,"column":4},"end":{"line":71,"column":4}}]},"6":{"line":130,"type":"if","locations":[{"start":{"line":130,"column":12},"end":{"line":130,"column":12}},{"start":{"line":130,"column":12},"end":{"line":130,"column":12}}]},"7":{"line":133,"type":"if","locations":[{"start":{"line":133,"column":16},"end":{"line":133,"column":16}},{"start":{"line":133,"column":16},"end":{"line":133,"column":16}}]}}},"/Users/den/Projects/listboard.it/app/controllers/item.js":{"path":"/Users/den/Projects/listboard.it/app/controllers/item.js","s":{"1":1,"2":1,"3":1,"4":0,"5":1,"6":0,"7":0,"8":0,"9":1,"10":0,"11":0,"12":0,"13":0,"14":0,"15":0,"16":1,"17":0,"18":0,"19":0,"20":0,"21":0,"22":1,"23":0,"24":0,"25":0,"26":0,"27":0,"28":0,"29":0,"30":0,"31":0,"32":0,"33":1,"34":0,"35":0,"36":0,"37":0,"38":0,"39":0,"40":0,"41":0,"42":1,"43":0,"44":0,"45":0},"b":{"1":[0,0],"2":[0,0],"3":[0,0],"4":[0,0]},"f":{"1":0,"2":0,"3":0,"4":0,"5":0,"6":0,"7":0,"8":0,"9":0,"10":0,"11":0,"12":0,"13":0},"fnMap":{"1":{"name":"(anonymous_1)","line":11,"loc":{"start":{"line":11,"column":15},"end":{"line":11,"column":47}}},"2":{"name":"(anonymous_2)","line":18,"loc":{"start":{"line":18,"column":20},"end":{"line":18,"column":41}}},"3":{"name":"(anonymous_3)","line":19,"loc":{"start":{"line":19,"column":11},"end":{"line":19,"column":22}}},"4":{"name":"(anonymous_4)","line":20,"loc":{"start":{"line":20,"column":28},"end":{"line":20,"column":40}}},"5":{"name":"(anonymous_5)","line":27,"loc":{"start":{"line":27,"column":17},"end":{"line":27,"column":36}}},"6":{"name":"(anonymous_6)","line":48,"loc":{"start":{"line":48,"column":21},"end":{"line":48,"column":46}}},"7":{"name":"(anonymous_7)","line":49,"loc":{"start":{"line":49,"column":11},"end":{"line":49,"column":22}}},"8":{"name":"(anonymous_8)","line":57,"loc":{"start":{"line":57,"column":26},"end":{"line":57,"column":37}}},"9":{"name":"(anonymous_9)","line":66,"loc":{"start":{"line":66,"column":17},"end":{"line":66,"column":36}}},"10":{"name":"(anonymous_10)","line":89,"loc":{"start":{"line":89,"column":15},"end":{"line":89,"column":44}}},"11":{"name":"(anonymous_11)","line":91,"loc":{"start":{"line":91,"column":14},"end":{"line":91,"column":29}}},"12":{"name":"(anonymous_12)","line":102,"loc":{"start":{"line":102,"column":16},"end":{"line":102,"column":30}}},"13":{"name":"(anonymous_13)","line":108,"loc":{"start":{"line":108,"column":18},"end":{"line":108,"column":37}}}},"statementMap":{"1":{"start":{"line":3,"column":0},"end":{"line":5,"column":4}},"2":{"start":{"line":5,"column":4},"end":{"line":9,"column":47}},"3":{"start":{"line":11,"column":0},"end":{"line":18,"column":0}},"4":{"start":{"line":12,"column":4},"end":{"line":16,"column":0}},"5":{"start":{"line":18,"column":0},"end":{"line":27,"column":0}},"6":{"start":{"line":19,"column":4},"end":{"line":24,"column":0}},"7":{"start":{"line":20,"column":8},"end":{"line":22,"column":11}},"8":{"start":{"line":21,"column":12},"end":{"line":21,"column":43}},"9":{"start":{"line":27,"column":0},"end":{"line":48,"column":0}},"10":{"start":{"line":28,"column":4},"end":{"line":28,"column":92}},"11":{"start":{"line":30,"column":4},"end":{"line":30,"column":28}},"12":{"start":{"line":33,"column":4},"end":{"line":33,"column":94}},"13":{"start":{"line":35,"column":4},"end":{"line":35,"column":25}},"14":{"start":{"line":37,"column":4},"end":{"line":42,"column":4}},"15":{"start":{"line":42,"column":4},"end":{"line":44,"column":16}},"16":{"start":{"line":48,"column":0},"end":{"line":66,"column":0}},"17":{"start":{"line":49,"column":4},"end":{"line":63,"column":0}},"18":{"start":{"line":50,"column":8},"end":{"line":54,"column":8}},"19":{"start":{"line":54,"column":8},"end":{"line":62,"column":4}},"20":{"start":{"line":58,"column":12},"end":{"line":58,"column":88}},"21":{"start":{"line":59,"column":12},"end":{"line":60,"column":24}},"22":{"start":{"line":66,"column":0},"end":{"line":89,"column":0}},"23":{"start":{"line":67,"column":4},"end":{"line":67,"column":31}},"24":{"start":{"line":70,"column":4},"end":{"line":70,"column":36}},"25":{"start":{"line":71,"column":4},"end":{"line":71,"column":33}},"26":{"start":{"line":72,"column":4},"end":{"line":72,"column":86}},"27":{"start":{"line":74,"column":4},"end":{"line":75,"column":46}},"28":{"start":{"line":75,"column":8},"end":{"line":75,"column":46}},"29":{"start":{"line":76,"column":4},"end":{"line":77,"column":40}},"30":{"start":{"line":77,"column":8},"end":{"line":77,"column":40}},"31":{"start":{"line":79,"column":4},"end":{"line":84,"column":4}},"32":{"start":{"line":84,"column":4},"end":{"line":85,"column":16}},"33":{"start":{"line":89,"column":0},"end":{"line":108,"column":0}},"34":{"start":{"line":90,"column":4},"end":{"line":104,"column":11}},"35":{"start":{"line":92,"column":12},"end":{"line":101,"column":13}},"36":{"start":{"line":93,"column":16},"end":{"line":93,"column":41}},"37":{"start":{"line":95,"column":16},"end":{"line":100,"column":17}},"38":{"start":{"line":96,"column":20},"end":{"line":96,"column":46}},"39":{"start":{"line":98,"column":20},"end":{"line":98,"column":43}},"40":{"start":{"line":99,"column":20},"end":{"line":100,"column":16}},"41":{"start":{"line":103,"column":12},"end":{"line":103,"column":22}},"42":{"start":{"line":108,"column":0},"end":{"line":122,"column":0}},"43":{"start":{"line":109,"column":4},"end":{"line":111,"column":4}},"44":{"start":{"line":111,"column":4},"end":{"line":116,"column":4}},"45":{"start":{"line":116,"column":4},"end":{"line":120,"column":16}}},"branchMap":{"1":{"line":74,"type":"if","locations":[{"start":{"line":74,"column":4},"end":{"line":74,"column":4}},{"start":{"line":74,"column":4},"end":{"line":74,"column":4}}]},"2":{"line":76,"type":"if","locations":[{"start":{"line":76,"column":4},"end":{"line":76,"column":4}},{"start":{"line":76,"column":4},"end":{"line":76,"column":4}}]},"3":{"line":92,"type":"if","locations":[{"start":{"line":92,"column":12},"end":{"line":92,"column":12}},{"start":{"line":92,"column":12},"end":{"line":92,"column":12}}]},"4":{"line":95,"type":"if","locations":[{"start":{"line":95,"column":16},"end":{"line":95,"column":16}},{"start":{"line":95,"column":16},"end":{"line":95,"column":16}}]}}},"/Users/den/Projects/listboard.it/jobs/manager.js":{"path":"/Users/den/Projects/listboard.it/jobs/manager.js","s":{"1":1,"2":1,"3":1,"4":1,"5":2,"6":2,"7":1,"8":1,"9":1,"10":1,"11":1,"12":0,"13":0,"14":0,"15":0,"16":0,"17":0,"18":0,"19":0,"20":1,"21":0,"22":0,"23":0,"24":0,"25":0,"26":0,"27":0,"28":0,"29":1},"b":{"1":[1,1],"2":[1,1],"3":[0,0],"4":[0,0],"5":[0,0]},"f":{"1":2,"2":1,"3":0,"4":0,"5":0,"6":0,"7":0,"8":0},"fnMap":{"1":{"name":"(anonymous_1)","line":9,"loc":{"start":{"line":9,"column":25},"end":{"line":9,"column":36}}},"2":{"name":"(anonymous_2)","line":14,"loc":{"start":{"line":14,"column":11},"end":{"line":14,"column":29}}},"3":{"name":"(anonymous_3)","line":21,"loc":{"start":{"line":21,"column":34},"end":{"line":21,"column":46}}},"4":{"name":"(anonymous_4)","line":22,"loc":{"start":{"line":22,"column":24},"end":{"line":22,"column":42}}},"5":{"name":"(anonymous_5)","line":25,"loc":{"start":{"line":25,"column":27},"end":{"line":25,"column":40}}},"6":{"name":"(anonymous_6)","line":39,"loc":{"start":{"line":39,"column":9},"end":{"line":39,"column":33}}},"7":{"name":"(anonymous_7)","line":42,"loc":{"start":{"line":42,"column":33},"end":{"line":42,"column":51}}},"8":{"name":"(anonymous_8)","line":58,"loc":{"start":{"line":58,"column":14},"end":{"line":58,"column":35}}}},"statementMap":{"1":{"start":{"line":1,"column":0},"end":{"line":3,"column":29}},"2":{"start":{"line":5,"column":0},"end":{"line":5,"column":34}},"3":{"start":{"line":6,"column":0},"end":{"line":6,"column":37}},"4":{"start":{"line":9,"column":0},"end":{"line":12,"column":2}},"5":{"start":{"line":10,"column":4},"end":{"line":10,"column":96}},"6":{"start":{"line":11,"column":4},"end":{"line":11,"column":18}},"7":{"start":{"line":14,"column":0},"end":{"line":31,"column":2}},"8":{"start":{"line":15,"column":4},"end":{"line":15,"column":35}},"9":{"start":{"line":16,"column":4},"end":{"line":16,"column":33}},"10":{"start":{"line":18,"column":4},"end":{"line":18,"column":55}},"11":{"start":{"line":21,"column":4},"end":{"line":30,"column":7}},"12":{"start":{"line":22,"column":8},"end":{"line":29,"column":11}},"13":{"start":{"line":23,"column":12},"end":{"line":23,"column":28}},"14":{"start":{"line":23,"column":21},"end":{"line":23,"column":28}},"15":{"start":{"line":24,"column":12},"end":{"line":28,"column":19}},"16":{"start":{"line":25,"column":16},"end":{"line":28,"column":19}},"17":{"start":{"line":26,"column":20},"end":{"line":26,"column":39}},"18":{"start":{"line":26,"column":29},"end":{"line":26,"column":39}},"19":{"start":{"line":27,"column":24},"end":{"line":27,"column":73}},"20":{"start":{"line":33,"column":0},"end":{"line":64,"column":2}},"21":{"start":{"line":40,"column":8},"end":{"line":40,"column":24}},"22":{"start":{"line":42,"column":8},"end":{"line":50,"column":11}},"23":{"start":{"line":43,"column":12},"end":{"line":49,"column":13}},"24":{"start":{"line":44,"column":16},"end":{"line":44,"column":58}},"25":{"start":{"line":47,"column":16},"end":{"line":47,"column":61}},"26":{"start":{"line":48,"column":16},"end":{"line":48,"column":26}},"27":{"start":{"line":59,"column":8},"end":{"line":59,"column":59}},"28":{"start":{"line":60,"column":8},"end":{"line":62,"column":20}},"29":{"start":{"line":66,"column":0},"end":{"line":66,"column":22}}},"branchMap":{"1":{"line":16,"type":"binary-expr","locations":[{"start":{"line":16,"column":19},"end":{"line":16,"column":26}},{"start":{"line":16,"column":30},"end":{"line":16,"column":32}}]},"2":{"line":18,"type":"binary-expr","locations":[{"start":{"line":18,"column":28},"end":{"line":18,"column":49}},{"start":{"line":18,"column":53},"end":{"line":18,"column":54}}]},"3":{"line":23,"type":"if","locations":[{"start":{"line":23,"column":12},"end":{"line":23,"column":12}},{"start":{"line":23,"column":12},"end":{"line":23,"column":12}}]},"4":{"line":24,"type":"if","locations":[{"start":{"line":24,"column":12},"end":{"line":24,"column":12}},{"start":{"line":24,"column":12},"end":{"line":24,"column":12}}]},"5":{"line":26,"type":"if","locations":[{"start":{"line":26,"column":20},"end":{"line":26,"column":20}},{"start":{"line":26,"column":20},"end":{"line":26,"column":20}}]}}}}